============================================================
  Generated by:           Genus(TM) Synthesis Solution 21.18-s082_1
  Generated on:           Oct 27 2025  04:13:42 pm
  Module:                 FFT
  Operating conditions:   PVT_0P9V_125C 
  Interconnect mode:      global
  Area mode:              physical library
============================================================

                                  
   Gate     Instances     Area        Library    
-------------------------------------------------
ACHCONX2           14     177.156    slow_vdd1v0 
ADDFHX1            49     368.676    slow_vdd1v0 
ADDFHX2           230    1887.840    slow_vdd1v0 
ADDFHX4            35     335.160    slow_vdd1v0 
ADDFHXL             1       7.524    slow_vdd1v0 
ADDFX1            936    4801.680    slow_vdd1v0 
ADDFX2             40     314.640    slow_vdd1v0 
ADDFX4             75     718.200    slow_vdd1v0 
ADDHX1            256     963.072    slow_vdd1v0 
ADDHX2             38     194.940    slow_vdd1v0 
ADDHX4             15     107.730    slow_vdd1v0 
AND2X1            426     582.768    slow_vdd1v0 
AND2X2            137     234.270    slow_vdd1v0 
AND2X4             81     221.616    slow_vdd1v0 
AND2X6            180     677.160    slow_vdd1v0 
AND2X8              8      35.568    slow_vdd1v0 
AND3X1              3       7.182    slow_vdd1v0 
AND3X2             21      57.456    slow_vdd1v0 
AND3X6              5      22.230    slow_vdd1v0 
AND3XL              4       8.208    slow_vdd1v0 
AND4X1             32      76.608    slow_vdd1v0 
AND4X6              1       5.814    slow_vdd1v0 
AO21X1            108     258.552    slow_vdd1v0 
AO21X2             25      68.400    slow_vdd1v0 
AO21X4             37     126.540    slow_vdd1v0 
AO22X1            336     919.296    slow_vdd1v0 
AO22X2             69     212.382    slow_vdd1v0 
AO22X4             48     180.576    slow_vdd1v0 
AOI211X2            6      20.520    slow_vdd1v0 
AOI211X4           15      97.470    slow_vdd1v0 
AOI21X1            48      82.080    slow_vdd1v0 
AOI21X2           103     281.808    slow_vdd1v0 
AOI21X4           346    1774.980    slow_vdd1v0 
AOI221X1            1       2.394    slow_vdd1v0 
AOI221X2           27     120.042    slow_vdd1v0 
AOI221X4           12      94.392    slow_vdd1v0 
AOI222X4            4      38.304    slow_vdd1v0 
AOI22X2           591    2223.342    slow_vdd1v0 
AOI22X4           181    1114.236    slow_vdd1v0 
AOI2BB1X1          93     190.836    slow_vdd1v0 
AOI2BB1X2         155     477.090    slow_vdd1v0 
AOI2BB1X4         504    2068.416    slow_vdd1v0 
AOI2BB2X2          62     318.060    slow_vdd1v0 
AOI2BB2X4         115     865.260    slow_vdd1v0 
AOI31X2             2       6.840    slow_vdd1v0 
AOI31X4             4      25.992    slow_vdd1v0 
AOI32X4             2      15.732    slow_vdd1v0 
BMXIX2             97     729.828    slow_vdd1v0 
BUFX12             63     323.190    slow_vdd1v0 
BUFX16             31     212.040    slow_vdd1v0 
BUFX2             184     314.640    slow_vdd1v0 
BUFX20             20     164.160    slow_vdd1v0 
BUFX3             120     246.240    slow_vdd1v0 
BUFX4               3       7.182    slow_vdd1v0 
BUFX6             149     458.622    slow_vdd1v0 
BUFX8               7      26.334    slow_vdd1v0 
CLKAND2X12        258    1941.192    slow_vdd1v0 
CLKAND2X2         184     377.568    slow_vdd1v0 
CLKAND2X3         182     560.196    slow_vdd1v0 
CLKAND2X4          17      58.140    slow_vdd1v0 
CLKAND2X6         707    3385.116    slow_vdd1v0 
CLKAND2X8           8      46.512    slow_vdd1v0 
CLKBUFX12          22     112.860    slow_vdd1v0 
CLKBUFX16          27     184.680    slow_vdd1v0 
CLKBUFX2            7      11.970    slow_vdd1v0 
CLKBUFX20          19     155.952    slow_vdd1v0 
CLKBUFX3            1       2.052    slow_vdd1v0 
CLKBUFX4            4       9.576    slow_vdd1v0 
CLKBUFX6           20      61.560    slow_vdd1v0 
CLKINVX12         227     931.608    slow_vdd1v0 
CLKINVX16          84     459.648    slow_vdd1v0 
CLKINVX20          19     123.462    slow_vdd1v0 
CLKINVX4          492     841.320    slow_vdd1v0 
CLKINVX6          563    1347.822    slow_vdd1v0 
CLKINVX8          267     821.826    slow_vdd1v0 
CLKMX2X2          150     461.700    slow_vdd1v0 
CLKMX2X3          512    2101.248    slow_vdd1v0 
CLKMX2X4           20      82.080    slow_vdd1v0 
CLKXOR2X1         438    1198.368    slow_vdd1v0 
CLKXOR2X2         193     660.060    slow_vdd1v0 
CLKXOR2X4           4      17.784    slow_vdd1v0 
DFFRHQX1           83     510.948    slow_vdd1v0 
DFFRHQX4            5      47.880    slow_vdd1v0 
DFFRHQX8            6      67.716    slow_vdd1v0 
DFFRX1             32     218.880    slow_vdd1v0 
DFFRX2              6      45.144    slow_vdd1v0 
DFFRX4              2      19.152    slow_vdd1v0 
INVX1             784     536.256    slow_vdd1v0 
INVX12              6      24.624    slow_vdd1v0 
INVX16             13      71.136    slow_vdd1v0 
INVX2             653     669.978    slow_vdd1v0 
INVX20              5      32.490    slow_vdd1v0 
INVX3             655     896.040    slow_vdd1v0 
INVX4              23      39.330    slow_vdd1v0 
INVX6              25      59.850    slow_vdd1v0 
INVX8              14      43.092    slow_vdd1v0 
INVXL               9       6.156    slow_vdd1v0 
MX2X1             364     871.416    slow_vdd1v0 
MX2XL               1       2.394    slow_vdd1v0 
MXI2X1              2       5.472    slow_vdd1v0 
MXI2X2            165     733.590    slow_vdd1v0 
MXI2X4            174     892.620    slow_vdd1v0 
MXI2X6             21     107.730    slow_vdd1v0 
MXI2X8              9      55.404    slow_vdd1v0 
NAND2BX1           50      68.400    slow_vdd1v0 
NAND2BX2          153     366.282    slow_vdd1v0 
NAND2BX4          145     545.490    slow_vdd1v0 
NAND2X1           103     105.678    slow_vdd1v0 
NAND2X2           368     629.280    slow_vdd1v0 
NAND2X4           496    1696.320    slow_vdd1v0 
NAND2X6           341    1632.708    slow_vdd1v0 
NAND2X8           282    1543.104    slow_vdd1v0 
NAND3BX2            1       3.078    slow_vdd1v0 
NAND3BX4            2      10.260    slow_vdd1v0 
NAND3X4             7      33.516    slow_vdd1v0 
NAND3X6             4      28.728    slow_vdd1v0 
NAND3X8             6      49.248    slow_vdd1v0 
NOR2BX1           158     216.144    slow_vdd1v0 
NOR2BX2           261     714.096    slow_vdd1v0 
NOR2BX4           243     914.166    slow_vdd1v0 
NOR2X1            320     328.320    slow_vdd1v0 
NOR2X2            652    1114.920    slow_vdd1v0 
NOR2X4           1508    4641.624    slow_vdd1v0 
NOR2X6           1494    6131.376    slow_vdd1v0 
NOR2X8            916    5012.352    slow_vdd1v0 
NOR2XL              2       2.052    slow_vdd1v0 
NOR3BX2            15      51.300    slow_vdd1v0 
NOR3BX4            31     180.234    slow_vdd1v0 
NOR3X2             15      41.040    slow_vdd1v0 
NOR3X4             84     430.920    slow_vdd1v0 
NOR3X6             53     380.646    slow_vdd1v0 
NOR3X8             45     400.140    slow_vdd1v0 
NOR4BBX4            1       7.866    slow_vdd1v0 
NOR4BX4             1       7.524    slow_vdd1v0 
NOR4X4              3      19.494    slow_vdd1v0 
NOR4X6              2      16.416    slow_vdd1v0 
OA21X1             68     139.536    slow_vdd1v0 
OA21X2             15      46.170    slow_vdd1v0 
OA21X4             29     109.098    slow_vdd1v0 
OA22X1             42     100.548    slow_vdd1v0 
OA22X2             12      41.040    slow_vdd1v0 
OA22X4             33     135.432    slow_vdd1v0 
OAI211X2            1       4.104    slow_vdd1v0 
OAI211X4            4      25.992    slow_vdd1v0 
OAI21X1            81     138.510    slow_vdd1v0 
OAI21X2           194     597.132    slow_vdd1v0 
OAI21X4           413    1977.444    slow_vdd1v0 
OAI221X4            3      23.598    slow_vdd1v0 
OAI22X2            87     297.540    slow_vdd1v0 
OAI22X4           101     656.298    slow_vdd1v0 
OAI2BB1X1         104     177.840    slow_vdd1v0 
OAI2BB1X2          63     193.914    slow_vdd1v0 
OAI2BB1X4         131     582.426    slow_vdd1v0 
OAI2BB2X2          69     377.568    slow_vdd1v0 
OAI2BB2X4          61     521.550    slow_vdd1v0 
OAI31X2             4      15.048    slow_vdd1v0 
OAI31X4             6      41.040    slow_vdd1v0 
OAI32X2             1       4.446    slow_vdd1v0 
OAI32X4             2      16.416    slow_vdd1v0 
OR2X1             332     454.176    slow_vdd1v0 
OR2X2              37      63.270    slow_vdd1v0 
OR2X4              69     188.784    slow_vdd1v0 
OR2X6             124     466.488    slow_vdd1v0 
OR2X8               6      26.676    slow_vdd1v0 
OR3X1               8      16.416    slow_vdd1v0 
OR3X2               2       4.788    slow_vdd1v0 
OR3X4               2       6.156    slow_vdd1v0 
OR3X6               7      33.516    slow_vdd1v0 
OR4X1              32      65.664    slow_vdd1v0 
OR4X2               1       3.420    slow_vdd1v0 
SDFFRHQX1        2019   16571.952    slow_vdd1v0 
SDFFRHQX2          69     684.342    slow_vdd1v0 
SDFFRHQX4          84    1034.208    slow_vdd1v0 
SDFFRHQX8          52     693.576    slow_vdd1v0 
XNOR2X1           818    1958.292    slow_vdd1v0 
XNOR2X2           216     664.848    slow_vdd1v0 
XNOR2X4           111     417.582    slow_vdd1v0 
XNOR3X1           248    1865.952    slow_vdd1v0 
XNOR3XL             5      37.620    slow_vdd1v0 
XOR2X1             21      57.456    slow_vdd1v0 
XOR2X2             50     171.000    slow_vdd1v0 
XOR2X4             76     311.904    slow_vdd1v0 
XOR3X1            109     820.116    slow_vdd1v0 
XOR3XL              2      15.048    slow_vdd1v0 
-------------------------------------------------
total           27423  107961.534                


                                           
     Type      Instances    Area    Area % 
-------------------------------------------
sequential          2358  19893.798   18.4 
inverter            3839   6904.638    6.4 
buffer               677   2291.058    2.1 
logic              20549  78872.040   73.1 
physical_cells         0      0.000    0.0 
-------------------------------------------
total              27423 107961.534  100.0 

