============================================================
  Generated by:           Genus(TM) Synthesis Solution 21.18-s082_1
  Generated on:           Oct 27 2025  03:10:08 pm
  Module:                 FFT
  Technology libraries:   slow_vdd1v0 1.0
                          physical_cells 
  Operating conditions:   PVT_0P9V_125C 
  Interconnect mode:      global
  Area mode:              physical library
============================================================

-------------------------------------------------------------------------------
Sequential clock pins without clock waveform

The following sequential clock pins have no clock waveform driving them.  No    
timing constraints will be derived for paths leading to or from these pins.     
(Pin | Source | Reason)                                                         

{pin:FFT/rom4/state_reg[0]/ena} {pin:FFT/rom4/count_reg[4]/q} {Disabled timing*}
{pin:FFT/rom4/state_reg[1]/ena} {pin:FFT/rom4/count_reg[4]/q} {Disabled timing*}
{pin:FFT/rom8/state_reg[0]/ena} {pin:FFT/rom8/count_reg[4]/q} {Disabled timing*}
  ... 1 other warning in this category.
 Use the -verbose option for more details.
-------------------------------------------------------------------------------

-------------------------------------------------------------------------------
Inputs without clocked external delays

The following primary inputs have no clocked external delays.  As a result the  
timing paths leading from the ports have no timing constraints derived from     
clock waveforms.  The'external_delay' command is used to create new external    
delays.                                                                         

port:FFT/din_i[0]
port:FFT/din_i[10]
port:FFT/din_i[11]
  ... 23 other warnings in this category.
 Use the -verbose option for more details.
-------------------------------------------------------------------------------

-------------------------------------------------------------------------------
Outputs without clocked external delays

The following primary outputs have no clocked external delays.  As a result the 
timing paths leading to the ports have no timing constraints derived from clock 
waveforms.  The'external_delay' command is used to create new external delays.  

port:FFT/dout_i[0]
port:FFT/dout_i[10]
port:FFT/dout_i[11]
  ... 30 other warnings in this category.
 Use the -verbose option for more details.
-------------------------------------------------------------------------------

-------------------------------------------------------------------------------
Inputs without external driver/transition

The following primary inputs have no external driver or input transition set.   
As a result the transition on the ports will be assumed as zero. The            
'external_driver' attribute is used to add and external driver or the           
'fixed_slew' attribute to add an external transition.                           

port:FFT/din_i[0]
port:FFT/din_i[10]
port:FFT/din_i[11]
  ... 23 other warnings in this category.
 Use the -verbose option for more details.
-------------------------------------------------------------------------------

-------------------------------------------------------------------------------
Outputs without external load

The following primary outputs have no external load set. As a result the load   
on the ports will be assumed as zero. The 'external_pin_cap' attribute is used  
to add and external pin cap.                                                    

port:FFT/dout_i[0]
port:FFT/dout_i[10]
port:FFT/dout_i[11]
  ... 30 other warnings in this category.
 Use the -verbose option for more details.
-------------------------------------------------------------------------------


Lint summary
 Unconnected/logic driven clocks                                  0
 Sequential data pins driven by a clock signal                    0
 Sequential clock pins without clock waveform                     4
 Sequential clock pins with multiple clock waveforms              0
 Generated clocks without clock waveform                          0
 Generated clocks with incompatible options                       0
 Generated clocks with multi-master clock                         0
 Paths constrained with different clocks                          0
 Loop-breaking cells for combinational feedback                   0
 Nets with multiple drivers                                       0
 Timing exceptions with no effect                                 0
 Suspicious multi_cycle exceptions                                0
 Pins/ports with conflicting case constants                       0
 Inputs without clocked external delays                          26
 Outputs without clocked external delays                         33
 Inputs without external driver/transition                       26
 Outputs without external load                                   33
 Exceptions with invalid timing start-/endpoints                  0

                                                  Total:        122
