============================================================
  Generated by:           Genus(TM) Synthesis Solution 21.18-s082_1
  Generated on:           Oct 27 2025  04:13:42 pm
  Module:                 FFT
  Operating conditions:   PVT_0P9V_125C 
  Interconnect mode:      global
  Area mode:              physical library
============================================================

Timing
--------

Clock Period 
-------------
clk   8000.0 


  Cost    Critical         Violating 
 Group   Path Slack  TNS     Paths   
-------------------------------------
clk             0.0   0.0          0 
default    No paths   0.0            
-------------------------------------
Total                 0.0          0 

Instance Count
--------------
Leaf Instance Count             27423 
Physical Instance count             0 
Sequential Instance Count        2358 
Combinational Instance Count    25065 
Hierarchical Instance Count         0 

Area
----
Cell Area                          107961.534
Physical Cell Area                 0.000
Total Cell Area (Cell+Physical)    107961.534
Net Area                           33607.027
Total Area (Cell+Physical+Net)     141568.561

Max Fanout                         2358 (clk)
Min Fanout                         0 (shift_16_valid)
Average Fanout                     2.3
Terms to net ratio                 3.3508
Terms to instance ratio            3.5212
Runtime                            3815.659694000001 seconds
Elapsed Runtime                    3843 seconds
Genus peak memory usage            2657.35 
Innovus peak memory usage          no_value 
Hostname                           vlsicad
