============================================================
  Generated by:           Genus(TM) Synthesis Solution 21.18-s082_1
  Generated on:           Oct 27 2025  04:13:39 pm
  Module:                 FFT
  Operating conditions:   PVT_0P9V_125C 
  Interconnect mode:      global
  Area mode:              physical library
============================================================


Path 1: MET (0 ps) Setup Check with Pin shift_2_shift_reg_i_reg[23]/CK->D
          Group: clk
     Startpoint: (R) rom8_s_count_reg[3]/CK
          Clock: (R) clk
       Endpoint: (R) shift_2_shift_reg_i_reg[23]/D
          Clock: (R) clk

                     Capture       Launch     
        Clock Edge:+    8000            0     
       Src Latency:+       0            0     
       Net Latency:+       0 (I)        0 (I) 
           Arrival:=    8000            0     
                                              
             Setup:-     146                  
       Uncertainty:-      10                  
     Required Time:=    7844                  
      Launch Clock:-       0                  
         Data Path:-    7844                  
             Slack:=       0                  

#----------------------------------------------------------------------------------------------------------------
#             Timing Point              Flags    Arc   Edge    Cell     Fanout Load Trans Delay Arrival Instance 
#                                                                              (fF)  (ps)  (ps)   (ps)  Location 
#----------------------------------------------------------------------------------------------------------------
  rom8_s_count_reg[3]/CK                -       -      R     (arrival)    2358    -   100     0       0    (-,-) 
  rom8_s_count_reg[3]/Q                 -       CK->Q  R     DFFRHQX4        4 13.2    95   347     347    (-,-) 
  g51837/Y                              -       A->Y   R     CLKBUFX16       4 19.0    51   131     478    (-,-) 
  g53568__2883/Y                        -       B->Y   F     NAND2X8         2 10.0   111    93     571    (-,-) 
  g53504__4733/Y                        -       B->Y   R     NOR2X8          1  7.1    76    89     660    (-,-) 
  g109206/Y                             -       A->Y   F     NOR2X8          2  8.4    58    71     731    (-,-) 
  g53480__3680/Y                        -       A->Y   F     CLKAND2X12      5 20.1    70   132     863    (-,-) 
  g51079/Y                              -       A->Y   F     BUFX16          8 29.3    73   122     985    (-,-) 
  WALLACE_CSA_DUMMY_OP9_groupi_g63256/Y -       B->Y   F     CLKAND2X6       1  6.1    47   113    1098    (-,-) 
  WALLACE_CSA_DUMMY_OP9_groupi_g63208/Y -       B->Y   R     NOR2X6          2  6.4    73    66    1164    (-,-) 
  WALLACE_CSA_DUMMY_OP9_groupi_g62965/Y -       S0->Y  F     MXI2X4          2  9.3    79   241    1406    (-,-) 
  WALLACE_CSA_DUMMY_OP9_groupi_g62919/Y -       A->Y   R     CLKINVX6        1  6.3    42    55    1461    (-,-) 
  WALLACE_CSA_DUMMY_OP9_groupi_g62548/Y -       B->Y   F     NOR2X6          1  6.8    57    49    1510    (-,-) 
  WALLACE_CSA_DUMMY_OP9_groupi_g62475/Y -       B->Y   R     NOR2X8          3 12.3    95    82    1592    (-,-) 
  WALLACE_CSA_DUMMY_OP9_groupi_g62416/Y -       A->Y   R     BUFX6           2 11.0    54   124    1716    (-,-) 
  WALLACE_CSA_DUMMY_OP9_groupi_g62415/Y -       A->Y   F     CLKINVX12       4 14.4    53    54    1770    (-,-) 
  WALLACE_CSA_DUMMY_OP9_groupi_g62413/Y -       A->Y   F     CLKBUFX20      15 47.8    90   123    1893    (-,-) 
  WALLACE_CSA_DUMMY_OP9_groupi_g62411/Y -       A->Y   R     CLKINVX8        5 15.4    63    69    1962    (-,-) 
  g109450/Y                             -       B->Y   F     NOR2X8          1  6.8    55    54    2016    (-,-) 
  g109448/Y                             -       B->Y   R     NOR2X8          3 11.4    90    79    2095    (-,-) 
  g109447/Y                             -       A->Y   F     CLKINVX4        1  4.2    50    70    2165    (-,-) 
  g115733/Y                             -       A1N->Y F     AOI2BB1X4       1  5.3    73   171    2336    (-,-) 
  g115732/Y                             -       B0->Y  R     OAI21X4         1  7.1   125    66    2401    (-,-) 
  g109437/Y                             -       B->Y   F     NAND2X8         3 10.3   123   127    2528    (-,-) 
  WALLACE_CSA_DUMMY_OP9_groupi_g59631/Y -       C->Y   F     XNOR3X1         1  4.3   158   240    2768    (-,-) 
  WALLACE_CSA_DUMMY_OP9_groupi_g59515/Y -       S0->Y  F     MXI2X4          2  7.4    67   288    3057    (-,-) 
  WALLACE_CSA_DUMMY_OP9_groupi_g59173/Y -       A0->Y  R     OAI21X4         2  9.0   134   127    3184    (-,-) 
  WALLACE_CSA_DUMMY_OP9_groupi_g58970/Y -       B->Y   R     XOR3X1          2  6.7   160   372    3556    (-,-) 
  WALLACE_CSA_DUMMY_OP9_groupi_g58888/Y -       A->Y   R     BUFX6           2  7.5    44   149    3706    (-,-) 
  WALLACE_CSA_DUMMY_OP9_groupi_g63918/Y -       AN->Y  R     NOR2BX2         1  5.5   155   180    3886    (-,-) 
  g114178/Y                             -       B0->Y  F     AOI2BB1X4       2  8.0    91   125    4011    (-,-) 
  WALLACE_CSA_DUMMY_OP9_groupi_g58689/Y -       A->Y   F     CLKAND2X12      4 16.7    63   144    4156    (-,-) 
  WALLACE_CSA_DUMMY_OP9_groupi_g58664/Y -       B->Y   R     NOR2X6          2  7.7    84    78    4234    (-,-) 
  WALLACE_CSA_DUMMY_OP9_groupi_g58631/Y -       A1N->Y R     OAI2BB1X4       1  5.5    69   202    4435    (-,-) 
  WALLACE_CSA_DUMMY_OP9_groupi_g58588/Y -       B0->Y  F     AOI21X4         1  4.3   109    62    4497    (-,-) 
  WALLACE_CSA_DUMMY_OP9_groupi_g58563/Y -       S0->Y  F     MXI2X4          3  9.6    81   277    4774    (-,-) 
  radix_no3_add_47_15_spec2_g1832/Y     -       B->Y   R     NOR2X4          3  9.8   135   116    4890    (-,-) 
  g115773/Y                             -       A1N->Y R     AOI2BB1X4       1  7.1   105   188    5078    (-,-) 
  g115772/Y                             -       A->Y   F     NAND2X8         3 11.2   128   134    5212    (-,-) 
  g109262/Y                             -       A->Y   F     BUFX6           3 11.3    68   140    5352    (-,-) 
  g109251/Y                             -       B1->Y  R     AOI221X4        1  4.3   141   146    5498    (-,-) 
  g109245/Y                             -       B->Y   F     XNOR2X1         1  5.4   152   245    5743    (-,-) 
  g57787__1617/Y                        -       A1->Y  R     AOI21X4         2  9.1   141   161    5904    (-,-) 
  g110772/Y                             -       B->Y   F     NAND2X8         2  8.7   114   127    6031    (-,-) 
  g481/Y                                -       A->Y   R     CLKINVX4        4 13.3    91    98    6130    (-,-) 
  g475/Y                                -       B->Y   R     CLKAND2X6       3  8.6    50   129    6259    (-,-) 
  g115043/Y                             -       A0N->Y R     AOI2BB1X2       1  6.3   171   190    6449    (-,-) 
  g469/Y                                -       A->Y   F     NAND2X6         1  6.1   104   153    6602    (-,-) 
  radix_no4_sub_50_16_g959/Y            -       B->Y   R     NOR2X6          1  7.1    85    93    6696    (-,-) 
  radix_no4_sub_50_16_g920/Y            -       B->Y   F     NOR3X8          2  8.8    86    79    6774    (-,-) 
  radix_no4_sub_50_16_g918/Y            -       B->Y   R     NOR2X8          1  7.1    72    78    6853    (-,-) 
  radix_no4_sub_50_16_g914/Y            -       B->Y   F     NOR2X8          3 10.3    71    65    6918    (-,-) 
  g110426/Y                             -       B->Y   R     NOR2X6          1  6.3    79    76    6994    (-,-) 
  g110424/Y                             -       B->Y   F     NOR2X6          3 10.1    76    75    7069    (-,-) 
  g110432/Y                             -       B->Y   R     NOR2X4          2  8.1   117   104    7172    (-,-) 
  g110042/Y                             -       A1->Y  F     OAI21X4         1  5.0   130   138    7310    (-,-) 
  g110040/Y                             -       B->Y   F     CLKAND2X6       2  7.5    53   144    7454    (-,-) 
  g115303/Y                             -       B0->Y  R     AOI2BB1X4       1  5.5    89    91    7545    (-,-) 
  g115302/Y                             -       B->Y   F     NOR2BX4         2  7.1    79    81    7626    (-,-) 
  g113692/Y                             -       B->Y   F     AND2X6          1  5.4    43   110    7736    (-,-) 
  g112124/Y                             -       A2->Y  R     OAI31X4         1  4.2   135   108    7844    (-,-) 
  shift_2_shift_reg_i_reg[23]/D         <<<     -      R     DFFRHQX1        1    -     -     0    7844    (-,-) 
#----------------------------------------------------------------------------------------------------------------

