###############################################################
#  Generated by:      Cadence Innovus 22.10-p001_1
#  OS:                Linux x86_64(Host ID vlsicad)
#  Generated on:      Wed Oct  8 17:05:16 2025
#  Design:            FFT
#  Command:           report_ccopt_skew_groups -file ./reports/clock_opt/ccopt_skew_groups.rpt
###############################################################

Skew Group Structure:
=====================

------------------------------------------------------------------------------
Skew Group                 Sources    Constrained Sinks    Unconstrained Sinks
------------------------------------------------------------------------------
clk/functional_fft_fast       1             2358                    0
clk/functional_fft_slow       1             2358                    0
------------------------------------------------------------------------------

Skew Group Summary:
===================

-------------------------------------------------------------------------------------------------------------------------------------------------------------------------------------------
Timing Corner                        Skew Group                 ID Target    Min ID    Max ID    Avg ID    Std.Dev. ID    Skew Target Type    Skew Target    Skew     Skew window occupancy
-------------------------------------------------------------------------------------------------------------------------------------------------------------------------------------------
delay_corner_fft_slow:setup.early    clk/functional_fft_fast        -        1.773     1.879     1.812        0.022       explicit             0.500         0.106    100% {1.773, 1.879}
                                     clk/functional_fft_slow        -        1.773     1.879     1.812        0.022       explicit             0.500         0.106    100% {1.773, 1.879}
delay_corner_fft_slow:setup.late     clk/functional_fft_fast    *2.000       1.774     1.880     1.814        0.022       explicit             0.250         0.106    100% {1.774, 1.880}
                                     clk/functional_fft_slow    *2.000       1.774     1.880     1.814        0.022       explicit             0.250         0.106    100% {1.774, 1.880}
delay_corner_fft_fast:hold.early     clk/functional_fft_fast        -        0.459     0.514     0.487        0.011       explicit             0.500         0.054    100% {0.459, 0.514}
                                     clk/functional_fft_slow        -        0.459     0.514     0.487        0.011       explicit             0.500         0.054    100% {0.459, 0.514}
delay_corner_fft_fast:hold.late      clk/functional_fft_fast        -        0.461     0.516     0.489        0.011       explicit             0.500         0.055    100% {0.461, 0.516}
                                     clk/functional_fft_slow        -        0.461     0.516     0.489        0.011       explicit             0.500         0.055    100% {0.461, 0.516}
-------------------------------------------------------------------------------------------------------------------------------------------------------------------------------------------

* - indicates that target was not met.

Skew Group Min/Max path pins:
=============================

----------------------------------------------------------------------------------------------------
Timing Corner                        Skew Group                 Min ID    PathID    Max ID    PathID
----------------------------------------------------------------------------------------------------
delay_corner_fft_slow:setup.early    clk/functional_fft_fast    1.773        1      1.879        2
-    min result_i_reg[29][3]/CK
-    max rom8_count_reg[4]/CK
                                     clk/functional_fft_slow    1.773        9      1.879       10
-    min result_i_reg[29][3]/CK
-    max rom8_count_reg[4]/CK
delay_corner_fft_slow:setup.late     clk/functional_fft_fast    1.774        3      1.880        4
-    min result_i_reg[29][3]/CK
-    max rom8_count_reg[3]/CK
                                     clk/functional_fft_slow    1.774       11      1.880       12
-    min result_i_reg[29][3]/CK
-    max rom8_count_reg[3]/CK
delay_corner_fft_fast:hold.early     clk/functional_fft_fast    0.459        5      0.514        6
-    min shift_8_shift_reg_r_reg[84]/CK
-    max shift_4_shift_reg_i_reg[55]/CK
                                     clk/functional_fft_slow    0.459       13      0.514       14
-    min shift_8_shift_reg_r_reg[84]/CK
-    max shift_4_shift_reg_i_reg[55]/CK
delay_corner_fft_fast:hold.late      clk/functional_fft_fast    0.461        7      0.516        8
-    min shift_8_shift_reg_r_reg[84]/CK
-    max shift_4_shift_reg_i_reg[55]/CK
                                     clk/functional_fft_slow    0.461       15      0.516       16
-    min shift_8_shift_reg_r_reg[84]/CK
-    max shift_4_shift_reg_i_reg[55]/CK
----------------------------------------------------------------------------------------------------

Timing for timing corner delay_corner_fft_slow:setup.early, min clock_path:
===========================================================================

PathID    : 1
Path type : skew group clk/functional_fft_fast (path 1 of 1)
Start     : clk
End       : result_i_reg[29][3]/CK
Delay     : 1.773

-------------------------------------------------------------------------------------------------
Name  Lib cell   Event  Incr   Arrival  Slew   Cap    Location           Distance  Fanout  Status
                        (ns)   (ns)     (ns)   (pF)                      (um)              
-- Clockpath trace ------------------------------------------------------------------------------
clk
-     -          rise   -       0.000   0.004  0.121  (211.900,421.610)  -           10    
CTS_cdb_buf_00186/A
-     BUFX2      rise   0.047   0.047   0.111  -      (326.900,294.595)  242.015   -       
CTS_cdb_buf_00186/Y
-     BUFX2      rise   0.185   0.232   0.127  0.011  (326.535,295.060)    0.830      1    
CTS_cdb_buf_00187/A
-     BUFX2      rise   0.002   0.234   0.127  -      (275.300,267.235)   79.060   -       
CTS_cdb_buf_00187/Y
-     BUFX2      rise   0.221   0.455   0.174  0.015  (274.935,267.700)    0.830      1    
CTS_cdb_buf_00188/A
-     BUFX2      rise   0.003   0.458   0.175  -      (357.700,298.015)  113.080   -       
CTS_cdb_buf_00188/Y
-     BUFX2      rise   0.226   0.684   0.141  0.012  (357.335,298.480)    0.830      1    
CTS_cdb_buf_00189/A
-     BUFX2      rise   0.002   0.686   0.141  -      (301.700,263.815)   90.300   -       
CTS_cdb_buf_00189/Y
-     BUFX2      rise   0.207   0.893   0.139  0.012  (301.335,264.280)    0.830      1    
CTS_cdb_buf_00190/A
-     BUFX2      rise   0.002   0.895   0.139  -      (363.300,291.175)   88.860   -       
CTS_cdb_buf_00190/Y
-     BUFX2      rise   0.230   1.125   0.178  0.016  (362.935,291.640)    0.830      1    
CTS_cdb_buf_00191/A
-     BUFX2      rise   0.003   1.129   0.178  -      (300.300,236.455)  117.820   -       
CTS_cdb_buf_00191/Y
-     BUFX2      rise   0.199   1.327   0.090  0.007  (299.935,236.920)    0.830      1    
CTS_ccl_a_buf_00127/A
-     CLKBUFX3   rise   0.001   1.328   0.090  -      (327.300,260.395)   50.840   -       
CTS_ccl_a_buf_00127/Y
-     CLKBUFX3   rise   0.200   1.528   0.192  0.026  (327.085,260.980)    0.800     15    
CTS_ccl_a_buf_00100/A
-     BUFX2      rise   0.001   1.529   0.192  -      (331.300,274.075)   17.310   -       
CTS_ccl_a_buf_00100/Y
-     BUFX2      rise   0.243   1.773   0.157  0.014  (330.935,274.540)    0.830     20    
result_i_reg[29][3]/CK
-     SDFFRHQX1  rise   0.000   1.773   0.157  -      (333.300,274.075)    2.830   -       
-------------------------------------------------------------------------------------------------

Timing for timing corner delay_corner_fft_slow:setup.early, max clock_path:
===========================================================================

PathID    : 2
Path type : skew group clk/functional_fft_fast (path 1 of 1)
Start     : clk
End       : shift_16_shift_reg_r_reg[34]/CK
Delay     : 1.879

-------------------------------------------------------------------------------------------------
Name  Lib cell   Event  Incr   Arrival  Slew   Cap    Location           Distance  Fanout  Status
                        (ns)   (ns)     (ns)   (pF)                      (um)              
-- Clockpath trace ------------------------------------------------------------------------------
clk
-     -          rise   -       0.000   0.004  0.121  (211.900,421.610)  -           10    
CTS_cdb_buf_00158/A
-     BUFX2      rise   0.021   0.021   0.091  -      (182.500,304.855)  146.155   -       
CTS_cdb_buf_00158/Y
-     BUFX2      rise   0.170   0.191   0.118  0.010  (182.135,305.320)    0.830      1    
CTS_cdb_buf_00159/A
-     BUFX2      rise   0.001   0.193   0.118  -      (256.900,304.855)   75.230   -       
CTS_cdb_buf_00159/Y
-     BUFX2      rise   0.222   0.415   0.190  0.017  (256.535,305.320)    0.830      1    
CTS_cdb_buf_00160/A
-     BUFX2      rise   0.004   0.419   0.190  -      (161.700,270.655)  129.500   -       
CTS_cdb_buf_00160/Y
-     BUFX2      rise   0.254   0.672   0.175  0.015  (161.335,271.120)    0.830      1    
CTS_cdb_buf_00161/A
-     BUFX2      rise   0.003   0.676   0.175  -      (206.300,202.255)  113.830   -       
CTS_cdb_buf_00161/Y
-     BUFX2      rise   0.227   0.902   0.142  0.012  (205.935,202.720)    0.830      1    
CTS_cdb_buf_00162/A
-     BUFX2      rise   0.002   0.904   0.142  -      (245.100,256.975)   93.420   -       
CTS_cdb_buf_00162/Y
-     BUFX2      rise   0.243   1.147   0.206  0.018  (244.735,257.440)    0.830      1    
CTS_cdb_buf_00163/A
-     BUFX2      rise   0.005   1.153   0.207  -      (127.900,284.335)  143.730   -       
CTS_cdb_buf_00163/Y
-     BUFX2      rise   0.217   1.370   0.096  0.008  (127.535,284.800)    0.830      1    
CTS_ccl_a_buf_00122/A
-     CLKBUFX3   rise   0.001   1.371   0.096  -      (157.500,256.975)   57.790   -       
CTS_ccl_a_buf_00122/Y
-     CLKBUFX3   rise   0.211   1.581   0.209  0.029  (157.285,257.560)    0.800      9    
CTS_ccl_a_buf_00015/A
-     BUFX2      rise   0.003   1.585   0.209  -      (211.300,274.075)   70.530   -       
CTS_ccl_a_buf_00015/Y
-     BUFX2      rise   0.291   1.876   0.227  0.021  (210.935,274.540)    0.830     20    
shift_16_shift_reg_r_reg[34]/CK
-     SDFFRHQX1  rise   0.003   1.879   0.227  -      (147.700,268.945)   68.830   -       
-------------------------------------------------------------------------------------------------

Timing for timing corner delay_corner_fft_slow:setup.late, min clock_path:
==========================================================================

PathID    : 3
Path type : skew group clk/functional_fft_fast (path 1 of 1)
Start     : clk
End       : result_i_reg[29][3]/CK
Delay     : 1.774

-------------------------------------------------------------------------------------------------
Name  Lib cell   Event  Incr   Arrival  Slew   Cap    Location           Distance  Fanout  Status
                        (ns)   (ns)     (ns)   (pF)                      (um)              
-- Clockpath trace ------------------------------------------------------------------------------
clk
-     -          rise   -       0.000   0.004  0.121  (211.900,421.610)  -           10    
CTS_cdb_buf_00186/A
-     BUFX2      rise   0.047   0.047   0.111  -      (326.900,294.595)  242.015   -       
CTS_cdb_buf_00186/Y
-     BUFX2      rise   0.185   0.232   0.127  0.011  (326.535,295.060)    0.830      1    
CTS_cdb_buf_00187/A
-     BUFX2      rise   0.002   0.234   0.127  -      (275.300,267.235)   79.060   -       
CTS_cdb_buf_00187/Y
-     BUFX2      rise   0.221   0.455   0.174  0.015  (274.935,267.700)    0.830      1    
CTS_cdb_buf_00188/A
-     BUFX2      rise   0.003   0.458   0.175  -      (357.700,298.015)  113.080   -       
CTS_cdb_buf_00188/Y
-     BUFX2      rise   0.226   0.684   0.141  0.012  (357.335,298.480)    0.830      1    
CTS_cdb_buf_00189/A
-     BUFX2      rise   0.002   0.686   0.141  -      (301.700,263.815)   90.300   -       
CTS_cdb_buf_00189/Y
-     BUFX2      rise   0.207   0.894   0.139  0.012  (301.335,264.280)    0.830      1    
CTS_cdb_buf_00190/A
-     BUFX2      rise   0.002   0.896   0.139  -      (363.300,291.175)   88.860   -       
CTS_cdb_buf_00190/Y
-     BUFX2      rise   0.230   1.125   0.178  0.016  (362.935,291.640)    0.830      1    
CTS_cdb_buf_00191/A
-     BUFX2      rise   0.003   1.129   0.178  -      (300.300,236.455)  117.820   -       
CTS_cdb_buf_00191/Y
-     BUFX2      rise   0.199   1.327   0.090  0.007  (299.935,236.920)    0.830      1    
CTS_ccl_a_buf_00127/A
-     CLKBUFX3   rise   0.001   1.328   0.090  -      (327.300,260.395)   50.840   -       
CTS_ccl_a_buf_00127/Y
-     CLKBUFX3   rise   0.200   1.528   0.192  0.026  (327.085,260.980)    0.800     15    
CTS_ccl_a_buf_00100/A
-     BUFX2      rise   0.001   1.530   0.192  -      (331.300,274.075)   17.310   -       
CTS_ccl_a_buf_00100/Y
-     BUFX2      rise   0.245   1.774   0.158  0.014  (330.935,274.540)    0.830     20    
result_i_reg[29][3]/CK
-     SDFFRHQX1  rise   0.000   1.774   0.158  -      (333.300,274.075)    2.830   -       
-------------------------------------------------------------------------------------------------

Timing for timing corner delay_corner_fft_slow:setup.late, max clock_path:
==========================================================================

PathID    : 4
Path type : skew group clk/functional_fft_fast (path 1 of 1)
Start     : clk
End       : shift_16_shift_reg_r_reg[34]/CK
Delay     : 1.880

-------------------------------------------------------------------------------------------------
Name  Lib cell   Event  Incr   Arrival  Slew   Cap    Location           Distance  Fanout  Status
                        (ns)   (ns)     (ns)   (pF)                      (um)              
-- Clockpath trace ------------------------------------------------------------------------------
clk
-     -          rise   -       0.000   0.004  0.121  (211.900,421.610)  -           10    
CTS_cdb_buf_00158/A
-     BUFX2      rise   0.021   0.021   0.091  -      (182.500,304.855)  146.155   -       
CTS_cdb_buf_00158/Y
-     BUFX2      rise   0.170   0.191   0.118  0.010  (182.135,305.320)    0.830      1    
CTS_cdb_buf_00159/A
-     BUFX2      rise   0.002   0.193   0.118  -      (256.900,304.855)   75.230   -       
CTS_cdb_buf_00159/Y
-     BUFX2      rise   0.222   0.415   0.190  0.017  (256.535,305.320)    0.830      1    
CTS_cdb_buf_00160/A
-     BUFX2      rise   0.004   0.419   0.190  -      (161.700,270.655)  129.500   -       
CTS_cdb_buf_00160/Y
-     BUFX2      rise   0.254   0.672   0.175  0.015  (161.335,271.120)    0.830      1    
CTS_cdb_buf_00161/A
-     BUFX2      rise   0.003   0.676   0.175  -      (206.300,202.255)  113.830   -       
CTS_cdb_buf_00161/Y
-     BUFX2      rise   0.227   0.902   0.142  0.012  (205.935,202.720)    0.830      1    
CTS_cdb_buf_00162/A
-     BUFX2      rise   0.002   0.905   0.142  -      (245.100,256.975)   93.420   -       
CTS_cdb_buf_00162/Y
-     BUFX2      rise   0.243   1.148   0.206  0.018  (244.735,257.440)    0.830      1    
CTS_cdb_buf_00163/A
-     BUFX2      rise   0.005   1.153   0.207  -      (127.900,284.335)  143.730   -       
CTS_cdb_buf_00163/Y
-     BUFX2      rise   0.217   1.370   0.096  0.008  (127.535,284.800)    0.830      1    
CTS_ccl_a_buf_00122/A
-     CLKBUFX3   rise   0.001   1.371   0.096  -      (157.500,256.975)   57.790   -       
CTS_ccl_a_buf_00122/Y
-     CLKBUFX3   rise   0.211   1.582   0.209  0.029  (157.285,257.560)    0.800      9    
CTS_ccl_a_buf_00015/A
-     BUFX2      rise   0.003   1.585   0.209  -      (211.300,274.075)   70.530   -       
CTS_ccl_a_buf_00015/Y
-     BUFX2      rise   0.292   1.877   0.228  0.021  (210.935,274.540)    0.830     20    
shift_16_shift_reg_r_reg[34]/CK
-     SDFFRHQX1  rise   0.003   1.880   0.228  -      (147.700,268.945)   68.830   -       
-------------------------------------------------------------------------------------------------

Timing for timing corner delay_corner_fft_fast:hold.early, min clock_path:
==========================================================================

PathID    : 5
Path type : skew group clk/functional_fft_fast (path 1 of 1)
Start     : clk
End       : shift_8_shift_reg_r_reg[84]/CK
Delay     : 0.459

-------------------------------------------------------------------------------------------------
Name  Lib cell   Event  Incr   Arrival  Slew   Cap    Location           Distance  Fanout  Status
                        (ns)   (ns)     (ns)   (pF)                      (um)              
-- Clockpath trace ------------------------------------------------------------------------------
clk
-     -          rise   -       0.000   0.004  0.122  (211.900,421.610)  -           10    
CTS_cdb_buf_00146/A
-     BUFX2      rise   0.004   0.004   0.032  -      (174.300,359.575)   99.635   -       
CTS_cdb_buf_00146/Y
-     BUFX2      rise   0.043   0.047   0.040  0.011  (173.935,360.040)    0.830      1    
CTS_cdb_buf_00147/A
-     BUFX2      rise   0.002   0.049   0.040  -      (248.300,373.255)   87.580   -       
CTS_cdb_buf_00147/Y
-     BUFX2      rise   0.039   0.088   0.031  0.008  (247.935,373.720)    0.830      1    
CTS_cdb_buf_00148/A
-     BUFX2      rise   0.001   0.089   0.031  -      (196.900,386.935)   64.250   -       
CTS_cdb_buf_00148/Y
-     BUFX2      rise   0.044   0.133   0.043  0.011  (196.535,387.400)    0.830      1    
CTS_cdb_buf_00149/A
-     BUFX2      rise   0.002   0.135   0.043  -      (289.500,386.935)   93.430   -       
CTS_cdb_buf_00149/Y
-     BUFX2      rise   0.051   0.186   0.054  0.014  (289.135,387.400)    0.830      1    
CTS_cdb_buf_00150/A
-     BUFX2      rise   0.003   0.189   0.054  -      (236.900,332.215)  107.420   -       
CTS_cdb_buf_00150/Y
-     BUFX2      rise   0.064   0.253   0.077  0.021  (236.535,332.680)    0.830      1    
CTS_cdb_buf_00151/A
-     BUFX2      rise   0.006   0.259   0.077  -      (358.700,373.255)  162.740   -       
CTS_cdb_buf_00151/Y
-     BUFX2      rise   0.067   0.327   0.076  0.020  (358.335,373.720)    0.830      1    
CTS_ccl_a_buf_00120/A
-     CLKBUFX3   rise   0.006   0.333   0.077  -      (210.100,361.285)  160.670   -       
CTS_ccl_a_buf_00120/Y
-     CLKBUFX3   rise   0.067   0.400   0.078  0.031  (209.885,360.700)    0.800     17    
CTS_ccl_a_buf_00049/A
-     BUFX2      rise   0.001   0.400   0.078  -      (205.900,359.575)    5.110   -       
CTS_ccl_a_buf_00049/Y
-     BUFX2      rise   0.059   0.459   0.054  0.015  (205.535,360.040)    0.830     20    
shift_8_shift_reg_r_reg[84]/CK
-     SDFFRHQX1  rise   0.000   0.459   0.054  -      (199.500,359.575)    6.500   -       
-------------------------------------------------------------------------------------------------

Timing for timing corner delay_corner_fft_fast:hold.early, max clock_path:
==========================================================================

PathID    : 6
Path type : skew group clk/functional_fft_fast (path 1 of 1)
Start     : clk
End       : shift_1_shift_reg_r_reg[11]/CK
Delay     : 0.514

-------------------------------------------------------------------------------------------------
Name  Lib cell   Event  Incr   Arrival  Slew   Cap    Location           Distance  Fanout  Status
                        (ns)   (ns)     (ns)   (pF)                      (um)              
-- Clockpath trace ------------------------------------------------------------------------------
clk
-     -          rise   -       0.000   0.004  0.122  (211.900,421.610)  -           10    
CTS_cdb_buf_00175/A
-     BUFX2      rise   0.058   0.058   0.112  -      (342.300,137.275)  414.735   -       
CTS_cdb_buf_00175/Y
-     BUFX2      rise   0.062   0.119   0.049  0.013  (341.935,137.740)    0.830      1    
CTS_cdb_buf_00176/A
-     BUFX2      rise   0.002   0.122   0.049  -      (364.300,209.095)   93.720   -       
CTS_cdb_buf_00176/Y
-     BUFX2      rise   0.044   0.166   0.037  0.010  (363.935,209.560)    0.830      1    
CTS_cdb_buf_00177/A
-     BUFX2      rise   0.001   0.167   0.037  -      (311.100,229.615)   72.890   -       
CTS_cdb_buf_00177/Y
-     BUFX2      rise   0.054   0.221   0.060  0.016  (310.735,230.080)    0.830      1    
CTS_cdb_buf_00178/A
-     BUFX2      rise   0.004   0.225   0.060  -      (367.900,168.055)  119.190   -       
CTS_cdb_buf_00178/Y
-     BUFX2      rise   0.050   0.275   0.044  0.012  (367.535,168.520)    0.830      1    
CTS_cdb_buf_00179/A
-     BUFX2      rise   0.002   0.277   0.044  -      (336.900,226.195)   88.310   -       
CTS_cdb_buf_00179/Y
-     BUFX2      rise   0.057   0.334   0.066  0.018  (336.535,226.660)    0.830      1    
CTS_cdb_buf_00180/A
-     BUFX2      rise   0.004   0.338   0.066  -      (408.500,164.635)  133.990   -       
CTS_cdb_buf_00180/Y
-     BUFX2      rise   0.039   0.377   0.023  0.005  (408.135,165.100)    0.830      1    
CTS_ccl_a_buf_00125/A
-     CLKBUFX3   rise   0.000   0.378   0.023  -      (396.100,191.995)   38.930   -       
CTS_ccl_a_buf_00125/Y
-     CLKBUFX3   rise   0.055   0.433   0.076  0.030  (395.885,192.580)    0.800     11    
CTS_ccl_a_buf_00064/A
-     BUFX2      rise   0.008   0.441   0.077  -      (309.900,168.055)  110.510   -       
CTS_ccl_a_buf_00064/Y
-     BUFX2      rise   0.072   0.512   0.078  0.022  (309.535,168.520)    0.830     20    
shift_1_shift_reg_r_reg[11]/CK
-     SDFFRHQX1  rise   0.002   0.514   0.078  -      (292.900,174.895)   23.010   -       
-------------------------------------------------------------------------------------------------

Timing for timing corner delay_corner_fft_fast:hold.late, min clock_path:
=========================================================================

PathID    : 7
Path type : skew group clk/functional_fft_fast (path 1 of 1)
Start     : clk
End       : shift_8_shift_reg_r_reg[84]/CK
Delay     : 0.461

-------------------------------------------------------------------------------------------------
Name  Lib cell   Event  Incr   Arrival  Slew   Cap    Location           Distance  Fanout  Status
                        (ns)   (ns)     (ns)   (pF)                      (um)              
-- Clockpath trace ------------------------------------------------------------------------------
clk
-     -          rise   -       0.000   0.004  0.122  (211.900,421.610)  -           10    
CTS_cdb_buf_00146/A
-     BUFX2      rise   0.004   0.004   0.032  -      (174.300,359.575)   99.635   -       
CTS_cdb_buf_00146/Y
-     BUFX2      rise   0.043   0.047   0.040  0.011  (173.935,360.040)    0.830      1    
CTS_cdb_buf_00147/A
-     BUFX2      rise   0.002   0.049   0.041  -      (248.300,373.255)   87.580   -       
CTS_cdb_buf_00147/Y
-     BUFX2      rise   0.039   0.088   0.031  0.008  (247.935,373.720)    0.830      1    
CTS_cdb_buf_00148/A
-     BUFX2      rise   0.001   0.089   0.031  -      (196.900,386.935)   64.250   -       
CTS_cdb_buf_00148/Y
-     BUFX2      rise   0.044   0.133   0.043  0.011  (196.535,387.400)    0.830      1    
CTS_cdb_buf_00149/A
-     BUFX2      rise   0.002   0.135   0.043  -      (289.500,386.935)   93.430   -       
CTS_cdb_buf_00149/Y
-     BUFX2      rise   0.051   0.187   0.054  0.014  (289.135,387.400)    0.830      1    
CTS_cdb_buf_00150/A
-     BUFX2      rise   0.003   0.190   0.054  -      (236.900,332.215)  107.420   -       
CTS_cdb_buf_00150/Y
-     BUFX2      rise   0.064   0.253   0.077  0.021  (236.535,332.680)    0.830      1    
CTS_cdb_buf_00151/A
-     BUFX2      rise   0.006   0.259   0.078  -      (358.700,373.255)  162.740   -       
CTS_cdb_buf_00151/Y
-     BUFX2      rise   0.068   0.327   0.076  0.020  (358.335,373.720)    0.830      1    
CTS_ccl_a_buf_00120/A
-     CLKBUFX3   rise   0.006   0.333   0.077  -      (210.100,361.285)  160.670   -       
CTS_ccl_a_buf_00120/Y
-     CLKBUFX3   rise   0.067   0.401   0.078  0.031  (209.885,360.700)    0.800     17    
CTS_ccl_a_buf_00049/A
-     BUFX2      rise   0.001   0.401   0.078  -      (205.900,359.575)    5.110   -       
CTS_ccl_a_buf_00049/Y
-     BUFX2      rise   0.059   0.461   0.055  0.015  (205.535,360.040)    0.830     20    
shift_8_shift_reg_r_reg[84]/CK
-     SDFFRHQX1  rise   0.000   0.461   0.055  -      (199.500,359.575)    6.500   -       
-------------------------------------------------------------------------------------------------

Timing for timing corner delay_corner_fft_fast:hold.late, max clock_path:
=========================================================================

PathID    : 8
Path type : skew group clk/functional_fft_fast (path 1 of 1)
Start     : clk
End       : shift_1_shift_reg_r_reg[8]/CK
Delay     : 0.516

-------------------------------------------------------------------------------------------------
Name  Lib cell   Event  Incr   Arrival  Slew   Cap    Location           Distance  Fanout  Status
                        (ns)   (ns)     (ns)   (pF)                      (um)              
-- Clockpath trace ------------------------------------------------------------------------------
clk
-     -          rise   -       0.000   0.004  0.122  (211.900,421.610)  -           10    
CTS_cdb_buf_00175/A
-     BUFX2      rise   0.058   0.058   0.112  -      (342.300,137.275)  414.735   -       
CTS_cdb_buf_00175/Y
-     BUFX2      rise   0.062   0.119   0.049  0.013  (341.935,137.740)    0.830      1    
CTS_cdb_buf_00176/A
-     BUFX2      rise   0.002   0.122   0.049  -      (364.300,209.095)   93.720   -       
CTS_cdb_buf_00176/Y
-     BUFX2      rise   0.044   0.166   0.037  0.010  (363.935,209.560)    0.830      1    
CTS_cdb_buf_00177/A
-     BUFX2      rise   0.001   0.168   0.037  -      (311.100,229.615)   72.890   -       
CTS_cdb_buf_00177/Y
-     BUFX2      rise   0.054   0.222   0.060  0.016  (310.735,230.080)    0.830      1    
CTS_cdb_buf_00178/A
-     BUFX2      rise   0.004   0.225   0.061  -      (367.900,168.055)  119.190   -       
CTS_cdb_buf_00178/Y
-     BUFX2      rise   0.050   0.275   0.044  0.012  (367.535,168.520)    0.830      1    
CTS_cdb_buf_00179/A
-     BUFX2      rise   0.002   0.277   0.044  -      (336.900,226.195)   88.310   -       
CTS_cdb_buf_00179/Y
-     BUFX2      rise   0.057   0.334   0.066  0.018  (336.535,226.660)    0.830      1    
CTS_cdb_buf_00180/A
-     BUFX2      rise   0.004   0.338   0.066  -      (408.500,164.635)  133.990   -       
CTS_cdb_buf_00180/Y
-     BUFX2      rise   0.039   0.378   0.023  0.005  (408.135,165.100)    0.830      1    
CTS_ccl_a_buf_00125/A
-     CLKBUFX3   rise   0.001   0.379   0.023  -      (396.100,191.995)   38.930   -       
CTS_ccl_a_buf_00125/Y
-     CLKBUFX3   rise   0.055   0.434   0.077  0.030  (395.885,192.580)    0.800     11    
CTS_ccl_a_buf_00064/A
-     BUFX2      rise   0.008   0.442   0.078  -      (309.900,168.055)  110.510   -       
CTS_ccl_a_buf_00064/Y
-     BUFX2      rise   0.073   0.514   0.079  0.022  (309.535,168.520)    0.830     20    
shift_1_shift_reg_r_reg[8]/CK
-     SDFFRHQX1  rise   0.002   0.516   0.079  -      (294.900,147.535)   35.620   -       
-------------------------------------------------------------------------------------------------

Timing for timing corner delay_corner_fft_slow:setup.early, min clock_path:
===========================================================================

PathID    : 9
Path type : skew group clk/functional_fft_slow (path 1 of 1)
Start     : clk
End       : result_i_reg[29][3]/CK
Delay     : 1.773

-------------------------------------------------------------------------------------------------
Name  Lib cell   Event  Incr   Arrival  Slew   Cap    Location           Distance  Fanout  Status
                        (ns)   (ns)     (ns)   (pF)                      (um)              
-- Clockpath trace ------------------------------------------------------------------------------
clk
-     -          rise   -       0.000   0.004  0.121  (211.900,421.610)  -           10    
CTS_cdb_buf_00186/A
-     BUFX2      rise   0.047   0.047   0.111  -      (326.900,294.595)  242.015   -       
CTS_cdb_buf_00186/Y
-     BUFX2      rise   0.185   0.232   0.127  0.011  (326.535,295.060)    0.830      1    
CTS_cdb_buf_00187/A
-     BUFX2      rise   0.002   0.234   0.127  -      (275.300,267.235)   79.060   -       
CTS_cdb_buf_00187/Y
-     BUFX2      rise   0.221   0.455   0.174  0.015  (274.935,267.700)    0.830      1    
CTS_cdb_buf_00188/A
-     BUFX2      rise   0.003   0.458   0.175  -      (357.700,298.015)  113.080   -       
CTS_cdb_buf_00188/Y
-     BUFX2      rise   0.226   0.684   0.141  0.012  (357.335,298.480)    0.830      1    
CTS_cdb_buf_00189/A
-     BUFX2      rise   0.002   0.686   0.141  -      (301.700,263.815)   90.300   -       
CTS_cdb_buf_00189/Y
-     BUFX2      rise   0.207   0.893   0.139  0.012  (301.335,264.280)    0.830      1    
CTS_cdb_buf_00190/A
-     BUFX2      rise   0.002   0.895   0.139  -      (363.300,291.175)   88.860   -       
CTS_cdb_buf_00190/Y
-     BUFX2      rise   0.230   1.125   0.178  0.016  (362.935,291.640)    0.830      1    
CTS_cdb_buf_00191/A
-     BUFX2      rise   0.003   1.129   0.178  -      (300.300,236.455)  117.820   -       
CTS_cdb_buf_00191/Y
-     BUFX2      rise   0.199   1.327   0.090  0.007  (299.935,236.920)    0.830      1    
CTS_ccl_a_buf_00127/A
-     CLKBUFX3   rise   0.001   1.328   0.090  -      (327.300,260.395)   50.840   -       
CTS_ccl_a_buf_00127/Y
-     CLKBUFX3   rise   0.200   1.528   0.192  0.026  (327.085,260.980)    0.800     15    
CTS_ccl_a_buf_00100/A
-     BUFX2      rise   0.001   1.529   0.192  -      (331.300,274.075)   17.310   -       
CTS_ccl_a_buf_00100/Y
-     BUFX2      rise   0.243   1.773   0.157  0.014  (330.935,274.540)    0.830     20    
result_i_reg[29][3]/CK
-     SDFFRHQX1  rise   0.000   1.773   0.157  -      (333.300,274.075)    2.830   -       
-------------------------------------------------------------------------------------------------

Timing for timing corner delay_corner_fft_slow:setup.early, max clock_path:
===========================================================================

PathID    : 10
Path type : skew group clk/functional_fft_slow (path 1 of 1)
Start     : clk
End       : shift_16_shift_reg_r_reg[34]/CK
Delay     :  1.879

-------------------------------------------------------------------------------------------------
Name  Lib cell   Event  Incr   Arrival  Slew   Cap    Location           Distance  Fanout  Status
                        (ns)   (ns)     (ns)   (pF)                      (um)              
-- Clockpath trace ------------------------------------------------------------------------------
clk
-     -          rise   -       0.000   0.004  0.121  (211.900,421.610)  -           10    
CTS_cdb_buf_00158/A
-     BUFX2      rise   0.021   0.021   0.091  -      (182.500,304.855)  146.155   -       
CTS_cdb_buf_00158/Y
-     BUFX2      rise   0.170   0.191   0.118  0.010  (182.135,305.320)    0.830      1    
CTS_cdb_buf_00159/A
-     BUFX2      rise   0.001   0.193   0.118  -      (256.900,304.855)   75.230   -       
CTS_cdb_buf_00159/Y
-     BUFX2      rise   0.222   0.415   0.190  0.017  (256.535,305.320)    0.830      1    
CTS_cdb_buf_00160/A
-     BUFX2      rise   0.004   0.419   0.190  -      (161.700,270.655)  129.500   -       
CTS_cdb_buf_00160/Y
-     BUFX2      rise   0.254   0.672   0.175  0.015  (161.335,271.120)    0.830      1    
CTS_cdb_buf_00161/A
-     BUFX2      rise   0.003   0.676   0.175  -      (206.300,202.255)  113.830   -       
CTS_cdb_buf_00161/Y
-     BUFX2      rise   0.227   0.902   0.142  0.012  (205.935,202.720)    0.830      1    
CTS_cdb_buf_00162/A
-     BUFX2      rise   0.002   0.904   0.142  -      (245.100,256.975)   93.420   -       
CTS_cdb_buf_00162/Y
-     BUFX2      rise   0.243   1.147   0.206  0.018  (244.735,257.440)    0.830      1    
CTS_cdb_buf_00163/A
-     BUFX2      rise   0.005   1.153   0.207  -      (127.900,284.335)  143.730   -       
CTS_cdb_buf_00163/Y
-     BUFX2      rise   0.217   1.370   0.096  0.008  (127.535,284.800)    0.830      1    
CTS_ccl_a_buf_00122/A
-     CLKBUFX3   rise   0.001   1.371   0.096  -      (157.500,256.975)   57.790   -       
CTS_ccl_a_buf_00122/Y
-     CLKBUFX3   rise   0.211   1.581   0.209  0.029  (157.285,257.560)    0.800      9    
CTS_ccl_a_buf_00015/A
-     BUFX2      rise   0.003   1.585   0.209  -      (211.300,274.075)   70.530   -       
CTS_ccl_a_buf_00015/Y
-     BUFX2      rise   0.291   1.876   0.227  0.021  (210.935,274.540)    0.830     20    
shift_16_shift_reg_r_reg[34]/CK
-     SDFFRHQX1  rise   0.003   1.879   0.227  -      (147.700,268.945)   68.830   -       
-------------------------------------------------------------------------------------------------

Timing for timing corner delay_corner_fft_slow:setup.late, min clock_path:
==========================================================================

PathID    : 11
Path type : skew group clk/functional_fft_slow (path 1 of 1)
Start     : clk
End       : result_i_reg[29][3]/CK
Delay     :  1.774

-------------------------------------------------------------------------------------------------
Name  Lib cell   Event  Incr   Arrival  Slew   Cap    Location           Distance  Fanout  Status
                        (ns)   (ns)     (ns)   (pF)                      (um)              
-- Clockpath trace ------------------------------------------------------------------------------
clk
-     -          rise   -       0.000   0.004  0.121  (211.900,421.610)  -           10    
CTS_cdb_buf_00186/A
-     BUFX2      rise   0.047   0.047   0.111  -      (326.900,294.595)  242.015   -       
CTS_cdb_buf_00186/Y
-     BUFX2      rise   0.185   0.232   0.127  0.011  (326.535,295.060)    0.830      1    
CTS_cdb_buf_00187/A
-     BUFX2      rise   0.002   0.234   0.127  -      (275.300,267.235)   79.060   -       
CTS_cdb_buf_00187/Y
-     BUFX2      rise   0.221   0.455   0.174  0.015  (274.935,267.700)    0.830      1    
CTS_cdb_buf_00188/A
-     BUFX2      rise   0.003   0.458   0.175  -      (357.700,298.015)  113.080   -       
CTS_cdb_buf_00188/Y
-     BUFX2      rise   0.226   0.684   0.141  0.012  (357.335,298.480)    0.830      1    
CTS_cdb_buf_00189/A
-     BUFX2      rise   0.002   0.686   0.141  -      (301.700,263.815)   90.300   -       
CTS_cdb_buf_00189/Y
-     BUFX2      rise   0.207   0.894   0.139  0.012  (301.335,264.280)    0.830      1    
CTS_cdb_buf_00190/A
-     BUFX2      rise   0.002   0.896   0.139  -      (363.300,291.175)   88.860   -       
CTS_cdb_buf_00190/Y
-     BUFX2      rise   0.230   1.125   0.178  0.016  (362.935,291.640)    0.830      1    
CTS_cdb_buf_00191/A
-     BUFX2      rise   0.003   1.129   0.178  -      (300.300,236.455)  117.820   -       
CTS_cdb_buf_00191/Y
-     BUFX2      rise   0.199   1.327   0.090  0.007  (299.935,236.920)    0.830      1    
CTS_ccl_a_buf_00127/A
-     CLKBUFX3   rise   0.001   1.328   0.090  -      (327.300,260.395)   50.840   -       
CTS_ccl_a_buf_00127/Y
-     CLKBUFX3   rise   0.200   1.528   0.192  0.026  (327.085,260.980)    0.800     15    
CTS_ccl_a_buf_00100/A
-     BUFX2      rise   0.001   1.530   0.192  -      (331.300,274.075)   17.310   -       
CTS_ccl_a_buf_00100/Y
-     BUFX2      rise   0.245   1.774   0.158  0.014  (330.935,274.540)    0.830     20    
result_i_reg[29][3]/CK
-     SDFFRHQX1  rise   0.000   1.774   0.158  -      (333.300,274.075)    2.830   -       
-------------------------------------------------------------------------------------------------

Timing for timing corner delay_corner_fft_slow:setup.late, max clock_path:
==========================================================================

PathID    : 12
Path type : skew group clk/functional_fft_slow (path 1 of 1)
Start     : clk
End       : shift_16_shift_reg_r_reg[34]/CK
Delay     :  1.880

-------------------------------------------------------------------------------------------------
Name  Lib cell   Event  Incr   Arrival  Slew   Cap    Location           Distance  Fanout  Status
                        (ns)   (ns)     (ns)   (pF)                      (um)              
-- Clockpath trace ------------------------------------------------------------------------------
clk
-     -          rise   -       0.000   0.004  0.121  (211.900,421.610)  -           10    
CTS_cdb_buf_00158/A
-     BUFX2      rise   0.021   0.021   0.091  -      (182.500,304.855)  146.155   -       
CTS_cdb_buf_00158/Y
-     BUFX2      rise   0.170   0.191   0.118  0.010  (182.135,305.320)    0.830      1    
CTS_cdb_buf_00159/A
-     BUFX2      rise   0.002   0.193   0.118  -      (256.900,304.855)   75.230   -       
CTS_cdb_buf_00159/Y
-     BUFX2      rise   0.222   0.415   0.190  0.017  (256.535,305.320)    0.830      1    
CTS_cdb_buf_00160/A
-     BUFX2      rise   0.004   0.419   0.190  -      (161.700,270.655)  129.500   -       
CTS_cdb_buf_00160/Y
-     BUFX2      rise   0.254   0.672   0.175  0.015  (161.335,271.120)    0.830      1    
CTS_cdb_buf_00161/A
-     BUFX2      rise   0.003   0.676   0.175  -      (206.300,202.255)  113.830   -       
CTS_cdb_buf_00161/Y
-     BUFX2      rise   0.227   0.902   0.142  0.012  (205.935,202.720)    0.830      1    
CTS_cdb_buf_00162/A
-     BUFX2      rise   0.002   0.905   0.142  -      (245.100,256.975)   93.420   -       
CTS_cdb_buf_00162/Y
-     BUFX2      rise   0.243   1.148   0.206  0.018  (244.735,257.440)    0.830      1    
CTS_cdb_buf_00163/A
-     BUFX2      rise   0.005   1.153   0.207  -      (127.900,284.335)  143.730   -       
CTS_cdb_buf_00163/Y
-     BUFX2      rise   0.217   1.370   0.096  0.008  (127.535,284.800)    0.830      1    
CTS_ccl_a_buf_00122/A
-     CLKBUFX3   rise   0.001   1.371   0.096  -      (157.500,256.975)   57.790   -       
CTS_ccl_a_buf_00122/Y
-     CLKBUFX3   rise   0.211   1.582   0.209  0.029  (157.285,257.560)    0.800      9    
CTS_ccl_a_buf_00015/A
-     BUFX2      rise   0.003   1.585   0.209  -      (211.300,274.075)   70.530   -       
CTS_ccl_a_buf_00015/Y
-     BUFX2      rise   0.292   1.877   0.228  0.021  (210.935,274.540)    0.830     20    
shift_16_shift_reg_r_reg[34]/CK
-     SDFFRHQX1  rise   0.003   1.880   0.228  -      (147.700,268.945)   68.830   -       
-------------------------------------------------------------------------------------------------

Timing for timing corner delay_corner_fft_fast:hold.early, min clock_path:
==========================================================================

PathID    : 13
Path type : skew group clk/functional_fft_slow (path 1 of 1)
Start     : clk
End       : shift_8_shift_reg_r_reg[84]/CK
Delay     :  0.459

-------------------------------------------------------------------------------------------------
Name  Lib cell   Event  Incr   Arrival  Slew   Cap    Location           Distance  Fanout  Status
                        (ns)   (ns)     (ns)   (pF)                      (um)              
-- Clockpath trace ------------------------------------------------------------------------------
clk
-     -          rise   -       0.000   0.004  0.122  (211.900,421.610)  -           10    
CTS_cdb_buf_00146/A
-     BUFX2      rise   0.004   0.004   0.032  -      (174.300,359.575)   99.635   -       
CTS_cdb_buf_00146/Y
-     BUFX2      rise   0.043   0.047   0.040  0.011  (173.935,360.040)    0.830      1    
CTS_cdb_buf_00147/A
-     BUFX2      rise   0.002   0.049   0.040  -      (248.300,373.255)   87.580   -       
CTS_cdb_buf_00147/Y
-     BUFX2      rise   0.039   0.088   0.031  0.008  (247.935,373.720)    0.830      1    
CTS_cdb_buf_00148/A
-     BUFX2      rise   0.001   0.089   0.031  -      (196.900,386.935)   64.250   -       
CTS_cdb_buf_00148/Y
-     BUFX2      rise   0.044   0.133   0.043  0.011  (196.535,387.400)    0.830      1    
CTS_cdb_buf_00149/A
-     BUFX2      rise   0.002   0.135   0.043  -      (289.500,386.935)   93.430   -       
CTS_cdb_buf_00149/Y
-     BUFX2      rise   0.051   0.186   0.054  0.014  (289.135,387.400)    0.830      1    
CTS_cdb_buf_00150/A
-     BUFX2      rise   0.003   0.189   0.054  -      (236.900,332.215)  107.420   -       
CTS_cdb_buf_00150/Y
-     BUFX2      rise   0.064   0.253   0.077  0.021  (236.535,332.680)    0.830      1    
CTS_cdb_buf_00151/A
-     BUFX2      rise   0.006   0.259   0.077  -      (358.700,373.255)  162.740   -       
CTS_cdb_buf_00151/Y
-     BUFX2      rise   0.067   0.327   0.076  0.020  (358.335,373.720)    0.830      1    
CTS_ccl_a_buf_00120/A
-     CLKBUFX3   rise   0.006   0.333   0.077  -      (210.100,361.285)  160.670   -       
CTS_ccl_a_buf_00120/Y
-     CLKBUFX3   rise   0.067   0.400   0.078  0.031  (209.885,360.700)    0.800     17    
CTS_ccl_a_buf_00049/A
-     BUFX2      rise   0.001   0.400   0.078  -      (205.900,359.575)    5.110   -       
CTS_ccl_a_buf_00049/Y
-     BUFX2      rise   0.059   0.459   0.054  0.015  (205.535,360.040)    0.830     20    
shift_8_shift_reg_r_reg[84]/CK
-     SDFFRHQX1  rise   0.000   0.459   0.054  -      (199.500,359.575)    6.500   -       
-------------------------------------------------------------------------------------------------

Timing for timing corner delay_corner_fft_fast:hold.early, max clock_path:
==========================================================================

PathID    : 14
Path type : skew group clk/functional_fft_slow (path 1 of 1)
Start     : clk
End       : shift_1_shift_reg_r_reg[11]/CK
Delay     :  0.514

-------------------------------------------------------------------------------------------------
Name  Lib cell   Event  Incr   Arrival  Slew   Cap    Location           Distance  Fanout  Status
                        (ns)   (ns)     (ns)   (pF)                      (um)              
-- Clockpath trace ------------------------------------------------------------------------------
clk
-     -          rise   -       0.000   0.004  0.122  (211.900,421.610)  -           10    
CTS_cdb_buf_00175/A
-     BUFX2      rise   0.058   0.058   0.112  -      (342.300,137.275)  414.735   -       
CTS_cdb_buf_00175/Y
-     BUFX2      rise   0.062   0.119   0.049  0.013  (341.935,137.740)    0.830      1    
CTS_cdb_buf_00176/A
-     BUFX2      rise   0.002   0.122   0.049  -      (364.300,209.095)   93.720   -       
CTS_cdb_buf_00176/Y
-     BUFX2      rise   0.044   0.166   0.037  0.010  (363.935,209.560)    0.830      1    
CTS_cdb_buf_00177/A
-     BUFX2      rise   0.001   0.167   0.037  -      (311.100,229.615)   72.890   -       
CTS_cdb_buf_00177/Y
-     BUFX2      rise   0.054   0.221   0.060  0.016  (310.735,230.080)    0.830      1    
CTS_cdb_buf_00178/A
-     BUFX2      rise   0.004   0.225   0.060  -      (367.900,168.055)  119.190   -       
CTS_cdb_buf_00178/Y
-     BUFX2      rise   0.050   0.275   0.044  0.012  (367.535,168.520)    0.830      1    
CTS_cdb_buf_00179/A
-     BUFX2      rise   0.002   0.277   0.044  -      (336.900,226.195)   88.310   -       
CTS_cdb_buf_00179/Y
-     BUFX2      rise   0.057   0.334   0.066  0.018  (336.535,226.660)    0.830      1    
CTS_cdb_buf_00180/A
-     BUFX2      rise   0.004   0.338   0.066  -      (408.500,164.635)  133.990   -       
CTS_cdb_buf_00180/Y
-     BUFX2      rise   0.039   0.377   0.023  0.005  (408.135,165.100)    0.830      1    
CTS_ccl_a_buf_00125/A
-     CLKBUFX3   rise   0.000   0.378   0.023  -      (396.100,191.995)   38.930   -       
CTS_ccl_a_buf_00125/Y
-     CLKBUFX3   rise   0.055   0.433   0.076  0.030  (395.885,192.580)    0.800     11    
CTS_ccl_a_buf_00064/A
-     BUFX2      rise   0.008   0.441   0.077  -      (309.900,168.055)  110.510   -       
CTS_ccl_a_buf_00064/Y
-     BUFX2      rise   0.072   0.512   0.078  0.022  (309.535,168.520)    0.830     20    
shift_1_shift_reg_r_reg[11]/CK
-     SDFFRHQX1  rise   0.002   0.514   0.078  -      (292.900,174.895)   23.010   -       
-------------------------------------------------------------------------------------------------

Timing for timing corner delay_corner_fft_fast:hold.late, min clock_path:
=========================================================================

PathID    : 15
Path type : skew group clk/functional_fft_slow (path 1 of 1)
Start     : clk
End       : shift_8_shift_reg_r_reg[84]/CK
Delay     :  0.461

-------------------------------------------------------------------------------------------------
Name  Lib cell   Event  Incr   Arrival  Slew   Cap    Location           Distance  Fanout  Status
                        (ns)   (ns)     (ns)   (pF)                      (um)              
-- Clockpath trace ------------------------------------------------------------------------------
clk
-     -          rise   -       0.000   0.004  0.122  (211.900,421.610)  -           10    
CTS_cdb_buf_00146/A
-     BUFX2      rise   0.004   0.004   0.032  -      (174.300,359.575)   99.635   -       
CTS_cdb_buf_00146/Y
-     BUFX2      rise   0.043   0.047   0.040  0.011  (173.935,360.040)    0.830      1    
CTS_cdb_buf_00147/A
-     BUFX2      rise   0.002   0.049   0.041  -      (248.300,373.255)   87.580   -       
CTS_cdb_buf_00147/Y
-     BUFX2      rise   0.039   0.088   0.031  0.008  (247.935,373.720)    0.830      1    
CTS_cdb_buf_00148/A
-     BUFX2      rise   0.001   0.089   0.031  -      (196.900,386.935)   64.250   -       
CTS_cdb_buf_00148/Y
-     BUFX2      rise   0.044   0.133   0.043  0.011  (196.535,387.400)    0.830      1    
CTS_cdb_buf_00149/A
-     BUFX2      rise   0.002   0.135   0.043  -      (289.500,386.935)   93.430   -       
CTS_cdb_buf_00149/Y
-     BUFX2      rise   0.051   0.187   0.054  0.014  (289.135,387.400)    0.830      1    
CTS_cdb_buf_00150/A
-     BUFX2      rise   0.003   0.190   0.054  -      (236.900,332.215)  107.420   -       
CTS_cdb_buf_00150/Y
-     BUFX2      rise   0.064   0.253   0.077  0.021  (236.535,332.680)    0.830      1    
CTS_cdb_buf_00151/A
-     BUFX2      rise   0.006   0.259   0.078  -      (358.700,373.255)  162.740   -       
CTS_cdb_buf_00151/Y
-     BUFX2      rise   0.068   0.327   0.076  0.020  (358.335,373.720)    0.830      1    
CTS_ccl_a_buf_00120/A
-     CLKBUFX3   rise   0.006   0.333   0.077  -      (210.100,361.285)  160.670   -       
CTS_ccl_a_buf_00120/Y
-     CLKBUFX3   rise   0.067   0.401   0.078  0.031  (209.885,360.700)    0.800     17    
CTS_ccl_a_buf_00049/A
-     BUFX2      rise   0.001   0.401   0.078  -      (205.900,359.575)    5.110   -       
CTS_ccl_a_buf_00049/Y
-     BUFX2      rise   0.059   0.461   0.055  0.015  (205.535,360.040)    0.830     20    
shift_8_shift_reg_r_reg[84]/CK
-     SDFFRHQX1  rise   0.000   0.461   0.055  -      (199.500,359.575)    6.500   -       
-------------------------------------------------------------------------------------------------

Timing for timing corner delay_corner_fft_fast:hold.late, max clock_path:
=========================================================================

PathID    : 16
Path type : skew group clk/functional_fft_slow (path 1 of 1)
Start     : clk
End       : shift_1_shift_reg_r_reg[8]/CK
Delay     :  0.516

-------------------------------------------------------------------------------------------------
Name  Lib cell   Event  Incr   Arrival  Slew   Cap    Location           Distance  Fanout  Status
                        (ns)   (ns)     (ns)   (pF)                      (um)              
-- Clockpath trace ------------------------------------------------------------------------------
clk
-     -          rise   -       0.000   0.004  0.122  (211.900,421.610)  -           10    
CTS_cdb_buf_00175/A
-     BUFX2      rise   0.058   0.058   0.112  -      (342.300,137.275)  414.735   -       
CTS_cdb_buf_00175/Y
-     BUFX2      rise   0.062   0.119   0.049  0.013  (341.935,137.740)    0.830      1    
CTS_cdb_buf_00176/A
-     BUFX2      rise   0.002   0.122   0.049  -      (364.300,209.095)   93.720   -       
CTS_cdb_buf_00176/Y
-     BUFX2      rise   0.044   0.166   0.037  0.010  (363.935,209.560)    0.830      1    
CTS_cdb_buf_00177/A
-     BUFX2      rise   0.001   0.168   0.037  -      (311.100,229.615)   72.890   -       
CTS_cdb_buf_00177/Y
-     BUFX2      rise   0.054   0.222   0.060  0.016  (310.735,230.080)    0.830      1    
CTS_cdb_buf_00178/A
-     BUFX2      rise   0.004   0.225   0.061  -      (367.900,168.055)  119.190   -       
CTS_cdb_buf_00178/Y
-     BUFX2      rise   0.050   0.275   0.044  0.012  (367.535,168.520)    0.830      1    
CTS_cdb_buf_00179/A
-     BUFX2      rise   0.002   0.277   0.044  -      (336.900,226.195)   88.310   -       
CTS_cdb_buf_00179/Y
-     BUFX2      rise   0.057   0.334   0.066  0.018  (336.535,226.660)    0.830      1    
CTS_cdb_buf_00180/A
-     BUFX2      rise   0.004   0.338   0.066  -      (408.500,164.635)  133.990   -       
CTS_cdb_buf_00180/Y
-     BUFX2      rise   0.039   0.378   0.023  0.005  (408.135,165.100)    0.830      1    
CTS_ccl_a_buf_00125/A
-     CLKBUFX3   rise   0.001   0.379   0.023  -      (396.100,191.995)   38.930   -       
CTS_ccl_a_buf_00125/Y
-     CLKBUFX3   rise   0.055   0.434   0.077  0.030  (395.885,192.580)    0.800     11    
CTS_ccl_a_buf_00064/A
-     BUFX2      rise   0.008   0.442   0.078  -      (309.900,168.055)  110.510   -       
CTS_ccl_a_buf_00064/Y
-     BUFX2      rise   0.073   0.514   0.079  0.022  (309.535,168.520)    0.830     20    
shift_1_shift_reg_r_reg[8]/CK
-     SDFFRHQX1  rise   0.002   0.516   0.079  -      (294.900,147.535)   35.620   -       
-------------------------------------------------------------------------------------------------

