###############################################################
#  Generated by:      Cadence Innovus 22.10-p001_1
#  OS:                Linux x86_64(Host ID vlsicad)
#  Generated on:      Wed Oct  8 17:23:42 2025
#  Design:            FFT
#  Command:           checkDesign -all
###############################################################
Design: FFT

------ Design Summary:
Total Standard Cell Number   (cells) : 27351
Total Block Cell Number      (cells) : 0
Total I/O Pad Cell Number    (cells) : 0
Total Standard Cell Area     ( um^2) : 70307.68
Total Block Cell Area        ( um^2) : 0.00
Total I/O Pad Cell Area      ( um^2) : 0.00

------ Design Statistics:

Number of Instances            : 27351
Number of Non-uniquified Insts : 27330
Number of Nets                 : 29689
Average number of Pins per Net : 3.24
Maximum number of Pins in Net  : 21

------ I/O Port summary

Number of Primary I/O Ports    : 60
Number of Input Ports          : 27
Number of Output Ports         : 33
Number of Bidirectional Ports  : 0
Number of Power/Ground Ports   : 2



------------------------------------------------------------
Detail report:


------ I/O Pad/Port Checking


