###############################################################
#  Generated by:      Cadence Innovus 22.10-p001_1
#  OS:                Linux x86_64(Host ID vlsicad)
#  Generated on:      Wed Oct  8 16:40:55 2025
#  Design:            FFT
#  Command:           checkDesign -all -outdir reports/init_design
###############################################################
Design: FFT

------ Design Summary:
Total Standard Cell Number   (cells) : 27423
Total Block Cell Number      (cells) : 0
Total I/O Pad Cell Number    (cells) : 0
Total Standard Cell Area     ( um^2) : 107961.53
Total Block Cell Area        ( um^2) : 0.00
Total I/O Pad Cell Area      ( um^2) : 0.00

------ Design Statistics:

Number of Instances            : 27423
Number of Non-uniquified Insts : 27412
Number of Nets                 : 29757
Average number of Pins per Net : 3.25
Maximum number of Pins in Net  : 2359

------ I/O Port summary

Number of Primary I/O Ports    : 60
Number of Input Ports          : 27
Number of Output Ports         : 33
Number of Bidirectional Ports  : 0
Number of Power/Ground Ports   : 2



------------------------------------------------------------
Detail report:


------ I/O Pad/Port Checking


