
Cadence Innovus(TM) Implementation System.
Copyright 2022 Cadence Design Systems, Inc. All rights reserved worldwide.

Version:	v22.10-p001_1, built Thu Sep 29 11:03:49 PDT 2022
Options:	
Date:		Mon Oct 27 14:59:23 2025
Host:		vlsicad (x86_64 w/Linux 3.10.0-1160.el7.x86_64) (12cores*48cpus*Intel(R) Xeon(R) Silver 4116 CPU @ 2.10GHz 16896KB)
OS:		Red Hat Enterprise Linux Server release 7.9 (Maipo)

License:
		[14:59:23.086977] Configured Lic search path (21.01-s002): 5280@vlsicad

		invs	Innovus Implementation System	22.1	checkout succeeded
		8 CPU jobs allowed with the current license(s). Use setMultiCpuUsage to set your required CPU count.
Change the soft stacksize limit to 0.2%RAM (514 mbytes). Set global soft_stack_size_limit to change the value.

**INFO:  MMMC transition support version v31-84 

<CMD> set_global _enable_mmmc_by_default_flow      $CTE::mmmc_default
<CMD> suppressMessage ENCEXT-2799
<CMD> getVersion
<CMD> define_proc_arguments ViaFillQor -info {This procedure extracts Viafill details from innovus db} -define_args {
		{-window "window coordinates" "" list optional}
		{-window_size "window size in microns" "" string optional}
	
	}
[INFO] Loading Pegasus 22.24 fill procedures
<CMD> define_proc_arguments ProcessFills -info {This procedure processes Fill types} -define_args {
    {-fillInfo "Design Fill data" "" list required}
				{-csvName "File path for Fill Data csv file" "Path of CSV file" string required}
				{-selectFill "type of fill to be selected in session" "list of BRIDGE/EXTENSION/STAMP/FLOATING" list required}
    {-output_data "Boolean Flag to output Fill Data for further processing" "" string required}
}
<CMD> define_proc_arguments FillQor -info {This procedure extracts fill details from innovus db} -define_args {
    {-layers "Fills Cleanup on which all layers" "list of Metal/Routing layers" list optional}
				{-selectFill "type of fill to be selected in session" "list of BRIDGE/EXTENSION/STAMP/FLOATING" list optional}
				{-outData "Boolean Flag to output Fill Data for further processing" "" boolean optional}
    {-outDataFile "File path for Fill Data csv file" "Path of CSV file" string optional}
}
<CMD> define_proc_arguments ProcessFills_fast -info {This procedure processes Fill types} -define_args {
    {-fillInfo "Design Fill data" "" list required}
				{-csvName "File path for Fill Data csv file" "Path of CSV file" string required}
				{-selectFill "type of fill to be selected in session" "list of BRIDGE/EXTENSION/STAMP/FLOATING" list required}
    {-output_data "Boolean Flag to output Fill Data for further processing" "" string required}
}
<CMD> define_proc_arguments FillQor_fast -info {This procedure extracts fill details from innovus db} -define_args {
    {-layers "Fills Cleanup on which all layers" "list of Metal/Routing layers" list optional}
				{-selectFill "type of fill to be selected in session" "list of BRIDGE/EXTENSION/STAMP/FLOATING" list optional}
				{-outData "Boolean Flag to output Fill Data for further processing" "" boolean optional}
    {-outDataFile "File path for Fill Data csv file" "Path of CSV file" string optional}
}
<CMD> define_proc_arguments ProcessFills_fast_stampOnly -info {This procedure processes Fill types} -define_args {
    {-fillInfo "Design Fill data" "" list required}
	
}
<CMD> define_proc_arguments FillQor_fast_stampOnly -info {This procedure extracts fill details from innovus db} -define_args {
    {-layers "Fills Cleanup on which all layers" "list of Metal/Routing layers" list optional}
}
<CMD> win
<CMD> set enc_check_rename_command_name 1
<CMD> is_common_ui_mode
<CMD> restoreDesign /home/vlsitech_01/Cadence-RTL-to-GDSII-Flow-main/kasro/FFT/PnR/FFT_M6_Power_Plan.inn.dat FFT
#% Begin load design ... (date=10/27 15:01:02, mem=1145.7M)
Loading design 'FFT' saved by 'Innovus' '22.10-p001_1' on 'Mon Oct 27 03:38:49 2025'.
% Begin Load MMMC data ... (date=10/27 15:01:02, mem=1147.7M)
% End Load MMMC data ... (date=10/27 15:01:03, total cpu=0:00:00.0, real=0:00:01.0, peak res=1148.9M, current mem=1148.9M)
rc_corner

Loading LEF file /home/vlsitech_01/Cadence-RTL-to-GDSII-Flow-main/kasro/FFT/PnR/FFT_M6_Power_Plan.inn.dat/libs/lef/gsclib045_tech.lef ...

Loading LEF file /home/vlsitech_01/Cadence-RTL-to-GDSII-Flow-main/kasro/FFT/PnR/FFT_M6_Power_Plan.inn.dat/libs/lef/gsclib045_macro.lef ...
Set DBUPerIGU to M2 pitch 400.
**WARN: (IMPLF-200):	Pin 'A' in macro 'ANTENNA' has no ANTENNAGATEAREA value defined. The library data is incomplete and some process antenna rules will not be checked correctly.
Type 'man IMPLF-200' for more detail.

##  Check design process and node:  
##  Both design process and tech node are not set.

Loading view definition file from /home/vlsitech_01/Cadence-RTL-to-GDSII-Flow-main/kasro/FFT/PnR/FFT_M6_Power_Plan.inn.dat/viewDefinition.tcl
Reading fft_slow timing library '/home/vlsitech_01/Cadence-RTL-to-GDSII-Flow-main/LIB/slow_vdd1v0_basiccells.lib' ...
**WARN: (TECHLIB-302):	No function defined for cell 'ANTENNA'. The cell will only be used for analysis. (File /home/vlsitech_01/Cadence-RTL-to-GDSII-Flow-main/LIB/slow_vdd1v0_basiccells.lib)
Read 480 cells in library 'slow_vdd1v0' 
Reading fft_fast timing library '/home/vlsitech_01/Cadence-RTL-to-GDSII-Flow-main/LIB/fast_vdd1v0_basicCells.lib' ...
**WARN: (TECHLIB-302):	No function defined for cell 'ANTENNA'. The cell will only be used for analysis. (File /home/vlsitech_01/Cadence-RTL-to-GDSII-Flow-main/LIB/fast_vdd1v0_basicCells.lib)
Read 480 cells in library 'fast_vdd1v0' 
*** End library_loading (cpu=0.03min, real=0.02min, mem=20.9M, fe_cpu=0.67min, fe_real=1.68min, fe_mem=1280.9M) ***
% Begin Load netlist data ... (date=10/27 15:01:04, mem=1168.3M)
*** Begin netlist parsing (mem=1280.9M) ***
Created 480 new cells from 2 timing libraries.
Reading netlist ...
Backslashed names will retain backslash and a trailing blank character.
Reading verilogBinary netlist '/home/vlsitech_01/Cadence-RTL-to-GDSII-Flow-main/kasro/FFT/PnR/FFT_M6_Power_Plan.inn.dat/FFT.v.bin'

*** Memory Usage v#1 (Current mem = 1293.891M, initial mem = 527.473M) ***
*** End netlist parsing (cpu=0:00:00.1, real=0:00:01.0, mem=1293.9M) ***
% End Load netlist data ... (date=10/27 15:01:05, total cpu=0:00:00.1, real=0:00:01.0, peak res=1185.1M, current mem=1185.1M)
Set top cell to FFT.
Hooked 960 DB cells to tlib cells.
Starting recursive module instantiation check.
No recursion found.
Building hierarchical netlist for Cell FFT ...
***** UseNewTieNetMode *****.
*** Netlist is unique.
** info: there are 1055 modules.
** info: there are 27423 stdCell insts.

*** Memory Usage v#1 (Current mem = 1359.316M, initial mem = 527.473M) ***
*info: set bottom ioPad orient R0
**WARN: (IMPFP-3961):	The techSite 'CornerSite' has no related standard cells in the LEF/OA library. The calculations for this site type cannot be made unless standard cell models of this type exist in the LEF/OA library. Ignore this warning if the SITE is not used by the library. Alternatively, remove the SITE definition for the LEF/OA library to avoid this message.
Type 'man IMPFP-3961' for more detail.
**WARN: (IMPFP-3961):	The techSite 'IOSite' has no related standard cells in the LEF/OA library. The calculations for this site type cannot be made unless standard cell models of this type exist in the LEF/OA library. Ignore this warning if the SITE is not used by the library. Alternatively, remove the SITE definition for the LEF/OA library to avoid this message.
Type 'man IMPFP-3961' for more detail.
Start create_tracks
Set Shrink Factor to 0.90000
Loading preference file /home/vlsitech_01/Cadence-RTL-to-GDSII-Flow-main/kasro/FFT/PnR/FFT_M6_Power_Plan.inn.dat/gui.pref.tcl ...
addRing command will ignore shorts while creating rings.
addRing command will disallow rings to go over rows.
addRing command will consider rows while creating rings.
The ring targets are set to core/block ring wires.
addStripe will allow jog to connect padcore ring and block ring.

Stripes will not extend to closest target.
When breaking rings, the power planner will consider the existence of blocks.
addStripe will break automatically at non-default domains when generating global stripes over the core area or default domain.
The entire stripe set will break at the domain if one of the nets is not in the domain.
Stripes will not be created over regions without power planning wires.
Offset for stripe breaking is set to 0.
Stripes will stop at the boundary of the specified area.
The power planner will set stripe antenna targets to none (no trimming allowed).
Change floorplan default-technical-site to 'CoreSite'.
*Info: initialize multi-corner CTS.
Total number of combinational cells: 318
Total number of sequential cells: 152
Total number of tristate cells: 10
Total number of level shifter cells: 0
Total number of power gating cells: 0
Total number of isolation cells: 0
Total number of power switch cells: 0
Total number of pulse generator cells: 0
Total number of always on buffers: 0
Total number of retention cells: 0
Total number of physical cells: 0
List of usable buffers: BUFX2 BUFX12 BUFX16 BUFX20 CLKBUFX2 BUFX3 BUFX4 BUFX6 BUFX8 CLKBUFX12 CLKBUFX16 CLKBUFX20 CLKBUFX3 CLKBUFX4 CLKBUFX6 CLKBUFX8
Total number of usable buffers: 16
List of unusable buffers:
Total number of unusable buffers: 0
List of usable inverters: CLKINVX1 CLKINVX2 CLKINVX12 CLKINVX16 CLKINVX20 CLKINVX4 CLKINVX3 CLKINVX6 CLKINVX8 INVX1 INVX2 INVX12 INVX16 INVX20 INVXL INVX3 INVX4 INVX6 INVX8
Total number of usable inverters: 19
List of unusable inverters:
Total number of unusable inverters: 0
List of identified usable delay cells: DLY1X1 DLY1X4 DLY2X1 DLY2X4 DLY3X1 DLY3X4 DLY4X1 DLY4X4
Total number of identified usable delay cells: 8
List of identified unusable delay cells:
Total number of identified unusable delay cells: 0
Reading floorplan file - /home/vlsitech_01/Cadence-RTL-to-GDSII-Flow-main/kasro/FFT/PnR/FFT_M6_Power_Plan.inn.dat/FFT.fp.gz (mem = 1613.5M).
% Begin Load floorplan data ... (date=10/27 15:01:08, mem=1489.4M)
*info: reset 29757 existing net BottomPreferredLayer and AvoidDetour
Deleting old partition specification.
Set FPlanBox to (0 0 857600 853100)
**WARN: (IMPFP-3961):	The techSite 'CornerSite' has no related standard cells in the LEF/OA library. The calculations for this site type cannot be made unless standard cell models of this type exist in the LEF/OA library. Ignore this warning if the SITE is not used by the library. Alternatively, remove the SITE definition for the LEF/OA library to avoid this message.
Type 'man IMPFP-3961' for more detail.
**WARN: (IMPFP-3961):	The techSite 'IOSite' has no related standard cells in the LEF/OA library. The calculations for this site type cannot be made unless standard cell models of this type exist in the LEF/OA library. Ignore this warning if the SITE is not used by the library. Alternatively, remove the SITE definition for the LEF/OA library to avoid this message.
Type 'man IMPFP-3961' for more detail.
Start create_tracks
 ... processed partition successfully.
Reading binary special route file /home/vlsitech_01/Cadence-RTL-to-GDSII-Flow-main/kasro/FFT/PnR/FFT_M6_Power_Plan.inn.dat/FFT.fp.spr.gz (Created by Innovus v22.10-p001_1 on Mon Oct 27 03:38:48 2025, version: 1)
Convert 0 swires and 0 svias from compressed groups
24 swires and 40 svias were compressed
24 swires and 40 svias were decompressed from small or sparse groups
Ending "Read special route file" (total cpu=0:00:00.0, real=0:00:00.0, peak res=1490.5M, current mem=1490.5M)
Extracting standard cell pins and blockage ...... 
Pin and blockage extraction finished
% End Load floorplan data ... (date=10/27 15:01:08, total cpu=0:00:00.1, real=0:00:00.0, peak res=1491.1M, current mem=1491.1M)
Reading congestion map file /home/vlsitech_01/Cadence-RTL-to-GDSII-Flow-main/kasro/FFT/PnR/FFT_M6_Power_Plan.inn.dat/FFT.route.congmap.gz ...
% Begin Load SymbolTable ... (date=10/27 15:01:08, mem=1491.2M)
% End Load SymbolTable ... (date=10/27 15:01:09, total cpu=0:00:00.1, real=0:00:01.0, peak res=1494.8M, current mem=1494.8M)
Loading place ...
% Begin Load placement data ... (date=10/27 15:01:09, mem=1494.8M)
Reading placement file - /home/vlsitech_01/Cadence-RTL-to-GDSII-Flow-main/kasro/FFT/PnR/FFT_M6_Power_Plan.inn.dat/FFT.place.gz.
** Reading stdCellPlacement_binary (Created by Innovus v22.10-p001_1 on Mon Oct 27 03:38:48 2025, version# 2) ...
Read Views for adaptive view pruning ...
Read 0 views from Binary DB for adaptive view pruning
*** Completed restorePlace (cpu=0:00:00.0 real=0:00:00.0 mem=1617.5M) ***
Total net length = 2.911e+01 (1.455e+01 1.455e+01) (ext = 0.000e+00)
% End Load placement data ... (date=10/27 15:01:09, total cpu=0:00:00.1, real=0:00:00.0, peak res=1495.1M, current mem=1494.9M)
% Begin Load routing data ... (date=10/27 15:01:09, mem=1494.9M)
Reading routing file - /home/vlsitech_01/Cadence-RTL-to-GDSII-Flow-main/kasro/FFT/PnR/FFT_M6_Power_Plan.inn.dat/FFT.route.gz.
Reading Innovus routing data (Created by Innovus v22.10-p001_1 on Mon Oct 27 03:38:48 2025 Format: 20.1) ...
*** Total 29167 nets are successfully restored.
*** Completed restoreRoute (cpu=0:00:00.1 real=0:00:00.0 mem=1614.5M) ***
% End Load routing data ... (date=10/27 15:01:09, total cpu=0:00:00.1, real=0:00:00.0, peak res=1496.7M, current mem=1495.7M)
TAT_INFO: restoreCongMap REAL = 0 : CPU = 0 : MEM = 0.
Reading property file /home/vlsitech_01/Cadence-RTL-to-GDSII-Flow-main/kasro/FFT/PnR/FFT_M6_Power_Plan.inn.dat/FFT.prop
*** Completed restoreProperty (cpu=0:00:00.0 real=0:00:00.0 mem=1617.5M) ***
Extraction setup Started 
Initializing multi-corner RC extraction with 1 active RC Corners ...
Reading Capacitance Table File /home/vlsitech_01/Cadence-RTL-to-GDSII-Flow-main/kasro/FFT/PnR/FFT_M6_Power_Plan.inn.dat/libs/mmmc/cln28hpl_1p10m+alrdl_5x2yu2yz_typical.capTbl ...
Cap table was created using Encounter 10.10-b056_1.
Process name: cln28hpl_1p10m+alrdl_5x2yu2yz_typical.
Set Shrink Factor to 0.90000
Importing multi-corner RC tables ... 
Summary of Active RC-Corners : 
 
 Analysis View: view_fft_slow
    RC-Corner Name        : rc_corner
    RC-Corner Index       : 0
    RC-Corner Temperature : 25 Celsius
    RC-Corner Cap Table   : '/home/vlsitech_01/Cadence-RTL-to-GDSII-Flow-main/kasro/FFT/PnR/FFT_M6_Power_Plan.inn.dat/libs/mmmc/cln28hpl_1p10m+alrdl_5x2yu2yz_typical.capTbl'
    RC-Corner PreRoute Res Factor         : 1
    RC-Corner PreRoute Cap Factor         : 1
    RC-Corner PostRoute Res Factor        : 1 {1 1 1}
    RC-Corner PostRoute Cap Factor        : 1 {1 1 1}
    RC-Corner PostRoute XCap Factor       : 1 {1 1 1}
    RC-Corner PreRoute Clock Res Factor   : 1	[Derived from postRoute_res (effortLevel low)]
    RC-Corner PreRoute Clock Cap Factor   : 1	[Derived from postRoute_cap (effortLevel low)]
    RC-Corner PostRoute Clock Cap Factor  : 1 {1 1 1} 	[Derived from postRoute_cap (effortLevel low)]
    RC-Corner PostRoute Clock Res Factor  : 1 {1 1 1} 	[Derived from postRoute_res (effortLevel low)]
    RC-Corner PostRoute Clock coupling capacitance Factor : 1 {1 1 1} 
 
 Analysis View: view_fft_fast
    RC-Corner Name        : rc_corner
    RC-Corner Index       : 0
    RC-Corner Temperature : 25 Celsius
    RC-Corner Cap Table   : '/home/vlsitech_01/Cadence-RTL-to-GDSII-Flow-main/kasro/FFT/PnR/FFT_M6_Power_Plan.inn.dat/libs/mmmc/cln28hpl_1p10m+alrdl_5x2yu2yz_typical.capTbl'
    RC-Corner PreRoute Res Factor         : 1
    RC-Corner PreRoute Cap Factor         : 1
    RC-Corner PostRoute Res Factor        : 1 {1 1 1}
    RC-Corner PostRoute Cap Factor        : 1 {1 1 1}
    RC-Corner PostRoute XCap Factor       : 1 {1 1 1}
    RC-Corner PreRoute Clock Res Factor   : 1	[Derived from postRoute_res (effortLevel low)]
    RC-Corner PreRoute Clock Cap Factor   : 1	[Derived from postRoute_cap (effortLevel low)]
    RC-Corner PostRoute Clock Cap Factor  : 1 {1 1 1} 	[Derived from postRoute_cap (effortLevel low)]
    RC-Corner PostRoute Clock Res Factor  : 1 {1 1 1} 	[Derived from postRoute_res (effortLevel low)]
    RC-Corner PostRoute Clock coupling capacitance Factor : 1 {1 1 1} 
Updating RC grid for preRoute extraction ...
Initializing multi-corner capacitance tables ... 
Initializing multi-corner resistance tables ...
Creating RPSQ from WeeR and WRes ...
Start generating vias ..
#Skip building auto via since it is not turned on.
Extracting standard cell pins and blockage ...... 
Pin and blockage extraction finished
Via generation completed.
% Begin Load power constraints ... (date=10/27 15:01:10, mem=1509.4M)
% End Load power constraints ... (date=10/27 15:01:10, total cpu=0:00:00.0, real=0:00:00.0, peak res=1509.5M, current mem=1509.5M)
delay_corner_fft_slow delay_corner_fft_fast
% Begin load AAE data ... (date=10/27 15:01:10, mem=1523.4M)
% End load AAE data ... (date=10/27 15:01:10, total cpu=0:00:00.0, real=0:00:00.0, peak res=1523.5M, current mem=1523.5M)
Total number of combinational cells: 318
Total number of sequential cells: 152
Total number of tristate cells: 10
Total number of level shifter cells: 0
Total number of power gating cells: 0
Total number of isolation cells: 0
Total number of power switch cells: 0
Total number of pulse generator cells: 0
Total number of always on buffers: 0
Total number of retention cells: 0
Total number of physical cells: 0
List of usable buffers: BUFX2 BUFX12 BUFX16 BUFX20 CLKBUFX2 BUFX3 BUFX4 BUFX6 BUFX8 CLKBUFX12 CLKBUFX16 CLKBUFX20 CLKBUFX3 CLKBUFX4 CLKBUFX6 CLKBUFX8
Total number of usable buffers: 16
List of unusable buffers:
Total number of unusable buffers: 0
List of usable inverters: CLKINVX1 CLKINVX2 CLKINVX12 CLKINVX16 CLKINVX20 CLKINVX4 CLKINVX3 CLKINVX6 CLKINVX8 INVX1 INVX2 INVX12 INVX16 INVX20 INVXL INVX3 INVX4 INVX6 INVX8
Total number of usable inverters: 19
List of unusable inverters:
Total number of unusable inverters: 0
List of identified usable delay cells: DLY1X1 DLY1X4 DLY2X1 DLY2X4 DLY3X1 DLY3X4 DLY4X1 DLY4X4
Total number of identified usable delay cells: 8
List of identified unusable delay cells:
Total number of identified unusable delay cells: 0
#% End load design ... (date=10/27 15:01:10, total cpu=0:00:05.6, real=0:00:08.0, peak res=1553.9M, current mem=1520.7M)

*** Summary of all messages that are not suppressed in this session:
Severity  ID               Count  Summary                                  
WARNING   IMPLF-200            1  Pin '%s' in macro '%s' has no ANTENNAGAT...
WARNING   IMPFP-3961           4  The techSite '%s' has no related standar...
WARNING   TECHLIB-302          2  No function defined for cell '%s'. The c...
*** Message Summary: 7 warning(s), 0 error(s)

<CMD> editDelete -layer M6
**WARN: (IMPSPR-309):	Layer number will be obsoleted in the future release, using the layer name defined in tech lef as input value.
wrong # args: should be "llength list"
<CMD> set sprCreateIeRingOffset 1.0
<CMD> set sprCreateIeRingThreshold 1.0
<CMD> set sprCreateIeRingJogDistance 1.0
<CMD> set sprCreateIeRingLayers {}
<CMD> set sprCreateIeRingOffset 1.0
<CMD> set sprCreateIeRingThreshold 1.0
<CMD> set sprCreateIeRingJogDistance 1.0
<CMD> set sprCreateIeRingLayers {}
<CMD> set sprCreateIeStripeWidth 10.0
<CMD> set sprCreateIeStripeThreshold 1.0
<CMD> set sprCreateIeStripeWidth 10.0
<CMD> set sprCreateIeStripeThreshold 1.0
<CMD> set sprCreateIeRingOffset 1.0
<CMD> set sprCreateIeRingThreshold 1.0
<CMD> set sprCreateIeRingJogDistance 1.0
<CMD> set sprCreateIeRingLayers {}
<CMD> set sprCreateIeStripeWidth 10.0
<CMD> set sprCreateIeStripeThreshold 1.0

viaInitial starts at Mon Oct 27 15:02:26 2025
viaInitial ends at Mon Oct 27 15:02:27 2025
<CMD> selectWire 9.9500 411.5600 418.8500 416.5600 7 VDD
<CMD> deselectAll
<CMD> setAddStripeMode -ignore_block_check false -break_at none -route_over_rows_only false -rows_without_stripes_only false -extend_to_closest_target none -stop_at_last_wire_for_area false -partial_set_thru_domain false -ignore_nondefault_domains false -trim_antenna_back_to_shape none -spacing_type edge_to_edge -spacing_from_block 0 -stripe_min_length stripe_width -stacked_via_top_layer Metal11 -stacked_via_bottom_layer Metal1 -via_using_exact_crossover_size false -split_vias false -orthogonal_only true -allow_jog { padcore_ring  block_ring } -skip_via_on_pin {  standardcell } -skip_via_on_wire_shape {  noshape   }
addStripe will allow jog to connect padcore ring and block ring.

Stripes will stop at the boundary of the specified area.
When breaking rings, the power planner will consider the existence of blocks.
Stripes will not extend to closest target.
The power planner will set stripe antenna targets to none (no trimming allowed).
Stripes will not be created over regions without power planning wires.
The entire stripe set will break at the domain if one of the nets is not in the domain.
addStripe will break automatically at non-default domains when generating global stripes over the core area or default domain.
Offset for stripe breaking is set to 0.
<CMD> addStripe -nets {VDD VSS} -layer Metal6 -direction vertical -width 4 -spacing 1.25 -set_to_set_distance 40 -start_from left -switch_layer_over_obs false -max_same_layer_jog_length 2 -padcore_ring_top_layer_limit Metal11 -padcore_ring_bottom_layer_limit Metal1 -block_ring_top_layer_limit Metal11 -block_ring_bottom_layer_limit Metal1 -use_wire_group 0 -snap_wire_center_to_grid None

Initialize fgc environment(mem: 2249.7M) ...  done(cpu: 0:00:00.0, real: 0:00:00.0, peak mem: 2253.7M)
Loading cell geometries (cpu: 0:00:00.0, real: 0:00:00.0, peak mem: 2253.7M)
Loading wires (cpu: 0:00:00.0, real: 0:00:00.0, peak mem: 2253.7M)
Loading via instances (cpu: 0:00:00.0, real: 0:00:00.0, peak mem: 2253.7M)
Starting stripe generation ...
Non-Default Mode Option Settings :
  -use_exact_spacing  1
Completing 10% stripe generation(cpu: 0:00:00.0, real: 0:00:00.0, peak mem: 2253.7M)
Completing 20% stripe generation(cpu: 0:00:00.0, real: 0:00:00.0, peak mem: 2253.7M)
Completing 30% stripe generation(cpu: 0:00:00.0, real: 0:00:00.0, peak mem: 2253.7M)
Completing 40% stripe generation(cpu: 0:00:00.0, real: 0:00:00.0, peak mem: 2253.7M)
Completing 50% stripe generation(cpu: 0:00:00.0, real: 0:00:00.0, peak mem: 2253.7M)
Completing 60% stripe generation(cpu: 0:00:00.0, real: 0:00:00.0, peak mem: 2253.7M)
Completing 70% stripe generation(cpu: 0:00:00.0, real: 0:00:00.0, peak mem: 2253.7M)
Completing 80% stripe generation(cpu: 0:00:00.0, real: 0:00:00.0, peak mem: 2253.7M)
Completing 90% stripe generation(cpu: 0:00:00.0, real: 0:00:00.0, peak mem: 2253.7M)
Completing 100% stripe generation(cpu: 0:00:00.0, real: 0:00:00.0, peak mem: 2253.7M)
Stripe generation is complete.
vias are now being generated.
addStripe created 22 wires.
ViaGen created 40 vias, deleted 0 via to avoid violation.
+--------+----------------+----------------+
|  Layer |     Created    |     Deleted    |
+--------+----------------+----------------+
| Metal6 |       22       |       NA       |
|  Via6  |       40       |        0       |
+--------+----------------+----------------+
setAddStripeMode -use_exact_spacing is reset to default value: false.
<CMD> undo
<CMD> setAddStripeMode -ignore_block_check false -break_at none -route_over_rows_only false -rows_without_stripes_only false -extend_to_closest_target none -stop_at_last_wire_for_area false -partial_set_thru_domain false -ignore_nondefault_domains false -trim_antenna_back_to_shape none -spacing_type edge_to_edge -spacing_from_block 0 -stripe_min_length stripe_width -stacked_via_top_layer Metal11 -stacked_via_bottom_layer Metal1 -via_using_exact_crossover_size false -split_vias false -orthogonal_only true -allow_jog { padcore_ring  block_ring } -skip_via_on_pin {  standardcell } -skip_via_on_wire_shape {  noshape   }
addStripe will allow jog to connect padcore ring and block ring.

Stripes will stop at the boundary of the specified area.
When breaking rings, the power planner will consider the existence of blocks.
Stripes will not extend to closest target.
The power planner will set stripe antenna targets to none (no trimming allowed).
Stripes will not be created over regions without power planning wires.
The entire stripe set will break at the domain if one of the nets is not in the domain.
addStripe will break automatically at non-default domains when generating global stripes over the core area or default domain.
Offset for stripe breaking is set to 0.
<CMD> addStripe -nets {VDD VSS} -layer Metal6 -direction vertical -width 4 -spacing 1.25 -set_to_set_distance 40 -start_from left -start_offset 12.35 -switch_layer_over_obs false -max_same_layer_jog_length 2 -padcore_ring_top_layer_limit Metal11 -padcore_ring_bottom_layer_limit Metal1 -block_ring_top_layer_limit Metal11 -block_ring_bottom_layer_limit Metal1 -use_wire_group 0 -snap_wire_center_to_grid None

Initialize fgc environment(mem: 2259.9M) ...  done(cpu: 0:00:00.0, real: 0:00:00.0, peak mem: 2259.9M)
Loading cell geometries (cpu: 0:00:00.0, real: 0:00:00.0, peak mem: 2259.9M)
Loading wires (cpu: 0:00:00.0, real: 0:00:00.0, peak mem: 2259.9M)
Loading via instances (cpu: 0:00:00.0, real: 0:00:00.0, peak mem: 2259.9M)
Starting stripe generation ...
Non-Default Mode Option Settings :
  -use_exact_spacing  1
Completing 10% stripe generation(cpu: 0:00:00.0, real: 0:00:00.0, peak mem: 2259.9M)
Completing 20% stripe generation(cpu: 0:00:00.0, real: 0:00:00.0, peak mem: 2259.9M)
Completing 30% stripe generation(cpu: 0:00:00.0, real: 0:00:00.0, peak mem: 2259.9M)
Completing 40% stripe generation(cpu: 0:00:00.0, real: 0:00:00.0, peak mem: 2259.9M)
Completing 50% stripe generation(cpu: 0:00:00.0, real: 0:00:00.0, peak mem: 2259.9M)
Completing 60% stripe generation(cpu: 0:00:00.0, real: 0:00:00.0, peak mem: 2259.9M)
Completing 70% stripe generation(cpu: 0:00:00.0, real: 0:00:00.0, peak mem: 2259.9M)
Completing 80% stripe generation(cpu: 0:00:00.0, real: 0:00:00.0, peak mem: 2259.9M)
Completing 90% stripe generation(cpu: 0:00:00.0, real: 0:00:00.0, peak mem: 2259.9M)
Completing 100% stripe generation(cpu: 0:00:00.0, real: 0:00:00.0, peak mem: 2259.9M)
Stripe generation is complete.
vias are now being generated.
addStripe created 20 wires.
ViaGen created 40 vias, deleted 0 via to avoid violation.
+--------+----------------+----------------+
|  Layer |     Created    |     Deleted    |
+--------+----------------+----------------+
| Metal6 |       20       |       NA       |
|  Via6  |       40       |        0       |
+--------+----------------+----------------+
setAddStripeMode -use_exact_spacing is reset to default value: false.
<CMD> setAddStripeMode -ignore_block_check false -break_at none -route_over_rows_only false -rows_without_stripes_only false -extend_to_closest_target none -stop_at_last_wire_for_area false -partial_set_thru_domain false -ignore_nondefault_domains false -trim_antenna_back_to_shape none -spacing_type edge_to_edge -spacing_from_block 0 -stripe_min_length stripe_width -stacked_via_top_layer Metal11 -stacked_via_bottom_layer Metal1 -via_using_exact_crossover_size false -split_vias false -orthogonal_only true -allow_jog { padcore_ring  block_ring } -skip_via_on_pin {  standardcell } -skip_via_on_wire_shape {  noshape   }
addStripe will allow jog to connect padcore ring and block ring.

Stripes will stop at the boundary of the specified area.
When breaking rings, the power planner will consider the existence of blocks.
Stripes will not extend to closest target.
The power planner will set stripe antenna targets to none (no trimming allowed).
Stripes will not be created over regions without power planning wires.
The entire stripe set will break at the domain if one of the nets is not in the domain.
addStripe will break automatically at non-default domains when generating global stripes over the core area or default domain.
Offset for stripe breaking is set to 0.
<CMD> addStripe -nets {VDD VSS} -layer Metal6 -direction vertical -width 4 -spacing 1.25 -set_to_set_distance 40 -start_from left -start_offset 12.35 -switch_layer_over_obs false -max_same_layer_jog_length 2 -padcore_ring_top_layer_limit Metal11 -padcore_ring_bottom_layer_limit Metal1 -block_ring_top_layer_limit Metal11 -block_ring_bottom_layer_limit Metal1 -use_wire_group 0 -snap_wire_center_to_grid None

Initialize fgc environment(mem: 2256.9M) ...  done(cpu: 0:00:00.0, real: 0:00:00.0, peak mem: 2256.9M)
Loading cell geometries (cpu: 0:00:00.0, real: 0:00:00.0, peak mem: 2256.9M)
Loading wires (cpu: 0:00:00.0, real: 0:00:00.0, peak mem: 2256.9M)
Loading via instances (cpu: 0:00:00.0, real: 0:00:00.0, peak mem: 2256.9M)
Starting stripe generation ...
Non-Default Mode Option Settings :
  -use_exact_spacing  1
Completing 10% stripe generation(cpu: 0:00:00.0, real: 0:00:00.0, peak mem: 2256.9M)
Completing 20% stripe generation(cpu: 0:00:00.0, real: 0:00:00.0, peak mem: 2256.9M)
Completing 30% stripe generation(cpu: 0:00:00.0, real: 0:00:00.0, peak mem: 2256.9M)
Completing 40% stripe generation(cpu: 0:00:00.0, real: 0:00:00.0, peak mem: 2256.9M)
Completing 50% stripe generation(cpu: 0:00:00.0, real: 0:00:00.0, peak mem: 2256.9M)
Completing 60% stripe generation(cpu: 0:00:00.0, real: 0:00:00.0, peak mem: 2256.9M)
Completing 70% stripe generation(cpu: 0:00:00.0, real: 0:00:00.0, peak mem: 2256.9M)
Completing 80% stripe generation(cpu: 0:00:00.0, real: 0:00:00.0, peak mem: 2256.9M)
Completing 90% stripe generation(cpu: 0:00:00.0, real: 0:00:00.0, peak mem: 2256.9M)
Completing 100% stripe generation(cpu: 0:00:00.0, real: 0:00:00.0, peak mem: 2256.9M)
**WARN: (IMPPP-170):	The power planner failed to create a wire at (31.750000, 9.990000) (31.750000, 416.559998) because same wire already exists.
**WARN: (IMPPP-170):	The power planner failed to create a wire at (71.750000, 9.990000) (71.750000, 416.559998) because same wire already exists.
**WARN: (IMPPP-170):	The power planner failed to create a wire at (111.750000, 9.990000) (111.750000, 416.559998) because same wire already exists.
**WARN: (IMPPP-170):	The power planner failed to create a wire at (151.750000, 9.990000) (151.750000, 416.559998) because same wire already exists.
**WARN: (IMPPP-170):	The power planner failed to create a wire at (191.750000, 9.990000) (191.750000, 416.559998) because same wire already exists.
**WARN: (IMPPP-170):	The power planner failed to create a wire at (231.750000, 9.990000) (231.750000, 416.559998) because same wire already exists.
**WARN: (IMPPP-170):	The power planner failed to create a wire at (271.750000, 9.990000) (271.750000, 416.559998) because same wire already exists.
**WARN: (IMPPP-170):	The power planner failed to create a wire at (311.750000, 9.990000) (311.750000, 416.559998) because same wire already exists.
**WARN: (IMPPP-170):	The power planner failed to create a wire at (351.750000, 9.990000) (351.750000, 416.559998) because same wire already exists.
**WARN: (IMPPP-170):	The power planner failed to create a wire at (391.750000, 9.990000) (391.750000, 416.559998) because same wire already exists.
**WARN: (IMPPP-170):	The power planner failed to create a wire at (37.000000, 2.490000) (37.000000, 424.059998) because same wire already exists.
**WARN: (IMPPP-170):	The power planner failed to create a wire at (77.000000, 2.490000) (77.000000, 424.059998) because same wire already exists.
**WARN: (IMPPP-170):	The power planner failed to create a wire at (117.000000, 2.490000) (117.000000, 424.059998) because same wire already exists.
**WARN: (IMPPP-170):	The power planner failed to create a wire at (157.000000, 2.490000) (157.000000, 424.059998) because same wire already exists.
**WARN: (IMPPP-170):	The power planner failed to create a wire at (197.000000, 2.490000) (197.000000, 424.059998) because same wire already exists.
**WARN: (IMPPP-170):	The power planner failed to create a wire at (237.000000, 2.490000) (237.000000, 424.059998) because same wire already exists.
**WARN: (IMPPP-170):	The power planner failed to create a wire at (277.000000, 2.490000) (277.000000, 424.059998) because same wire already exists.
**WARN: (IMPPP-170):	The power planner failed to create a wire at (317.000000, 2.490000) (317.000000, 424.059998) because same wire already exists.
**WARN: (IMPPP-170):	The power planner failed to create a wire at (357.000000, 2.490000) (357.000000, 424.059998) because same wire already exists.
**WARN: (IMPPP-170):	The power planner failed to create a wire at (397.000000, 2.490000) (397.000000, 424.059998) because same wire already exists.
Stripe generation is complete.
setAddStripeMode -use_exact_spacing is reset to default value: false.
<CMD> saveDesign FFT_M6_Power_Plan.inn
#% Begin save design ... (date=10/27 15:05:05, mem=1856.0M)
% Begin Save ccopt configuration ... (date=10/27 15:05:05, mem=1856.0M)
% End Save ccopt configuration ... (date=10/27 15:05:05, total cpu=0:00:00.0, real=0:00:00.0, peak res=1856.8M, current mem=1856.8M)
% Begin Save netlist data ... (date=10/27 15:05:05, mem=1876.6M)
Writing Binary DB to FFT_M6_Power_Plan.inn.dat.tmp/FFT.v.bin in single-threaded mode...
% End Save netlist data ... (date=10/27 15:05:05, total cpu=0:00:00.1, real=0:00:00.0, peak res=1882.5M, current mem=1878.1M)
Saving symbol-table file ...
Saving congestion map file FFT_M6_Power_Plan.inn.dat.tmp/FFT.route.congmap.gz ...
% Begin Save AAE data ... (date=10/27 15:05:06, mem=1879.0M)
Saving AAE Data ...
% End Save AAE data ... (date=10/27 15:05:06, total cpu=0:00:00.0, real=0:00:00.0, peak res=1879.0M, current mem=1879.0M)
Saving preference file FFT_M6_Power_Plan.inn.dat.tmp/gui.pref.tcl ...
Saving mode setting ...
Saving global file ...
% Begin Save floorplan data ... (date=10/27 15:05:06, mem=1883.3M)
Saving floorplan file ...
Convert 0 swires and 0 svias from compressed groups
% End Save floorplan data ... (date=10/27 15:05:06, total cpu=0:00:00.1, real=0:00:00.0, peak res=1883.7M, current mem=1883.7M)
Saving Drc markers ...
... No Drc file written since there is no markers found.
% Begin Save placement data ... (date=10/27 15:05:07, mem=1883.8M)
** Saving stdCellPlacement_binary (version# 2) ...
Save Adaptive View Pruning View Names to Binary file
% End Save placement data ... (date=10/27 15:05:07, total cpu=0:00:00.0, real=0:00:00.0, peak res=1883.8M, current mem=1883.8M)
% Begin Save routing data ... (date=10/27 15:05:07, mem=1883.8M)
Saving route file ...
*** Completed saveRoute (cpu=0:00:00.1 real=0:00:00.0 mem=2292.5M) ***
% End Save routing data ... (date=10/27 15:05:07, total cpu=0:00:00.1, real=0:00:00.0, peak res=1884.1M, current mem=1884.1M)
Saving property file FFT_M6_Power_Plan.inn.dat.tmp/FFT.prop
*** Completed saveProperty (cpu=0:00:00.0 real=0:00:00.0 mem=2295.5M) ***
% Begin Save power constraints data ... (date=10/27 15:05:07, mem=1884.6M)
% End Save power constraints data ... (date=10/27 15:05:07, total cpu=0:00:00.0, real=0:00:00.0, peak res=1884.7M, current mem=1884.7M)
rc_corner
Generated self-contained design FFT_M6_Power_Plan.inn.dat.tmp
fft_fast fft_slow
rc_corner
functional_fft_slow functional_fft_fast
/home/vlsitech_01/Cadence-RTL-to-GDSII-Flow-main/kasro/FFT/PnR/FFT_M6_Power_Plan.inn.dat/libs/mmmc/FFT_slow_sdc.sdc
/home/vlsitech_01/Cadence-RTL-to-GDSII-Flow-main/kasro/FFT/PnR/FFT_M6_Power_Plan.inn.dat/libs/mmmc/FFT_fast_sdc.sdc
#% End save design ... (date=10/27 15:05:08, total cpu=0:00:01.3, real=0:00:03.0, peak res=1914.9M, current mem=1888.4M)
*** Message Summary: 0 warning(s), 0 error(s)

<CMD> setSrouteMode -viaConnectToShape { noshape }
<CMD> sroute -connect { blockPin padPin padRing corePin floatingStripe } -layerChangeRange { Metal1(1) Metal1(1) } -blockPinTarget { nearestTarget } -padPinPortConnect { allPort oneGeom } -padPinTarget { nearestTarget } -corePinTarget { firstAfterRowEnd } -floatingStripeTarget { blockring padring ring stripe ringpin blockpin followpin } -allowJogging 0 -crossoverViaLayerRange { Metal1(1) Metal11(11) } -nets { VDD VSS } -allowLayerChange 0 -blockPin useLef -targetViaLayerRange { Metal1(1) Metal11(11) }
*** Begin SPECIAL ROUTE on Mon Oct 27 15:05:48 2025 ***
SPECIAL ROUTE ran on directory: /home/vlsitech_01/Cadence-RTL-to-GDSII-Flow-main/kasro/FFT/PnR
SPECIAL ROUTE ran on machine: vlsicad (Linux 3.10.0-1160.el7.x86_64 Xeon 2.10Ghz)

Begin option processing ...
srouteConnectPowerBump set to false
routeSelectNet set to "VDD VSS"
routeSpecial set to true
srouteBlockPin set to "useLef"
srouteBottomLayerLimit set to 1
srouteBottomTargetLayerLimit set to 1
srouteConnectConverterPin set to false
srouteCrossoverViaBottomLayer set to 1
srouteCrossoverViaTopLayer set to 11
srouteFloatingStripeTarget set to "blockring padring ring stripe ringpin blockpin followpin"
srouteFollowCorePinEnd set to 3
srouteNoLayerChangeRoute set to true
srouteNoViaOnWireShape set to "padring ring stripe blockring blockpin coverpin blockwire corewire followpin iowire"
sroutePadPinAllPorts set to true
sroutePreserveExistingRoutes set to true
srouteRoutePowerBarPortOnBothDir set to true
srouteStopBlockPin set to "nearestTarget"
srouteStraightConnections set to "straightWithDrcClean"
srouteTopLayerLimit set to 1
srouteTopTargetLayerLimit set to 11
End option processing: cpu: 0:00:00, real: 0:00:00, peak: 3643.00 megs.

Reading DB technology information...
Finished reading DB technology information.
Reading floorplan and netlist information...
Finished reading floorplan and netlist information.
**WARN: (IMPSR-4302):	Cap-table/qrcTechFile is found in the design, so the same information from the technology file will be ignored.
Read in 24 layers, 11 routing layers, 1 overlap layer
Read in 2 nondefault rules, 0 used
Read in 574 macros, 184 used
Read in 184 components
  184 core components: 184 unplaced, 0 placed, 0 fixed
Read in 68 physical pins
  68 physical pins: 0 unplaced, 0 placed, 68 fixed
Read in 12 blockages
Read in 60 nets
Read in 2 special nets, 2 routed
Read in 68 terminals
2 nets selected.

Begin power routing ...
**WARN: (IMPSR-554):	The specified top target layer is beyond top routing layer. Set top target layer to 1.
**WARN: (IMPSR-1253):	Unable to find any standard cell pin connected to the VDD net.
 Run the globalNetConnect command or change the CPF file to ensure that the netlist reflects the correct power ground connections. The standard cell pins must be defined as 'USE POWER' or 'USE GROUND' for the connection.
**WARN: (IMPSR-1254):	Unable to connect the specified objects, since block pins of the VDD net were not found in the design. Check netlist or change the parameter value to include block pins in the design.
**WARN: (IMPSR-1256):	Unable to find any CORE class pad pin of the VDD net due to unavailability of the pin or check netlist in the routing area or layer. Change routing area or layer to include the expected pin or check netlist. Alternatively, change port class in the technology file.
Type 'man IMPSR-1256' for more detail.
Cannot find any AREAIO class pad pin of net VDD. Check net list, or change port class in the technology file, or change option to include pin in given range.
**WARN: (IMPSR-1253):	Unable to find any standard cell pin connected to the VSS net.
 Run the globalNetConnect command or change the CPF file to ensure that the netlist reflects the correct power ground connections. The standard cell pins must be defined as 'USE POWER' or 'USE GROUND' for the connection.
**WARN: (IMPSR-1254):	Unable to connect the specified objects, since block pins of the VSS net were not found in the design. Check netlist or change the parameter value to include block pins in the design.
**WARN: (IMPSR-1256):	Unable to find any CORE class pad pin of the VSS net due to unavailability of the pin or check netlist in the routing area or layer. Change routing area or layer to include the expected pin or check netlist. Alternatively, change port class in the technology file.
Type 'man IMPSR-1256' for more detail.
Cannot find any AREAIO class pad pin of net VSS. Check net list, or change port class in the technology file, or change option to include pin in given range.
**WARN: (IMPSR-468):	Cannot find any standard cell pin connected to net VDD.
Use setSrouteMode -corePinReferenceMacro <standard cell> to specify a reference macro for followpin connection, or run globalNetConnect command or change CPF file to make sure that the netlist reflects the correct power ground connections. The standard cell pins must be defined as "USE POWER" or "USE GROUND".
**WARN: (IMPSR-468):	Cannot find any standard cell pin connected to net VDD.
Use setSrouteMode -corePinReferenceMacro <standard cell> to specify a reference macro for followpin connection, or run globalNetConnect command or change CPF file to make sure that the netlist reflects the correct power ground connections. The standard cell pins must be defined as "USE POWER" or "USE GROUND".
**WARN: (IMPSR-468):	Cannot find any standard cell pin connected to net VSS.
Use setSrouteMode -corePinReferenceMacro <standard cell> to specify a reference macro for followpin connection, or run globalNetConnect command or change CPF file to make sure that the netlist reflects the correct power ground connections. The standard cell pins must be defined as "USE POWER" or "USE GROUND".
**WARN: (IMPSR-468):	Cannot find any standard cell pin connected to net VSS.
Use setSrouteMode -corePinReferenceMacro <standard cell> to specify a reference macro for followpin connection, or run globalNetConnect command or change CPF file to make sure that the netlist reflects the correct power ground connections. The standard cell pins must be defined as "USE POWER" or "USE GROUND".
**WARN: (IMPSR-468):	Cannot find any standard cell pin connected to net VDD.
Use setSrouteMode -corePinReferenceMacro <standard cell> to specify a reference macro for followpin connection, or run globalNetConnect command or change CPF file to make sure that the netlist reflects the correct power ground connections. The standard cell pins must be defined as "USE POWER" or "USE GROUND".
**WARN: (IMPSR-468):	Cannot find any standard cell pin connected to net VSS.
Use setSrouteMode -corePinReferenceMacro <standard cell> to specify a reference macro for followpin connection, or run globalNetConnect command or change CPF file to make sure that the netlist reflects the correct power ground connections. The standard cell pins must be defined as "USE POWER" or "USE GROUND".
**WARN: (IMPSR-468):	Cannot find any standard cell pin connected to net VDD.
Use setSrouteMode -corePinReferenceMacro <standard cell> to specify a reference macro for followpin connection, or run globalNetConnect command or change CPF file to make sure that the netlist reflects the correct power ground connections. The standard cell pins must be defined as "USE POWER" or "USE GROUND".
CPU time for VDD FollowPin 0 seconds
**WARN: (IMPSR-468):	Cannot find any standard cell pin connected to net VSS.
Use setSrouteMode -corePinReferenceMacro <standard cell> to specify a reference macro for followpin connection, or run globalNetConnect command or change CPF file to make sure that the netlist reflects the correct power ground connections. The standard cell pins must be defined as "USE POWER" or "USE GROUND".
CPU time for VSS FollowPin 0 seconds
**WARN: (IMPSR-486):	Ring/Stripe at (9.950, 9.990) (14.950, 416.560) on layer Metal8 is out of layer range and is ignored. The ports will route to other nearby rings/stripes. (Same type of warning will be suppressed)
  Number of IO ports routed: 0
  Number of Block ports routed: 0
  Number of Stripe ports routed: 0
  Number of Core ports routed: 0  open: 440
  Number of Pad ports routed: 0
  Number of Power Bump ports routed: 0
  Number of Followpin connections: 220
End power routing: cpu: 0:00:00, real: 0:00:00, peak: 3656.00 megs.



 Begin updating DB with routing results ...
 Updating DB with 68 io pins ...
 Updating DB with 0 via definition ...
sroute created 220 wires.
ViaGen created 0 via, deleted 0 via to avoid violation.
+--------+----------------+----------------+
|  Layer |     Created    |     Deleted    |
+--------+----------------+----------------+
| Metal1 |       220      |       NA       |
+--------+----------------+----------------+
<CMD> setSrouteMode -viaConnectToShape { noshape }
<CMD> sroute -connect { blockPin padPin padRing corePin floatingStripe } -layerChangeRange { Metal1(1) Metal1(1) } -blockPinTarget { nearestTarget } -padPinPortConnect { allPort oneGeom } -padPinTarget { nearestTarget } -corePinTarget { firstAfterRowEnd } -floatingStripeTarget { blockring padring ring stripe ringpin blockpin followpin } -allowJogging 0 -crossoverViaLayerRange { Metal1(1) Metal11(11) } -nets { VDD VSS } -allowLayerChange 0 -blockPin useLef -targetViaLayerRange { Metal1(1) Metal11(11) }
*** Begin SPECIAL ROUTE on Mon Oct 27 15:05:51 2025 ***
SPECIAL ROUTE ran on directory: /home/vlsitech_01/Cadence-RTL-to-GDSII-Flow-main/kasro/FFT/PnR
SPECIAL ROUTE ran on machine: vlsicad (Linux 3.10.0-1160.el7.x86_64 Xeon 2.10Ghz)

Begin option processing ...
srouteConnectPowerBump set to false
routeSelectNet set to "VDD VSS"
routeSpecial set to true
srouteBlockPin set to "useLef"
srouteBottomLayerLimit set to 1
srouteBottomTargetLayerLimit set to 1
srouteConnectConverterPin set to false
srouteCrossoverViaBottomLayer set to 1
srouteCrossoverViaTopLayer set to 11
srouteFloatingStripeTarget set to "blockring padring ring stripe ringpin blockpin followpin"
srouteFollowCorePinEnd set to 3
srouteNoLayerChangeRoute set to true
srouteNoViaOnWireShape set to "padring ring stripe blockring blockpin coverpin blockwire corewire followpin iowire"
sroutePadPinAllPorts set to true
sroutePreserveExistingRoutes set to true
srouteRoutePowerBarPortOnBothDir set to true
srouteStopBlockPin set to "nearestTarget"
srouteStraightConnections set to "straightWithDrcClean"
srouteTopLayerLimit set to 1
srouteTopTargetLayerLimit set to 11
End option processing: cpu: 0:00:00, real: 0:00:00, peak: 3656.00 megs.

Reading DB technology information...
Finished reading DB technology information.
Reading floorplan and netlist information...
Finished reading floorplan and netlist information.
**WARN: (IMPSR-4302):	Cap-table/qrcTechFile is found in the design, so the same information from the technology file will be ignored.
Read in 24 layers, 11 routing layers, 1 overlap layer
Read in 2 nondefault rules, 0 used
Read in 574 macros, 184 used
Read in 184 components
  184 core components: 184 unplaced, 0 placed, 0 fixed
Read in 68 physical pins
  68 physical pins: 0 unplaced, 0 placed, 68 fixed
Read in 12 blockages
Read in 60 nets
Read in 2 special nets, 2 routed
Read in 68 terminals
2 nets selected.

Begin power routing ...
**WARN: (IMPSR-554):	The specified top target layer is beyond top routing layer. Set top target layer to 1.
**WARN: (IMPSR-1253):	Unable to find any standard cell pin connected to the VDD net.
 Run the globalNetConnect command or change the CPF file to ensure that the netlist reflects the correct power ground connections. The standard cell pins must be defined as 'USE POWER' or 'USE GROUND' for the connection.
**WARN: (IMPSR-1254):	Unable to connect the specified objects, since block pins of the VDD net were not found in the design. Check netlist or change the parameter value to include block pins in the design.
**WARN: (IMPSR-1256):	Unable to find any CORE class pad pin of the VDD net due to unavailability of the pin or check netlist in the routing area or layer. Change routing area or layer to include the expected pin or check netlist. Alternatively, change port class in the technology file.
Type 'man IMPSR-1256' for more detail.
Cannot find any AREAIO class pad pin of net VDD. Check net list, or change port class in the technology file, or change option to include pin in given range.
**WARN: (IMPSR-1253):	Unable to find any standard cell pin connected to the VSS net.
 Run the globalNetConnect command or change the CPF file to ensure that the netlist reflects the correct power ground connections. The standard cell pins must be defined as 'USE POWER' or 'USE GROUND' for the connection.
**WARN: (IMPSR-1254):	Unable to connect the specified objects, since block pins of the VSS net were not found in the design. Check netlist or change the parameter value to include block pins in the design.
**WARN: (IMPSR-1256):	Unable to find any CORE class pad pin of the VSS net due to unavailability of the pin or check netlist in the routing area or layer. Change routing area or layer to include the expected pin or check netlist. Alternatively, change port class in the technology file.
Type 'man IMPSR-1256' for more detail.
Cannot find any AREAIO class pad pin of net VSS. Check net list, or change port class in the technology file, or change option to include pin in given range.
**WARN: (IMPSR-468):	Cannot find any standard cell pin connected to net VDD.
Use setSrouteMode -corePinReferenceMacro <standard cell> to specify a reference macro for followpin connection, or run globalNetConnect command or change CPF file to make sure that the netlist reflects the correct power ground connections. The standard cell pins must be defined as "USE POWER" or "USE GROUND".
**WARN: (IMPSR-468):	Cannot find any standard cell pin connected to net VDD.
Use setSrouteMode -corePinReferenceMacro <standard cell> to specify a reference macro for followpin connection, or run globalNetConnect command or change CPF file to make sure that the netlist reflects the correct power ground connections. The standard cell pins must be defined as "USE POWER" or "USE GROUND".
**WARN: (IMPSR-468):	Cannot find any standard cell pin connected to net VSS.
Use setSrouteMode -corePinReferenceMacro <standard cell> to specify a reference macro for followpin connection, or run globalNetConnect command or change CPF file to make sure that the netlist reflects the correct power ground connections. The standard cell pins must be defined as "USE POWER" or "USE GROUND".
**WARN: (IMPSR-468):	Cannot find any standard cell pin connected to net VSS.
Use setSrouteMode -corePinReferenceMacro <standard cell> to specify a reference macro for followpin connection, or run globalNetConnect command or change CPF file to make sure that the netlist reflects the correct power ground connections. The standard cell pins must be defined as "USE POWER" or "USE GROUND".
**WARN: (IMPSR-468):	Cannot find any standard cell pin connected to net VDD.
Use setSrouteMode -corePinReferenceMacro <standard cell> to specify a reference macro for followpin connection, or run globalNetConnect command or change CPF file to make sure that the netlist reflects the correct power ground connections. The standard cell pins must be defined as "USE POWER" or "USE GROUND".
**WARN: (IMPSR-468):	Cannot find any standard cell pin connected to net VSS.
Use setSrouteMode -corePinReferenceMacro <standard cell> to specify a reference macro for followpin connection, or run globalNetConnect command or change CPF file to make sure that the netlist reflects the correct power ground connections. The standard cell pins must be defined as "USE POWER" or "USE GROUND".
**WARN: (IMPSR-468):	Cannot find any standard cell pin connected to net VDD.
Use setSrouteMode -corePinReferenceMacro <standard cell> to specify a reference macro for followpin connection, or run globalNetConnect command or change CPF file to make sure that the netlist reflects the correct power ground connections. The standard cell pins must be defined as "USE POWER" or "USE GROUND".
CPU time for VDD FollowPin 0 seconds
**WARN: (IMPSR-468):	Cannot find any standard cell pin connected to net VSS.
Use setSrouteMode -corePinReferenceMacro <standard cell> to specify a reference macro for followpin connection, or run globalNetConnect command or change CPF file to make sure that the netlist reflects the correct power ground connections. The standard cell pins must be defined as "USE POWER" or "USE GROUND".
CPU time for VSS FollowPin 0 seconds
**WARN: (IMPSR-486):	Ring/Stripe at (9.950, 9.990) (14.950, 416.560) on layer Metal8 is out of layer range and is ignored. The ports will route to other nearby rings/stripes. (Same type of warning will be suppressed)
  Number of IO ports routed: 0
  Number of Block ports routed: 0
  Number of Stripe ports routed: 0
  Number of Core ports routed: 0  open: 440
  Number of Pad ports routed: 0
  Number of Power Bump ports routed: 0
End power routing: cpu: 0:00:00, real: 0:00:00, peak: 3658.00 megs.



 Begin updating DB with routing results ...
 Updating DB with 68 io pins ...
 Updating DB with 0 via definition ...
sroute created 0 wire.
ViaGen created 0 via, deleted 0 via to avoid violation.
<CMD> editPowerVia -skip_via_on_pin Standardcell -bottom_layer Metal1 -nets {VDD VSS} -add_vias 1 -top_layer Metal11

ViaGen created 11000 vias, deleted 0 via to avoid violation.
+--------+----------------+----------------+
|  Layer |     Created    |     Deleted    |
+--------+----------------+----------------+
|  Via1  |      2200      |        0       |
|  Via2  |      2200      |        0       |
|  Via3  |      2200      |        0       |
|  Via4  |      2200      |        0       |
|  Via5  |      2200      |        0       |
+--------+----------------+----------------+
<CMD> set sprEpvLayers {}
<CMD> editPowerVia -skip_via_on_pin Standardcell -bottom_layer Metal1 -nets {VDD VSS} -add_vias 1 -top_layer Metal11

ViaGen created 0 via, deleted 0 via to avoid violation.
<CMD> set sprEpvLayers {}
<CMD> setLayerPreference violation -isVisible 0
<CMD> zoomBox -32.14800 146.05750 189.18450 254.73350
<CMD> zoomBox -5.43750 165.82300 130.48850 232.56400
<CMD> zoomBox 14.88150 180.84300 85.83600 215.68250
<CMD> zoomBox 23.44250 187.10550 67.01950 208.50200
<CMD> zoomBox 25.48700 188.58750 62.52700 206.77450
<CMD> zoomBox 23.44250 187.11050 67.01900 208.50700
<CMD> fit
<CMD> saveDesign FFT_Power_Plan.inn
#% Begin save design ... (date=10/27 15:07:43, mem=1903.7M)
% Begin Save ccopt configuration ... (date=10/27 15:07:43, mem=1903.7M)
% End Save ccopt configuration ... (date=10/27 15:07:43, total cpu=0:00:00.0, real=0:00:00.0, peak res=1903.7M, current mem=1901.8M)
% Begin Save netlist data ... (date=10/27 15:07:43, mem=1901.8M)
Writing Binary DB to FFT_Power_Plan.inn.dat/FFT.v.bin in single-threaded mode...
% End Save netlist data ... (date=10/27 15:07:43, total cpu=0:00:00.1, real=0:00:00.0, peak res=1903.1M, current mem=1903.1M)
Saving symbol-table file ...
Saving congestion map file FFT_Power_Plan.inn.dat/FFT.route.congmap.gz ...
% Begin Save AAE data ... (date=10/27 15:07:44, mem=1903.8M)
Saving AAE Data ...
% End Save AAE data ... (date=10/27 15:07:44, total cpu=0:00:00.0, real=0:00:00.0, peak res=1903.8M, current mem=1903.8M)
Saving preference file FFT_Power_Plan.inn.dat/gui.pref.tcl ...
Saving mode setting ...
Saving global file ...
% Begin Save floorplan data ... (date=10/27 15:07:44, mem=1904.7M)
Saving floorplan file ...
Convert 0 swires and 0 svias from compressed groups
% End Save floorplan data ... (date=10/27 15:07:45, total cpu=0:00:00.1, real=0:00:01.0, peak res=1904.7M, current mem=1904.7M)
Saving Drc markers ...
... 440 markers are saved ...
... 0 geometry drc markers are saved ...
... 0 antenna drc markers are saved ...
% Begin Save placement data ... (date=10/27 15:07:45, mem=1904.7M)
** Saving stdCellPlacement_binary (version# 2) ...
Save Adaptive View Pruning View Names to Binary file
% End Save placement data ... (date=10/27 15:07:45, total cpu=0:00:00.0, real=0:00:00.0, peak res=1904.7M, current mem=1904.7M)
% Begin Save routing data ... (date=10/27 15:07:45, mem=1904.7M)
Saving route file ...
*** Completed saveRoute (cpu=0:00:00.0 real=0:00:00.0 mem=2360.7M) ***
% End Save routing data ... (date=10/27 15:07:45, total cpu=0:00:00.1, real=0:00:00.0, peak res=1904.9M, current mem=1904.9M)
Saving property file FFT_Power_Plan.inn.dat/FFT.prop
*** Completed saveProperty (cpu=0:00:00.0 real=0:00:00.0 mem=2363.7M) ***
% Begin Save power constraints data ... (date=10/27 15:07:45, mem=1904.9M)
% End Save power constraints data ... (date=10/27 15:07:45, total cpu=0:00:00.0, real=0:00:00.0, peak res=1904.9M, current mem=1904.9M)
rc_corner
Generated self-contained design FFT_Power_Plan.inn.dat
fft_fast fft_slow
rc_corner
functional_fft_slow functional_fft_fast
/home/vlsitech_01/Cadence-RTL-to-GDSII-Flow-main/kasro/FFT/PnR/FFT_M6_Power_Plan.inn.dat/libs/mmmc/FFT_slow_sdc.sdc
/home/vlsitech_01/Cadence-RTL-to-GDSII-Flow-main/kasro/FFT/PnR/FFT_M6_Power_Plan.inn.dat/libs/mmmc/FFT_fast_sdc.sdc
#% End save design ... (date=10/27 15:07:46, total cpu=0:00:01.3, real=0:00:03.0, peak res=1937.8M, current mem=1903.7M)
*** Message Summary: 0 warning(s), 0 error(s)

<CMD> saveDesign FFT_Power_Plan.inn
#% Begin save design ... (date=10/27 15:07:55, mem=1903.8M)
% Begin Save ccopt configuration ... (date=10/27 15:07:55, mem=1903.8M)
% End Save ccopt configuration ... (date=10/27 15:07:55, total cpu=0:00:00.0, real=0:00:00.0, peak res=1904.0M, current mem=1904.0M)
% Begin Save netlist data ... (date=10/27 15:07:55, mem=1904.0M)
Writing Binary DB to FFT_Power_Plan.inn.dat.tmp/FFT.v.bin in single-threaded mode...
% End Save netlist data ... (date=10/27 15:07:55, total cpu=0:00:00.1, real=0:00:00.0, peak res=1904.3M, current mem=1904.3M)
Saving symbol-table file ...
Saving congestion map file FFT_Power_Plan.inn.dat.tmp/FFT.route.congmap.gz ...
% Begin Save AAE data ... (date=10/27 15:07:56, mem=1904.3M)
Saving AAE Data ...
% End Save AAE data ... (date=10/27 15:07:56, total cpu=0:00:00.0, real=0:00:00.0, peak res=1904.3M, current mem=1904.3M)
Saving preference file FFT_Power_Plan.inn.dat.tmp/gui.pref.tcl ...
Saving mode setting ...
Saving global file ...
% Begin Save floorplan data ... (date=10/27 15:07:56, mem=1904.3M)
Saving floorplan file ...
Convert 0 swires and 0 svias from compressed groups
% End Save floorplan data ... (date=10/27 15:07:56, total cpu=0:00:00.1, real=0:00:00.0, peak res=1904.3M, current mem=1904.3M)
Saving Drc markers ...
... 440 markers are saved ...
... 0 geometry drc markers are saved ...
... 0 antenna drc markers are saved ...
% Begin Save placement data ... (date=10/27 15:07:57, mem=1904.3M)
** Saving stdCellPlacement_binary (version# 2) ...
Save Adaptive View Pruning View Names to Binary file
% End Save placement data ... (date=10/27 15:07:57, total cpu=0:00:00.0, real=0:00:00.0, peak res=1904.3M, current mem=1904.3M)
% Begin Save routing data ... (date=10/27 15:07:57, mem=1904.3M)
Saving route file ...
*** Completed saveRoute (cpu=0:00:00.0 real=0:00:00.0 mem=2372.5M) ***
% End Save routing data ... (date=10/27 15:07:57, total cpu=0:00:00.1, real=0:00:00.0, peak res=1904.3M, current mem=1904.3M)
Saving property file FFT_Power_Plan.inn.dat.tmp/FFT.prop
*** Completed saveProperty (cpu=0:00:00.0 real=0:00:00.0 mem=2375.5M) ***
% Begin Save power constraints data ... (date=10/27 15:07:57, mem=1904.3M)
% End Save power constraints data ... (date=10/27 15:07:57, total cpu=0:00:00.0, real=0:00:00.0, peak res=1904.3M, current mem=1904.3M)
rc_corner
Generated self-contained design FFT_Power_Plan.inn.dat.tmp
fft_fast fft_slow
rc_corner
functional_fft_slow functional_fft_fast
/home/vlsitech_01/Cadence-RTL-to-GDSII-Flow-main/kasro/FFT/PnR/FFT_M6_Power_Plan.inn.dat/libs/mmmc/FFT_slow_sdc.sdc
/home/vlsitech_01/Cadence-RTL-to-GDSII-Flow-main/kasro/FFT/PnR/FFT_M6_Power_Plan.inn.dat/libs/mmmc/FFT_fast_sdc.sdc
#% End save design ... (date=10/27 15:07:58, total cpu=0:00:01.3, real=0:00:03.0, peak res=1904.4M, current mem=1904.4M)
*** Message Summary: 0 warning(s), 0 error(s)

<CMD> defOut -floorplan FFT_floorplan.def
Writing DEF file 'FFT_floorplan.def', current time is Mon Oct 27 15:08:29 2025 ...
unitPerMicron=2000, dbgMicronPerDBU=0.000500, unitPerDBU=1.000000
DEF file 'FFT_floorplan.def' is written, current time is Mon Oct 27 15:08:29 2025 ...

*** Memory Usage v#1 (Current mem = 2374.691M, initial mem = 527.473M) ***
*** Message Summary: 62 warning(s), 0 error(s)

--- Ending "Innovus" (totcpu=0:01:58, real=0:09:12, mem=2374.7M) ---
