###############################################################
#  Generated by:      Cadence Innovus 22.10-p001_1
#  OS:                Linux x86_64(Host ID vlsicad)
#  Generated on:      Wed Oct  8 17:32:28 2025
#  Design:            FFT
#  Command:           report_ccopt_skew_groups -file ./reports/route_design/ccopt_skew_groups.rpt
###############################################################

Skew Group Structure:
=====================

------------------------------------------------------------------------------
Skew Group                 Sources    Constrained Sinks    Unconstrained Sinks
------------------------------------------------------------------------------
clk/functional_fft_fast       1             2358                    0
clk/functional_fft_slow       1             2358                    0
------------------------------------------------------------------------------

Skew Group Summary:
===================

-------------------------------------------------------------------------------------------------------------------------------------------------------------------------------------------
Timing Corner                        Skew Group                 ID Target    Min ID    Max ID    Avg ID    Std.Dev. ID    Skew Target Type    Skew Target    Skew     Skew window occupancy
-------------------------------------------------------------------------------------------------------------------------------------------------------------------------------------------
delay_corner_fft_slow:setup.early    clk/functional_fft_fast        -        1.697     1.865     1.798        0.033       explicit             0.500         0.167    100% {1.697, 1.865}
                                     clk/functional_fft_slow        -        1.697     1.865     1.798        0.033       explicit             0.500         0.167    100% {1.697, 1.865}
delay_corner_fft_slow:setup.late     clk/functional_fft_fast    *2.000       1.698     1.866     1.800        0.033       explicit             0.250         0.167    100% {1.698, 1.866}
                                     clk/functional_fft_slow    *2.000       1.698     1.866     1.800        0.033       explicit             0.250         0.167    100% {1.698, 1.866}
delay_corner_fft_fast:hold.early     clk/functional_fft_fast        -        0.449     0.513     0.480        0.013       explicit             0.500         0.064    100% {0.449, 0.513}
                                     clk/functional_fft_slow        -        0.449     0.513     0.480        0.013       explicit             0.500         0.064    100% {0.449, 0.513}
delay_corner_fft_fast:hold.late      clk/functional_fft_fast        -        0.451     0.515     0.482        0.014       explicit             0.500         0.064    100% {0.451, 0.515}
                                     clk/functional_fft_slow        -        0.451     0.515     0.482        0.014       explicit             0.500         0.064    100% {0.451, 0.515}
-------------------------------------------------------------------------------------------------------------------------------------------------------------------------------------------

* - indicates that target was not met.

Skew Group Min/Max path pins:
=============================

----------------------------------------------------------------------------------------------------
Timing Corner                        Skew Group                 Min ID    PathID    Max ID    PathID
----------------------------------------------------------------------------------------------------
delay_corner_fft_slow:setup.early    clk/functional_fft_fast    1.697        1      1.865        2
-    min result_r_reg[22][14]/CK
-    max rom8_count_reg[4]/CK
                                     clk/functional_fft_slow    1.697        9      1.865       10
-    min result_r_reg[22][14]/CK
-    max rom8_count_reg[4]/CK
delay_corner_fft_slow:setup.late     clk/functional_fft_fast    1.698        3      1.866        4
-    min result_r_reg[22][14]/CK
-    max shift_16_shift_reg_r_reg[81]/CK
                                     clk/functional_fft_slow    1.698       11      1.866       12
-    min result_r_reg[22][14]/CK
-    max shift_16_shift_reg_r_reg[81]/CK
delay_corner_fft_fast:hold.early     clk/functional_fft_fast    0.449        5      0.513        6
-    min shift_8_shift_reg_r_reg[84]/CK
-    max shift_2_shift_reg_i_reg[10]/CK
                                     clk/functional_fft_slow    0.449       13      0.513       14
-    min shift_8_shift_reg_r_reg[84]/CK
-    max shift_2_shift_reg_i_reg[10]/CK
delay_corner_fft_fast:hold.late      clk/functional_fft_fast    0.451        7      0.515        8
-    min shift_8_shift_reg_r_reg[84]/CK
-    max shift_2_shift_reg_i_reg[33]/CK
                                     clk/functional_fft_slow    0.451       15      0.515       16
-    min shift_8_shift_reg_r_reg[84]/CK
-    max shift_2_shift_reg_i_reg[33]/CK
----------------------------------------------------------------------------------------------------

Timing for timing corner delay_corner_fft_slow:setup.early, min clock_path:
===========================================================================

PathID    : 1
Path type : skew group clk/functional_fft_fast (path 1 of 1)
Start     : clk
End       : result_r_reg[22][14]/CK
Delay     : 1.697

-------------------------------------------------------------------------------------------------
Name  Lib cell   Event  Incr   Arrival  Slew   Cap    Location           Distance  Fanout  Status
                        (ns)   (ns)     (ns)   (pF)                      (um)              
-- Clockpath trace ------------------------------------------------------------------------------
clk
-     -          rise   -       0.000   0.004  0.120  (211.900,421.610)  -           10    
CTS_cdb_buf_00170/A
-     BUFX2      rise   0.049   0.049   0.101  -      (408.500,239.875)  378.335   -       
CTS_cdb_buf_00170/Y
-     BUFX2      rise   0.191   0.241   0.147  0.013  (408.135,240.340)    0.830      1    
CTS_cdb_buf_00171/A
-     BUFX2      rise   0.003   0.243   0.147  -      (350.700,202.255)   95.520   -       
CTS_cdb_buf_00171/Y
-     BUFX2      rise   0.203   0.447   0.126  0.011  (350.335,202.720)    0.830      1    
CTS_cdb_buf_00172/A
-     BUFX2      rise   0.001   0.448   0.126  -      (344.100,270.655)   74.170   -       
CTS_cdb_buf_00172/Y
-     BUFX2      rise   0.205   0.653   0.149  0.013  (343.735,271.120)    0.830      1    
CTS_cdb_buf_00173/A
-     BUFX2      rise   0.002   0.655   0.149  -      (379.700,212.515)   94.570   -       
CTS_cdb_buf_00173/Y
-     BUFX2      rise   0.255   0.910   0.222  0.020  (379.335,212.980)    0.830      1    
CTS_cdb_buf_00174/A
-     BUFX2      rise   0.006   0.915   0.222  -      (258.300,243.295)  151.350   -       
CTS_cdb_buf_00174/Y
-     BUFX2      rise   0.294   1.210   0.225  0.020  (257.935,243.760)    0.830      1    
CTS_ccl_a_buf_00124/A
-     CLKBUFX3   rise   0.005   1.215   0.226  -      (342.500,171.475)  156.850   -       
CTS_ccl_a_buf_00124/Y
-     CLKBUFX3   rise   0.246   1.461   0.160  0.021  (342.285,172.060)    0.800      9    
CTS_ccl_a_buf_00075/A
-     BUFX2      rise   0.004   1.465   0.160  -      (380.500,222.775)   88.930   -       
CTS_ccl_a_buf_00075/Y
-     BUFX2      rise   0.232   1.697   0.166  0.015  (380.135,223.240)    0.830     20    
result_r_reg[22][14]/CK
-     SDFFRHQX1  rise   0.000   1.697   0.166  -      (379.900,224.485)    1.480   -       
-------------------------------------------------------------------------------------------------

Timing for timing corner delay_corner_fft_slow:setup.early, max clock_path:
===========================================================================

PathID    : 2
Path type : skew group clk/functional_fft_fast (path 1 of 1)
Start     : clk
End       : shift_16_shift_reg_r_reg[34]/CK
Delay     : 1.865

-------------------------------------------------------------------------------------------------
Name  Lib cell   Event  Incr   Arrival  Slew   Cap    Location           Distance  Fanout  Status
                        (ns)   (ns)     (ns)   (pF)                      (um)              
-- Clockpath trace ------------------------------------------------------------------------------
clk
-     -          rise   -       0.000   0.004  0.120  (211.900,421.610)  -           10    
CTS_cdb_buf_00158/A
-     BUFX2      rise   0.019   0.019   0.082  -      (182.500,304.855)  146.155   -       
CTS_cdb_buf_00158/Y
-     BUFX2      rise   0.166   0.185   0.120  0.010  (182.135,305.320)    0.830      1    
CTS_cdb_buf_00159/A
-     BUFX2      rise   0.001   0.186   0.120  -      (256.900,304.855)   75.230   -       
CTS_cdb_buf_00159/Y
-     BUFX2      rise   0.222   0.408   0.188  0.017  (256.535,305.320)    0.830      1    
CTS_cdb_buf_00160/A
-     BUFX2      rise   0.004   0.412   0.188  -      (161.700,270.655)  129.500   -       
CTS_cdb_buf_00160/Y
-     BUFX2      rise   0.249   0.661   0.171  0.015  (161.335,271.120)    0.830      1    
CTS_cdb_buf_00161/A
-     BUFX2      rise   0.003   0.664   0.171  -      (206.300,202.255)  113.830   -       
CTS_cdb_buf_00161/Y
-     BUFX2      rise   0.224   0.888   0.140  0.012  (205.935,202.720)    0.830      1    
CTS_cdb_buf_00162/A
-     BUFX2      rise   0.002   0.890   0.140  -      (245.100,256.975)   93.420   -       
CTS_cdb_buf_00162/Y
-     BUFX2      rise   0.242   1.131   0.206  0.018  (244.735,257.440)    0.830      1    
CTS_cdb_buf_00163/A
-     BUFX2      rise   0.005   1.136   0.207  -      (127.900,284.335)  143.730   -       
CTS_cdb_buf_00163/Y
-     BUFX2      rise   0.217   1.354   0.096  0.008  (127.535,284.800)    0.830      1    
CTS_ccl_a_buf_00122/A
-     CLKBUFX3   rise   0.001   1.354   0.096  -      (157.500,256.975)   57.790   -       
CTS_ccl_a_buf_00122/Y
-     CLKBUFX3   rise   0.212   1.566   0.210  0.029  (157.285,257.560)    0.800      9    
CTS_ccl_a_buf_00015/A
-     BUFX2      rise   0.003   1.569   0.210  -      (211.300,274.075)   70.530   -       
CTS_ccl_a_buf_00015/Y
-     BUFX2      rise   0.293   1.862   0.230  0.021  (210.935,274.540)    0.830     20    
shift_16_shift_reg_r_reg[34]/CK
-     SDFFRHQX1  rise   0.003   1.865   0.230  -      (147.700,268.945)   68.830   -       
-------------------------------------------------------------------------------------------------

Timing for timing corner delay_corner_fft_slow:setup.late, min clock_path:
==========================================================================

PathID    : 3
Path type : skew group clk/functional_fft_fast (path 1 of 1)
Start     : clk
End       : result_r_reg[22][14]/CK
Delay     : 1.698

-------------------------------------------------------------------------------------------------
Name  Lib cell   Event  Incr   Arrival  Slew   Cap    Location           Distance  Fanout  Status
                        (ns)   (ns)     (ns)   (pF)                      (um)              
-- Clockpath trace ------------------------------------------------------------------------------
clk
-     -          rise   -       0.000   0.004  0.120  (211.900,421.610)  -           10    
CTS_cdb_buf_00170/A
-     BUFX2      rise   0.049   0.049   0.101  -      (408.500,239.875)  378.335   -       
CTS_cdb_buf_00170/Y
-     BUFX2      rise   0.192   0.241   0.147  0.013  (408.135,240.340)    0.830      1    
CTS_cdb_buf_00171/A
-     BUFX2      rise   0.002   0.243   0.147  -      (350.700,202.255)   95.520   -       
CTS_cdb_buf_00171/Y
-     BUFX2      rise   0.203   0.447   0.126  0.011  (350.335,202.720)    0.830      1    
CTS_cdb_buf_00172/A
-     BUFX2      rise   0.001   0.448   0.126  -      (344.100,270.655)   74.170   -       
CTS_cdb_buf_00172/Y
-     BUFX2      rise   0.205   0.653   0.149  0.013  (343.735,271.120)    0.830      1    
CTS_cdb_buf_00173/A
-     BUFX2      rise   0.002   0.655   0.149  -      (379.700,212.515)   94.570   -       
CTS_cdb_buf_00173/Y
-     BUFX2      rise   0.255   0.910   0.222  0.020  (379.335,212.980)    0.830      1    
CTS_cdb_buf_00174/A
-     BUFX2      rise   0.006   0.916   0.222  -      (258.300,243.295)  151.350   -       
CTS_cdb_buf_00174/Y
-     BUFX2      rise   0.294   1.210   0.226  0.020  (257.935,243.760)    0.830      1    
CTS_ccl_a_buf_00124/A
-     CLKBUFX3   rise   0.005   1.215   0.226  -      (342.500,171.475)  156.850   -       
CTS_ccl_a_buf_00124/Y
-     CLKBUFX3   rise   0.246   1.461   0.160  0.021  (342.285,172.060)    0.800      9    
CTS_ccl_a_buf_00075/A
-     BUFX2      rise   0.004   1.466   0.160  -      (380.500,222.775)   88.930   -       
CTS_ccl_a_buf_00075/Y
-     BUFX2      rise   0.233   1.698   0.167  0.015  (380.135,223.240)    0.830     20    
result_r_reg[22][14]/CK
-     SDFFRHQX1  rise   0.000   1.698   0.167  -      (379.900,224.485)    1.480   -       
-------------------------------------------------------------------------------------------------

Timing for timing corner delay_corner_fft_slow:setup.late, max clock_path:
==========================================================================

PathID    : 4
Path type : skew group clk/functional_fft_fast (path 1 of 1)
Start     : clk
End       : shift_16_shift_reg_r_reg[34]/CK
Delay     : 1.866

-------------------------------------------------------------------------------------------------
Name  Lib cell   Event  Incr   Arrival  Slew   Cap    Location           Distance  Fanout  Status
                        (ns)   (ns)     (ns)   (pF)                      (um)              
-- Clockpath trace ------------------------------------------------------------------------------
clk
-     -          rise   -       0.000   0.004  0.120  (211.900,421.610)  -           10    
CTS_cdb_buf_00158/A
-     BUFX2      rise   0.019   0.019   0.082  -      (182.500,304.855)  146.155   -       
CTS_cdb_buf_00158/Y
-     BUFX2      rise   0.166   0.185   0.120  0.010  (182.135,305.320)    0.830      1    
CTS_cdb_buf_00159/A
-     BUFX2      rise   0.001   0.186   0.120  -      (256.900,304.855)   75.230   -       
CTS_cdb_buf_00159/Y
-     BUFX2      rise   0.222   0.408   0.188  0.017  (256.535,305.320)    0.830      1    
CTS_cdb_buf_00160/A
-     BUFX2      rise   0.004   0.412   0.188  -      (161.700,270.655)  129.500   -       
CTS_cdb_buf_00160/Y
-     BUFX2      rise   0.249   0.661   0.171  0.015  (161.335,271.120)    0.830      1    
CTS_cdb_buf_00161/A
-     BUFX2      rise   0.003   0.664   0.171  -      (206.300,202.255)  113.830   -       
CTS_cdb_buf_00161/Y
-     BUFX2      rise   0.224   0.888   0.140  0.012  (205.935,202.720)    0.830      1    
CTS_cdb_buf_00162/A
-     BUFX2      rise   0.002   0.890   0.140  -      (245.100,256.975)   93.420   -       
CTS_cdb_buf_00162/Y
-     BUFX2      rise   0.242   1.131   0.206  0.018  (244.735,257.440)    0.830      1    
CTS_cdb_buf_00163/A
-     BUFX2      rise   0.005   1.136   0.207  -      (127.900,284.335)  143.730   -       
CTS_cdb_buf_00163/Y
-     BUFX2      rise   0.217   1.354   0.096  0.008  (127.535,284.800)    0.830      1    
CTS_ccl_a_buf_00122/A
-     CLKBUFX3   rise   0.001   1.355   0.096  -      (157.500,256.975)   57.790   -       
CTS_ccl_a_buf_00122/Y
-     CLKBUFX3   rise   0.212   1.566   0.210  0.029  (157.285,257.560)    0.800      9    
CTS_ccl_a_buf_00015/A
-     BUFX2      rise   0.003   1.569   0.210  -      (211.300,274.075)   70.530   -       
CTS_ccl_a_buf_00015/Y
-     BUFX2      rise   0.294   1.863   0.231  0.021  (210.935,274.540)    0.830     20    
shift_16_shift_reg_r_reg[34]/CK
-     SDFFRHQX1  rise   0.003   1.866   0.231  -      (147.700,268.945)   68.830   -       
-------------------------------------------------------------------------------------------------

Timing for timing corner delay_corner_fft_fast:hold.early, min clock_path:
==========================================================================

PathID    : 5
Path type : skew group clk/functional_fft_fast (path 1 of 1)
Start     : clk
End       : shift_8_shift_reg_r_reg[84]/CK
Delay     : 0.449

-------------------------------------------------------------------------------------------------
Name  Lib cell   Event  Incr   Arrival  Slew   Cap    Location           Distance  Fanout  Status
                        (ns)   (ns)     (ns)   (pF)                      (um)              
-- Clockpath trace ------------------------------------------------------------------------------
clk
-     -          rise   -       0.000   0.004  0.121  (211.900,421.610)  -           10    
CTS_cdb_buf_00146/A
-     BUFX2      rise   0.004   0.004   0.028  -      (174.300,359.575)   99.635   -       
CTS_cdb_buf_00146/Y
-     BUFX2      rise   0.042   0.046   0.040  0.011  (173.935,360.040)    0.830      1    
CTS_cdb_buf_00147/A
-     BUFX2      rise   0.002   0.048   0.040  -      (248.300,373.255)   87.580   -       
CTS_cdb_buf_00147/Y
-     BUFX2      rise   0.038   0.086   0.029  0.007  (247.935,373.720)    0.830      1    
CTS_cdb_buf_00148/A
-     BUFX2      rise   0.001   0.087   0.029  -      (196.900,386.935)   64.250   -       
CTS_cdb_buf_00148/Y
-     BUFX2      rise   0.042   0.129   0.039  0.010  (196.535,387.400)    0.830      1    
CTS_cdb_buf_00149/A
-     BUFX2      rise   0.001   0.131   0.039  -      (289.500,386.935)   93.430   -       
CTS_cdb_buf_00149/Y
-     BUFX2      rise   0.050   0.180   0.053  0.014  (289.135,387.400)    0.830      1    
CTS_cdb_buf_00150/A
-     BUFX2      rise   0.003   0.183   0.053  -      (236.900,332.215)  107.420   -       
CTS_cdb_buf_00150/Y
-     BUFX2      rise   0.062   0.246   0.072  0.020  (236.535,332.680)    0.830      1    
CTS_cdb_buf_00151/A
-     BUFX2      rise   0.005   0.250   0.073  -      (358.700,373.255)  162.740   -       
CTS_cdb_buf_00151/Y
-     BUFX2      rise   0.065   0.315   0.074  0.020  (358.335,373.720)    0.830      1    
CTS_ccl_a_buf_00120/A
-     CLKBUFX3   rise   0.006   0.322   0.075  -      (210.100,361.285)  160.670   -       
CTS_ccl_a_buf_00120/Y
-     CLKBUFX3   rise   0.068   0.389   0.077  0.031  (209.885,360.700)    0.800     17    
CTS_ccl_a_buf_00049/A
-     BUFX2      rise   0.000   0.390   0.077  -      (205.900,359.575)    5.110   -       
CTS_ccl_a_buf_00049/Y
-     BUFX2      rise   0.060   0.449   0.056  0.015  (205.535,360.040)    0.830     20    
shift_8_shift_reg_r_reg[84]/CK
-     SDFFRHQX1  rise   0.000   0.449   0.056  -      (199.500,359.575)    6.500   -       
-------------------------------------------------------------------------------------------------

Timing for timing corner delay_corner_fft_fast:hold.early, max clock_path:
==========================================================================

PathID    : 6
Path type : skew group clk/functional_fft_fast (path 1 of 1)
Start     : clk
End       : shift_2_shift_reg_i_reg[8]/CK
Delay     : 0.513

------------------------------------------------------------------------------------------------
Name  Lib cell  Event  Incr   Arrival  Slew   Cap    Location           Distance  Fanout  Status
                       (ns)   (ns)     (ns)   (pF)                      (um)              
-- Clockpath trace -----------------------------------------------------------------------------
clk
-     -         rise   -       0.000   0.004  0.121  (211.900,421.610)  -           10    
CTS_cdb_buf_00175/A
-     BUFX2     rise   0.052   0.052   0.101  -      (342.300,137.275)  414.735   -       
CTS_cdb_buf_00175/Y
-     BUFX2     rise   0.060   0.112   0.048  0.012  (341.935,137.740)    0.830      1    
CTS_cdb_buf_00176/A
-     BUFX2     rise   0.002   0.113   0.048  -      (364.300,209.095)   93.720   -       
CTS_cdb_buf_00176/Y
-     BUFX2     rise   0.044   0.157   0.037  0.010  (363.935,209.560)    0.830      1    
CTS_cdb_buf_00177/A
-     BUFX2     rise   0.001   0.158   0.037  -      (311.100,229.615)   72.890   -       
CTS_cdb_buf_00177/Y
-     BUFX2     rise   0.056   0.214   0.063  0.017  (310.735,230.080)    0.830      1    
CTS_cdb_buf_00178/A
-     BUFX2     rise   0.004   0.218   0.063  -      (367.900,168.055)  119.190   -       
CTS_cdb_buf_00178/Y
-     BUFX2     rise   0.052   0.270   0.048  0.013  (367.535,168.520)    0.830      1    
CTS_cdb_buf_00179/A
-     BUFX2     rise   0.002   0.272   0.048  -      (336.900,226.195)   88.310   -       
CTS_cdb_buf_00179/Y
-     BUFX2     rise   0.059   0.331   0.064  0.017  (336.535,226.660)    0.830      1    
CTS_cdb_buf_00180/A
-     BUFX2     rise   0.003   0.335   0.064  -      (408.500,164.635)  133.990   -       
CTS_cdb_buf_00180/Y
-     BUFX2     rise   0.039   0.374   0.023  0.005  (408.135,165.100)    0.830      1    
CTS_ccl_a_buf_00125/A
-     CLKBUFX3  rise   0.000   0.374   0.023  -      (396.100,191.995)   38.930   -       
CTS_ccl_a_buf_00125/Y
-     CLKBUFX3  rise   0.057   0.431   0.079  0.032  (395.885,192.580)    0.800     11    
CTS_ccl_a_buf_00014/A
-     BUFX2     rise   0.008   0.439   0.080  -      (310.500,140.695)  137.270   -       
CTS_ccl_a_buf_00014/Y
-     BUFX2     rise   0.073   0.512   0.079  0.022  (310.135,141.160)    0.830     20    
shift_2_shift_reg_i_reg[8]/CK
-     DFFRHQX1  rise   0.001   0.513   0.079  -      (308.700,104.785)   37.810   -       
------------------------------------------------------------------------------------------------

Timing for timing corner delay_corner_fft_fast:hold.late, min clock_path:
=========================================================================

PathID    : 7
Path type : skew group clk/functional_fft_fast (path 1 of 1)
Start     : clk
End       : shift_8_shift_reg_r_reg[84]/CK
Delay     : 0.451

-------------------------------------------------------------------------------------------------
Name  Lib cell   Event  Incr   Arrival  Slew   Cap    Location           Distance  Fanout  Status
                        (ns)   (ns)     (ns)   (pF)                      (um)              
-- Clockpath trace ------------------------------------------------------------------------------
clk
-     -          rise   -       0.000   0.004  0.121  (211.900,421.610)  -           10    
CTS_cdb_buf_00146/A
-     BUFX2      rise   0.004   0.004   0.028  -      (174.300,359.575)   99.635   -       
CTS_cdb_buf_00146/Y
-     BUFX2      rise   0.042   0.046   0.040  0.011  (173.935,360.040)    0.830      1    
CTS_cdb_buf_00147/A
-     BUFX2      rise   0.001   0.048   0.040  -      (248.300,373.255)   87.580   -       
CTS_cdb_buf_00147/Y
-     BUFX2      rise   0.038   0.086   0.029  0.007  (247.935,373.720)    0.830      1    
CTS_cdb_buf_00148/A
-     BUFX2      rise   0.001   0.087   0.029  -      (196.900,386.935)   64.250   -       
CTS_cdb_buf_00148/Y
-     BUFX2      rise   0.042   0.129   0.039  0.010  (196.535,387.400)    0.830      1    
CTS_cdb_buf_00149/A
-     BUFX2      rise   0.001   0.131   0.039  -      (289.500,386.935)   93.430   -       
CTS_cdb_buf_00149/Y
-     BUFX2      rise   0.050   0.181   0.053  0.014  (289.135,387.400)    0.830      1    
CTS_cdb_buf_00150/A
-     BUFX2      rise   0.003   0.184   0.053  -      (236.900,332.215)  107.420   -       
CTS_cdb_buf_00150/Y
-     BUFX2      rise   0.062   0.246   0.072  0.020  (236.535,332.680)    0.830      1    
CTS_cdb_buf_00151/A
-     BUFX2      rise   0.005   0.251   0.073  -      (358.700,373.255)  162.740   -       
CTS_cdb_buf_00151/Y
-     BUFX2      rise   0.065   0.316   0.074  0.020  (358.335,373.720)    0.830      1    
CTS_ccl_a_buf_00120/A
-     CLKBUFX3   rise   0.006   0.322   0.075  -      (210.100,361.285)  160.670   -       
CTS_ccl_a_buf_00120/Y
-     CLKBUFX3   rise   0.068   0.390   0.078  0.031  (209.885,360.700)    0.800     17    
CTS_ccl_a_buf_00049/A
-     BUFX2      rise   0.000   0.390   0.078  -      (205.900,359.575)    5.110   -       
CTS_ccl_a_buf_00049/Y
-     BUFX2      rise   0.060   0.451   0.057  0.015  (205.535,360.040)    0.830     20    
shift_8_shift_reg_r_reg[84]/CK
-     SDFFRHQX1  rise   0.000   0.451   0.057  -      (199.500,359.575)    6.500   -       
-------------------------------------------------------------------------------------------------

Timing for timing corner delay_corner_fft_fast:hold.late, max clock_path:
=========================================================================

PathID    : 8
Path type : skew group clk/functional_fft_fast (path 1 of 1)
Start     : clk
End       : shift_2_shift_reg_i_reg[8]/CK
Delay     : 0.515

------------------------------------------------------------------------------------------------
Name  Lib cell  Event  Incr   Arrival  Slew   Cap    Location           Distance  Fanout  Status
                       (ns)   (ns)     (ns)   (pF)                      (um)              
-- Clockpath trace -----------------------------------------------------------------------------
clk
-     -         rise   -       0.000   0.004  0.121  (211.900,421.610)  -           10    
CTS_cdb_buf_00175/A
-     BUFX2     rise   0.052   0.052   0.101  -      (342.300,137.275)  414.735   -       
CTS_cdb_buf_00175/Y
-     BUFX2     rise   0.060   0.112   0.048  0.012  (341.935,137.740)    0.830      1    
CTS_cdb_buf_00176/A
-     BUFX2     rise   0.002   0.113   0.048  -      (364.300,209.095)   93.720   -       
CTS_cdb_buf_00176/Y
-     BUFX2     rise   0.044   0.157   0.037  0.010  (363.935,209.560)    0.830      1    
CTS_cdb_buf_00177/A
-     BUFX2     rise   0.001   0.159   0.037  -      (311.100,229.615)   72.890   -       
CTS_cdb_buf_00177/Y
-     BUFX2     rise   0.056   0.214   0.063  0.017  (310.735,230.080)    0.830      1    
CTS_cdb_buf_00178/A
-     BUFX2     rise   0.004   0.218   0.063  -      (367.900,168.055)  119.190   -       
CTS_cdb_buf_00178/Y
-     BUFX2     rise   0.052   0.271   0.048  0.013  (367.535,168.520)    0.830      1    
CTS_cdb_buf_00179/A
-     BUFX2     rise   0.002   0.272   0.048  -      (336.900,226.195)   88.310   -       
CTS_cdb_buf_00179/Y
-     BUFX2     rise   0.059   0.331   0.064  0.017  (336.535,226.660)    0.830      1    
CTS_cdb_buf_00180/A
-     BUFX2     rise   0.003   0.335   0.064  -      (408.500,164.635)  133.990   -       
CTS_cdb_buf_00180/Y
-     BUFX2     rise   0.039   0.374   0.023  0.005  (408.135,165.100)    0.830      1    
CTS_ccl_a_buf_00125/A
-     CLKBUFX3  rise   0.001   0.375   0.023  -      (396.100,191.995)   38.930   -       
CTS_ccl_a_buf_00125/Y
-     CLKBUFX3  rise   0.057   0.432   0.080  0.032  (395.885,192.580)    0.800     11    
CTS_ccl_a_buf_00014/A
-     BUFX2     rise   0.008   0.440   0.080  -      (310.500,140.695)  137.270   -       
CTS_ccl_a_buf_00014/Y
-     BUFX2     rise   0.074   0.514   0.080  0.022  (310.135,141.160)    0.830     20    
shift_2_shift_reg_i_reg[8]/CK
-     DFFRHQX1  rise   0.001   0.515   0.080  -      (308.700,104.785)   37.810   -       
------------------------------------------------------------------------------------------------

Timing for timing corner delay_corner_fft_slow:setup.early, min clock_path:
===========================================================================

PathID    : 9
Path type : skew group clk/functional_fft_slow (path 1 of 1)
Start     : clk
End       : result_r_reg[22][14]/CK
Delay     : 1.697

-------------------------------------------------------------------------------------------------
Name  Lib cell   Event  Incr   Arrival  Slew   Cap    Location           Distance  Fanout  Status
                        (ns)   (ns)     (ns)   (pF)                      (um)              
-- Clockpath trace ------------------------------------------------------------------------------
clk
-     -          rise   -       0.000   0.004  0.120  (211.900,421.610)  -           10    
CTS_cdb_buf_00170/A
-     BUFX2      rise   0.049   0.049   0.101  -      (408.500,239.875)  378.335   -       
CTS_cdb_buf_00170/Y
-     BUFX2      rise   0.191   0.241   0.147  0.013  (408.135,240.340)    0.830      1    
CTS_cdb_buf_00171/A
-     BUFX2      rise   0.003   0.243   0.147  -      (350.700,202.255)   95.520   -       
CTS_cdb_buf_00171/Y
-     BUFX2      rise   0.203   0.447   0.126  0.011  (350.335,202.720)    0.830      1    
CTS_cdb_buf_00172/A
-     BUFX2      rise   0.001   0.448   0.126  -      (344.100,270.655)   74.170   -       
CTS_cdb_buf_00172/Y
-     BUFX2      rise   0.205   0.653   0.149  0.013  (343.735,271.120)    0.830      1    
CTS_cdb_buf_00173/A
-     BUFX2      rise   0.002   0.655   0.149  -      (379.700,212.515)   94.570   -       
CTS_cdb_buf_00173/Y
-     BUFX2      rise   0.255   0.910   0.222  0.020  (379.335,212.980)    0.830      1    
CTS_cdb_buf_00174/A
-     BUFX2      rise   0.006   0.915   0.222  -      (258.300,243.295)  151.350   -       
CTS_cdb_buf_00174/Y
-     BUFX2      rise   0.294   1.210   0.225  0.020  (257.935,243.760)    0.830      1    
CTS_ccl_a_buf_00124/A
-     CLKBUFX3   rise   0.005   1.215   0.226  -      (342.500,171.475)  156.850   -       
CTS_ccl_a_buf_00124/Y
-     CLKBUFX3   rise   0.246   1.461   0.160  0.021  (342.285,172.060)    0.800      9    
CTS_ccl_a_buf_00075/A
-     BUFX2      rise   0.004   1.465   0.160  -      (380.500,222.775)   88.930   -       
CTS_ccl_a_buf_00075/Y
-     BUFX2      rise   0.232   1.697   0.166  0.015  (380.135,223.240)    0.830     20    
result_r_reg[22][14]/CK
-     SDFFRHQX1  rise   0.000   1.697   0.166  -      (379.900,224.485)    1.480   -       
-------------------------------------------------------------------------------------------------

Timing for timing corner delay_corner_fft_slow:setup.early, max clock_path:
===========================================================================

PathID    : 10
Path type : skew group clk/functional_fft_slow (path 1 of 1)
Start     : clk
End       : shift_16_shift_reg_r_reg[34]/CK
Delay     :  1.865

-------------------------------------------------------------------------------------------------
Name  Lib cell   Event  Incr   Arrival  Slew   Cap    Location           Distance  Fanout  Status
                        (ns)   (ns)     (ns)   (pF)                      (um)              
-- Clockpath trace ------------------------------------------------------------------------------
clk
-     -          rise   -       0.000   0.004  0.120  (211.900,421.610)  -           10    
CTS_cdb_buf_00158/A
-     BUFX2      rise   0.019   0.019   0.082  -      (182.500,304.855)  146.155   -       
CTS_cdb_buf_00158/Y
-     BUFX2      rise   0.166   0.185   0.120  0.010  (182.135,305.320)    0.830      1    
CTS_cdb_buf_00159/A
-     BUFX2      rise   0.001   0.186   0.120  -      (256.900,304.855)   75.230   -       
CTS_cdb_buf_00159/Y
-     BUFX2      rise   0.222   0.408   0.188  0.017  (256.535,305.320)    0.830      1    
CTS_cdb_buf_00160/A
-     BUFX2      rise   0.004   0.412   0.188  -      (161.700,270.655)  129.500   -       
CTS_cdb_buf_00160/Y
-     BUFX2      rise   0.249   0.661   0.171  0.015  (161.335,271.120)    0.830      1    
CTS_cdb_buf_00161/A
-     BUFX2      rise   0.003   0.664   0.171  -      (206.300,202.255)  113.830   -       
CTS_cdb_buf_00161/Y
-     BUFX2      rise   0.224   0.888   0.140  0.012  (205.935,202.720)    0.830      1    
CTS_cdb_buf_00162/A
-     BUFX2      rise   0.002   0.890   0.140  -      (245.100,256.975)   93.420   -       
CTS_cdb_buf_00162/Y
-     BUFX2      rise   0.242   1.131   0.206  0.018  (244.735,257.440)    0.830      1    
CTS_cdb_buf_00163/A
-     BUFX2      rise   0.005   1.136   0.207  -      (127.900,284.335)  143.730   -       
CTS_cdb_buf_00163/Y
-     BUFX2      rise   0.217   1.354   0.096  0.008  (127.535,284.800)    0.830      1    
CTS_ccl_a_buf_00122/A
-     CLKBUFX3   rise   0.001   1.354   0.096  -      (157.500,256.975)   57.790   -       
CTS_ccl_a_buf_00122/Y
-     CLKBUFX3   rise   0.212   1.566   0.210  0.029  (157.285,257.560)    0.800      9    
CTS_ccl_a_buf_00015/A
-     BUFX2      rise   0.003   1.569   0.210  -      (211.300,274.075)   70.530   -       
CTS_ccl_a_buf_00015/Y
-     BUFX2      rise   0.293   1.862   0.230  0.021  (210.935,274.540)    0.830     20    
shift_16_shift_reg_r_reg[34]/CK
-     SDFFRHQX1  rise   0.003   1.865   0.230  -      (147.700,268.945)   68.830   -       
-------------------------------------------------------------------------------------------------

Timing for timing corner delay_corner_fft_slow:setup.late, min clock_path:
==========================================================================

PathID    : 11
Path type : skew group clk/functional_fft_slow (path 1 of 1)
Start     : clk
End       : result_r_reg[22][14]/CK
Delay     :  1.698

-------------------------------------------------------------------------------------------------
Name  Lib cell   Event  Incr   Arrival  Slew   Cap    Location           Distance  Fanout  Status
                        (ns)   (ns)     (ns)   (pF)                      (um)              
-- Clockpath trace ------------------------------------------------------------------------------
clk
-     -          rise   -       0.000   0.004  0.120  (211.900,421.610)  -           10    
CTS_cdb_buf_00170/A
-     BUFX2      rise   0.049   0.049   0.101  -      (408.500,239.875)  378.335   -       
CTS_cdb_buf_00170/Y
-     BUFX2      rise   0.192   0.241   0.147  0.013  (408.135,240.340)    0.830      1    
CTS_cdb_buf_00171/A
-     BUFX2      rise   0.002   0.243   0.147  -      (350.700,202.255)   95.520   -       
CTS_cdb_buf_00171/Y
-     BUFX2      rise   0.203   0.447   0.126  0.011  (350.335,202.720)    0.830      1    
CTS_cdb_buf_00172/A
-     BUFX2      rise   0.001   0.448   0.126  -      (344.100,270.655)   74.170   -       
CTS_cdb_buf_00172/Y
-     BUFX2      rise   0.205   0.653   0.149  0.013  (343.735,271.120)    0.830      1    
CTS_cdb_buf_00173/A
-     BUFX2      rise   0.002   0.655   0.149  -      (379.700,212.515)   94.570   -       
CTS_cdb_buf_00173/Y
-     BUFX2      rise   0.255   0.910   0.222  0.020  (379.335,212.980)    0.830      1    
CTS_cdb_buf_00174/A
-     BUFX2      rise   0.006   0.916   0.222  -      (258.300,243.295)  151.350   -       
CTS_cdb_buf_00174/Y
-     BUFX2      rise   0.294   1.210   0.226  0.020  (257.935,243.760)    0.830      1    
CTS_ccl_a_buf_00124/A
-     CLKBUFX3   rise   0.005   1.215   0.226  -      (342.500,171.475)  156.850   -       
CTS_ccl_a_buf_00124/Y
-     CLKBUFX3   rise   0.246   1.461   0.160  0.021  (342.285,172.060)    0.800      9    
CTS_ccl_a_buf_00075/A
-     BUFX2      rise   0.004   1.466   0.160  -      (380.500,222.775)   88.930   -       
CTS_ccl_a_buf_00075/Y
-     BUFX2      rise   0.233   1.698   0.167  0.015  (380.135,223.240)    0.830     20    
result_r_reg[22][14]/CK
-     SDFFRHQX1  rise   0.000   1.698   0.167  -      (379.900,224.485)    1.480   -       
-------------------------------------------------------------------------------------------------

Timing for timing corner delay_corner_fft_slow:setup.late, max clock_path:
==========================================================================

PathID    : 12
Path type : skew group clk/functional_fft_slow (path 1 of 1)
Start     : clk
End       : shift_16_shift_reg_r_reg[34]/CK
Delay     :  1.866

-------------------------------------------------------------------------------------------------
Name  Lib cell   Event  Incr   Arrival  Slew   Cap    Location           Distance  Fanout  Status
                        (ns)   (ns)     (ns)   (pF)                      (um)              
-- Clockpath trace ------------------------------------------------------------------------------
clk
-     -          rise   -       0.000   0.004  0.120  (211.900,421.610)  -           10    
CTS_cdb_buf_00158/A
-     BUFX2      rise   0.019   0.019   0.082  -      (182.500,304.855)  146.155   -       
CTS_cdb_buf_00158/Y
-     BUFX2      rise   0.166   0.185   0.120  0.010  (182.135,305.320)    0.830      1    
CTS_cdb_buf_00159/A
-     BUFX2      rise   0.001   0.186   0.120  -      (256.900,304.855)   75.230   -       
CTS_cdb_buf_00159/Y
-     BUFX2      rise   0.222   0.408   0.188  0.017  (256.535,305.320)    0.830      1    
CTS_cdb_buf_00160/A
-     BUFX2      rise   0.004   0.412   0.188  -      (161.700,270.655)  129.500   -       
CTS_cdb_buf_00160/Y
-     BUFX2      rise   0.249   0.661   0.171  0.015  (161.335,271.120)    0.830      1    
CTS_cdb_buf_00161/A
-     BUFX2      rise   0.003   0.664   0.171  -      (206.300,202.255)  113.830   -       
CTS_cdb_buf_00161/Y
-     BUFX2      rise   0.224   0.888   0.140  0.012  (205.935,202.720)    0.830      1    
CTS_cdb_buf_00162/A
-     BUFX2      rise   0.002   0.890   0.140  -      (245.100,256.975)   93.420   -       
CTS_cdb_buf_00162/Y
-     BUFX2      rise   0.242   1.131   0.206  0.018  (244.735,257.440)    0.830      1    
CTS_cdb_buf_00163/A
-     BUFX2      rise   0.005   1.136   0.207  -      (127.900,284.335)  143.730   -       
CTS_cdb_buf_00163/Y
-     BUFX2      rise   0.217   1.354   0.096  0.008  (127.535,284.800)    0.830      1    
CTS_ccl_a_buf_00122/A
-     CLKBUFX3   rise   0.001   1.355   0.096  -      (157.500,256.975)   57.790   -       
CTS_ccl_a_buf_00122/Y
-     CLKBUFX3   rise   0.212   1.566   0.210  0.029  (157.285,257.560)    0.800      9    
CTS_ccl_a_buf_00015/A
-     BUFX2      rise   0.003   1.569   0.210  -      (211.300,274.075)   70.530   -       
CTS_ccl_a_buf_00015/Y
-     BUFX2      rise   0.294   1.863   0.231  0.021  (210.935,274.540)    0.830     20    
shift_16_shift_reg_r_reg[34]/CK
-     SDFFRHQX1  rise   0.003   1.866   0.231  -      (147.700,268.945)   68.830   -       
-------------------------------------------------------------------------------------------------

Timing for timing corner delay_corner_fft_fast:hold.early, min clock_path:
==========================================================================

PathID    : 13
Path type : skew group clk/functional_fft_slow (path 1 of 1)
Start     : clk
End       : shift_8_shift_reg_r_reg[84]/CK
Delay     :  0.449

-------------------------------------------------------------------------------------------------
Name  Lib cell   Event  Incr   Arrival  Slew   Cap    Location           Distance  Fanout  Status
                        (ns)   (ns)     (ns)   (pF)                      (um)              
-- Clockpath trace ------------------------------------------------------------------------------
clk
-     -          rise   -       0.000   0.004  0.121  (211.900,421.610)  -           10    
CTS_cdb_buf_00146/A
-     BUFX2      rise   0.004   0.004   0.028  -      (174.300,359.575)   99.635   -       
CTS_cdb_buf_00146/Y
-     BUFX2      rise   0.042   0.046   0.040  0.011  (173.935,360.040)    0.830      1    
CTS_cdb_buf_00147/A
-     BUFX2      rise   0.002   0.048   0.040  -      (248.300,373.255)   87.580   -       
CTS_cdb_buf_00147/Y
-     BUFX2      rise   0.038   0.086   0.029  0.007  (247.935,373.720)    0.830      1    
CTS_cdb_buf_00148/A
-     BUFX2      rise   0.001   0.087   0.029  -      (196.900,386.935)   64.250   -       
CTS_cdb_buf_00148/Y
-     BUFX2      rise   0.042   0.129   0.039  0.010  (196.535,387.400)    0.830      1    
CTS_cdb_buf_00149/A
-     BUFX2      rise   0.001   0.131   0.039  -      (289.500,386.935)   93.430   -       
CTS_cdb_buf_00149/Y
-     BUFX2      rise   0.050   0.180   0.053  0.014  (289.135,387.400)    0.830      1    
CTS_cdb_buf_00150/A
-     BUFX2      rise   0.003   0.183   0.053  -      (236.900,332.215)  107.420   -       
CTS_cdb_buf_00150/Y
-     BUFX2      rise   0.062   0.246   0.072  0.020  (236.535,332.680)    0.830      1    
CTS_cdb_buf_00151/A
-     BUFX2      rise   0.005   0.250   0.073  -      (358.700,373.255)  162.740   -       
CTS_cdb_buf_00151/Y
-     BUFX2      rise   0.065   0.315   0.074  0.020  (358.335,373.720)    0.830      1    
CTS_ccl_a_buf_00120/A
-     CLKBUFX3   rise   0.006   0.322   0.075  -      (210.100,361.285)  160.670   -       
CTS_ccl_a_buf_00120/Y
-     CLKBUFX3   rise   0.068   0.389   0.077  0.031  (209.885,360.700)    0.800     17    
CTS_ccl_a_buf_00049/A
-     BUFX2      rise   0.000   0.390   0.077  -      (205.900,359.575)    5.110   -       
CTS_ccl_a_buf_00049/Y
-     BUFX2      rise   0.060   0.449   0.056  0.015  (205.535,360.040)    0.830     20    
shift_8_shift_reg_r_reg[84]/CK
-     SDFFRHQX1  rise   0.000   0.449   0.056  -      (199.500,359.575)    6.500   -       
-------------------------------------------------------------------------------------------------

Timing for timing corner delay_corner_fft_fast:hold.early, max clock_path:
==========================================================================

PathID    : 14
Path type : skew group clk/functional_fft_slow (path 1 of 1)
Start     : clk
End       : shift_2_shift_reg_i_reg[8]/CK
Delay     :  0.513

------------------------------------------------------------------------------------------------
Name  Lib cell  Event  Incr   Arrival  Slew   Cap    Location           Distance  Fanout  Status
                       (ns)   (ns)     (ns)   (pF)                      (um)              
-- Clockpath trace -----------------------------------------------------------------------------
clk
-     -         rise   -       0.000   0.004  0.121  (211.900,421.610)  -           10    
CTS_cdb_buf_00175/A
-     BUFX2     rise   0.052   0.052   0.101  -      (342.300,137.275)  414.735   -       
CTS_cdb_buf_00175/Y
-     BUFX2     rise   0.060   0.112   0.048  0.012  (341.935,137.740)    0.830      1    
CTS_cdb_buf_00176/A
-     BUFX2     rise   0.002   0.113   0.048  -      (364.300,209.095)   93.720   -       
CTS_cdb_buf_00176/Y
-     BUFX2     rise   0.044   0.157   0.037  0.010  (363.935,209.560)    0.830      1    
CTS_cdb_buf_00177/A
-     BUFX2     rise   0.001   0.158   0.037  -      (311.100,229.615)   72.890   -       
CTS_cdb_buf_00177/Y
-     BUFX2     rise   0.056   0.214   0.063  0.017  (310.735,230.080)    0.830      1    
CTS_cdb_buf_00178/A
-     BUFX2     rise   0.004   0.218   0.063  -      (367.900,168.055)  119.190   -       
CTS_cdb_buf_00178/Y
-     BUFX2     rise   0.052   0.270   0.048  0.013  (367.535,168.520)    0.830      1    
CTS_cdb_buf_00179/A
-     BUFX2     rise   0.002   0.272   0.048  -      (336.900,226.195)   88.310   -       
CTS_cdb_buf_00179/Y
-     BUFX2     rise   0.059   0.331   0.064  0.017  (336.535,226.660)    0.830      1    
CTS_cdb_buf_00180/A
-     BUFX2     rise   0.003   0.335   0.064  -      (408.500,164.635)  133.990   -       
CTS_cdb_buf_00180/Y
-     BUFX2     rise   0.039   0.374   0.023  0.005  (408.135,165.100)    0.830      1    
CTS_ccl_a_buf_00125/A
-     CLKBUFX3  rise   0.000   0.374   0.023  -      (396.100,191.995)   38.930   -       
CTS_ccl_a_buf_00125/Y
-     CLKBUFX3  rise   0.057   0.431   0.079  0.032  (395.885,192.580)    0.800     11    
CTS_ccl_a_buf_00014/A
-     BUFX2     rise   0.008   0.439   0.080  -      (310.500,140.695)  137.270   -       
CTS_ccl_a_buf_00014/Y
-     BUFX2     rise   0.073   0.512   0.079  0.022  (310.135,141.160)    0.830     20    
shift_2_shift_reg_i_reg[8]/CK
-     DFFRHQX1  rise   0.001   0.513   0.079  -      (308.700,104.785)   37.810   -       
------------------------------------------------------------------------------------------------

Timing for timing corner delay_corner_fft_fast:hold.late, min clock_path:
=========================================================================

PathID    : 15
Path type : skew group clk/functional_fft_slow (path 1 of 1)
Start     : clk
End       : shift_8_shift_reg_r_reg[84]/CK
Delay     :  0.451

-------------------------------------------------------------------------------------------------
Name  Lib cell   Event  Incr   Arrival  Slew   Cap    Location           Distance  Fanout  Status
                        (ns)   (ns)     (ns)   (pF)                      (um)              
-- Clockpath trace ------------------------------------------------------------------------------
clk
-     -          rise   -       0.000   0.004  0.121  (211.900,421.610)  -           10    
CTS_cdb_buf_00146/A
-     BUFX2      rise   0.004   0.004   0.028  -      (174.300,359.575)   99.635   -       
CTS_cdb_buf_00146/Y
-     BUFX2      rise   0.042   0.046   0.040  0.011  (173.935,360.040)    0.830      1    
CTS_cdb_buf_00147/A
-     BUFX2      rise   0.001   0.048   0.040  -      (248.300,373.255)   87.580   -       
CTS_cdb_buf_00147/Y
-     BUFX2      rise   0.038   0.086   0.029  0.007  (247.935,373.720)    0.830      1    
CTS_cdb_buf_00148/A
-     BUFX2      rise   0.001   0.087   0.029  -      (196.900,386.935)   64.250   -       
CTS_cdb_buf_00148/Y
-     BUFX2      rise   0.042   0.129   0.039  0.010  (196.535,387.400)    0.830      1    
CTS_cdb_buf_00149/A
-     BUFX2      rise   0.001   0.131   0.039  -      (289.500,386.935)   93.430   -       
CTS_cdb_buf_00149/Y
-     BUFX2      rise   0.050   0.181   0.053  0.014  (289.135,387.400)    0.830      1    
CTS_cdb_buf_00150/A
-     BUFX2      rise   0.003   0.184   0.053  -      (236.900,332.215)  107.420   -       
CTS_cdb_buf_00150/Y
-     BUFX2      rise   0.062   0.246   0.072  0.020  (236.535,332.680)    0.830      1    
CTS_cdb_buf_00151/A
-     BUFX2      rise   0.005   0.251   0.073  -      (358.700,373.255)  162.740   -       
CTS_cdb_buf_00151/Y
-     BUFX2      rise   0.065   0.316   0.074  0.020  (358.335,373.720)    0.830      1    
CTS_ccl_a_buf_00120/A
-     CLKBUFX3   rise   0.006   0.322   0.075  -      (210.100,361.285)  160.670   -       
CTS_ccl_a_buf_00120/Y
-     CLKBUFX3   rise   0.068   0.390   0.078  0.031  (209.885,360.700)    0.800     17    
CTS_ccl_a_buf_00049/A
-     BUFX2      rise   0.000   0.390   0.078  -      (205.900,359.575)    5.110   -       
CTS_ccl_a_buf_00049/Y
-     BUFX2      rise   0.060   0.451   0.057  0.015  (205.535,360.040)    0.830     20    
shift_8_shift_reg_r_reg[84]/CK
-     SDFFRHQX1  rise   0.000   0.451   0.057  -      (199.500,359.575)    6.500   -       
-------------------------------------------------------------------------------------------------

Timing for timing corner delay_corner_fft_fast:hold.late, max clock_path:
=========================================================================

PathID    : 16
Path type : skew group clk/functional_fft_slow (path 1 of 1)
Start     : clk
End       : shift_2_shift_reg_i_reg[8]/CK
Delay     :  0.515

------------------------------------------------------------------------------------------------
Name  Lib cell  Event  Incr   Arrival  Slew   Cap    Location           Distance  Fanout  Status
                       (ns)   (ns)     (ns)   (pF)                      (um)              
-- Clockpath trace -----------------------------------------------------------------------------
clk
-     -         rise   -       0.000   0.004  0.121  (211.900,421.610)  -           10    
CTS_cdb_buf_00175/A
-     BUFX2     rise   0.052   0.052   0.101  -      (342.300,137.275)  414.735   -       
CTS_cdb_buf_00175/Y
-     BUFX2     rise   0.060   0.112   0.048  0.012  (341.935,137.740)    0.830      1    
CTS_cdb_buf_00176/A
-     BUFX2     rise   0.002   0.113   0.048  -      (364.300,209.095)   93.720   -       
CTS_cdb_buf_00176/Y
-     BUFX2     rise   0.044   0.157   0.037  0.010  (363.935,209.560)    0.830      1    
CTS_cdb_buf_00177/A
-     BUFX2     rise   0.001   0.159   0.037  -      (311.100,229.615)   72.890   -       
CTS_cdb_buf_00177/Y
-     BUFX2     rise   0.056   0.214   0.063  0.017  (310.735,230.080)    0.830      1    
CTS_cdb_buf_00178/A
-     BUFX2     rise   0.004   0.218   0.063  -      (367.900,168.055)  119.190   -       
CTS_cdb_buf_00178/Y
-     BUFX2     rise   0.052   0.271   0.048  0.013  (367.535,168.520)    0.830      1    
CTS_cdb_buf_00179/A
-     BUFX2     rise   0.002   0.272   0.048  -      (336.900,226.195)   88.310   -       
CTS_cdb_buf_00179/Y
-     BUFX2     rise   0.059   0.331   0.064  0.017  (336.535,226.660)    0.830      1    
CTS_cdb_buf_00180/A
-     BUFX2     rise   0.003   0.335   0.064  -      (408.500,164.635)  133.990   -       
CTS_cdb_buf_00180/Y
-     BUFX2     rise   0.039   0.374   0.023  0.005  (408.135,165.100)    0.830      1    
CTS_ccl_a_buf_00125/A
-     CLKBUFX3  rise   0.001   0.375   0.023  -      (396.100,191.995)   38.930   -       
CTS_ccl_a_buf_00125/Y
-     CLKBUFX3  rise   0.057   0.432   0.080  0.032  (395.885,192.580)    0.800     11    
CTS_ccl_a_buf_00014/A
-     BUFX2     rise   0.008   0.440   0.080  -      (310.500,140.695)  137.270   -       
CTS_ccl_a_buf_00014/Y
-     BUFX2     rise   0.074   0.514   0.080  0.022  (310.135,141.160)    0.830     20    
shift_2_shift_reg_i_reg[8]/CK
-     DFFRHQX1  rise   0.001   0.515   0.080  -      (308.700,104.785)   37.810   -       
------------------------------------------------------------------------------------------------

