###############################################################
#  Generated by:      Cadence Innovus 22.10-p001_1
#  OS:                Linux x86_64(Host ID vlsicad)
#  Generated on:      Wed Oct  8 17:32:28 2025
#  Design:            FFT
#  Command:           report_ccopt_clock_trees -file ./reports/route_design/ccopt_clock_trees.rpt
###############################################################

Clock DAG stats:
================

---------------------------------------------------------
Cell type                 Count    Area       Capacitance
---------------------------------------------------------
Buffers                    185     321.480       0.041
Inverters                    0       0.000       0.000
Integrated Clock Gates       0       0.000       0.000
Discrete Clock Gates         0       0.000       0.000
Clock Logic                  0       0.000       0.000
All                        185     321.480       0.041
---------------------------------------------------------

Clock DAG miscellaneous counts:
===============================

------------------------------
Type                     Count
------------------------------
Roots                      1
Preserved Ports            0
Multiple Clock Inputs      0
------------------------------


Clock DAG sink counts:
======================

-------------------------
Sink type           Count
-------------------------
Regular             2358
Enable Latch           0
Load Capacitance       0
Antenna Diode          0
Node Sink              0
Total               2358
-------------------------


Clock DAG wire lengths:
=======================

--------------------
Type     Wire Length
--------------------
Top           0.000
Trunk      8553.595
Leaf       9427.380
Total     17980.975
--------------------


Clock DAG hp wire lengths:
==========================

-----------------------
Type     hp Wire Length
-----------------------
Top            0.000
Trunk       7156.310
Leaf        4734.385
Total      11890.695
-----------------------


Clock DAG capacitances:
=======================

--------------------------------
Type     Gate     Wire     Total
--------------------------------
Top      0.000    0.000    0.000
Trunk    0.041    1.107    1.149
Leaf     0.496    1.399    1.895
Total    0.538    2.506    3.044
--------------------------------


Clock DAG sink capacitances:
============================

-----------------------------------------------
Total    Average    Std. Dev.    Min      Max
-----------------------------------------------
0.496     0.000       0.000      0.000    0.000
-----------------------------------------------


Clock DAG net violations:
=========================

None


Clock DAG primary half-corner transition distribution:
======================================================

-----------------------------------------------------------------------------------------------------------------------------------------------------------------
Net Type    Target    Count    Average    Std. Dev.    Min      Max      Distribution                                                                 Over Target
-----------------------------------------------------------------------------------------------------------------------------------------------------------------
Trunk       0.280       68      0.195       0.057      0.034    0.280    {23 <= 0.168ns, 20 <= 0.224ns, 9 <= 0.252ns, 11 <= 0.266ns, 5 <= 0.280ns}         -
Leaf        0.280      118      0.207       0.024      0.160    0.279    {2 <= 0.168ns, 97 <= 0.224ns, 10 <= 0.252ns, 4 <= 0.266ns, 5 <= 0.280ns}          -
-----------------------------------------------------------------------------------------------------------------------------------------------------------------


Clock DAG library cell distribution:
====================================

-----------------------------------------
Name        Type      Inst     Inst Area 
                      Count    (um^2)
-----------------------------------------
CLKBUFX4    buffer       1        2.394
CLKBUFX3    buffer      13       26.676
BUFX2       buffer     171      292.410
-----------------------------------------



Please note that the following tables reflect only the defined clock trees, so the flop counts might not include all flops in your design.

Clock Tree Summary:
===================

----------------------------------------------------------------------------------------------------------------------
Clock Tree  Clock  Bufs  Invs  Other  Max       Max     Max      Max          Standard   Wire   Gate   Clock Tree Root
Name        Gates              Clock  Non-leaf  Leaf    Length   Source-sink  cell area  cap    cap    
                               Cells  Fanout    Fanout  (um)     Resistance   (um^2)     (pF)   (pF)   
                                                                 (Ohms)                                
----------------------------------------------------------------------------------------------------------------------
clk           0    185    0      0       17       20    419.935    13173.8     321.480   2.506  0.538  clk
----------------------------------------------------------------------------------------------------------------------

Clock Sink Summary:
===================

-------------------------------------------------------------------------------------------------------------------------------------------
Clock Tree  Explicit      Implicit      Explicit     Implicit     Explicit   Implicit   Posedge  Negedge  Memory  Enable  Non enable  Other
Name        exclude pins  exclude pins  ignore pins  ignore pins  stop pins  stop pins  Flops    Flops    Clock   Latch   Latch       Sinks
                                                                                                          Pins    Sinks   Sinks       
-------------------------------------------------------------------------------------------------------------------------------------------
clk              0             0             0            0           0          0       2358       0       0       0         0         0
-------------------------------------------------------------------------------------------------------------------------------------------

Summary across all clock trees:
===============================

------------------------------------------------------------------------------------------------------------
Clock  Bufs  Invs  Other  Max       Average   Max     Average  Max      Max          Standard   Wire   Gate
Gates              Clock  Non-leaf  Non-leaf  Leaf    Leaf     Length   Source-sink  cell area  cap    cap
                   Cells  Fanout    Fanout    Fanout  Fanout   (um)     Resistance   (um^2)     (pF)   (pF)
                                                                        (Ohms)                         
------------------------------------------------------------------------------------------------------------
  0    185    0      0       17     2.72059     20    19.9831  419.935   1317.381     321.480   2.506  0.538
------------------------------------------------------------------------------------------------------------

Clock Sink Summary across all clock trees:
==========================================

-------------------------------------------------------------------------------------------------------------------------------
Explicit      Implicit      Explicit     Implicit     Explicit   Implicit   Posedge  Negedge  Memory  Enable  Non enable  Other
exclude pins  exclude pins  ignore pins  ignore pins  stop pins  stop pins  Flops    Flops    Clock   Latch   Latch       Sinks
                                                                                              Pins    Sinks   Sinks       
-------------------------------------------------------------------------------------------------------------------------------
     0             0             0            0           0          0       2358       0       0       0         0         0
-------------------------------------------------------------------------------------------------------------------------------

Physical metrics across all clock trees:
========================================

------------------------------------------------------------------------
Metric                               Minimum  Average  Maximum   Std.dev
------------------------------------------------------------------------
Source-sink routed net length (um)    5.625    60.663   419.935   50.832
Source-sink manhattan distance (um)   5.830    58.812   419.615   50.095
Source-sink resistance (Ohm)         34.994   217.535  1317.381  152.910
------------------------------------------------------------------------

Transition distribution for half-corner delay_corner_fft_slow:setup.late:
=========================================================================

-----------------------------------------------------------------------------------------------------------------------------------------------------------------
Net Type    Target    Count    Average    Std. Dev.    Min      Max      Distribution                                                                 Over Target
-----------------------------------------------------------------------------------------------------------------------------------------------------------------
Trunk       0.280       68      0.195       0.057      0.034    0.280    {23 <= 0.168ns, 20 <= 0.224ns, 9 <= 0.252ns, 11 <= 0.266ns, 5 <= 0.280ns}         -
Leaf        0.280      118      0.207       0.024      0.160    0.279    {2 <= 0.168ns, 97 <= 0.224ns, 10 <= 0.252ns, 4 <= 0.266ns, 5 <= 0.280ns}          -
-----------------------------------------------------------------------------------------------------------------------------------------------------------------

Count of violations across all clock trees:
===========================================

---------------------------------------------------------------------------------------
Clock Tree  # Max capacitance  # Max resistance  # Max length  # Max fanout  # Slew
Name        violations         violations        violations    violations    violations
---------------------------------------------------------------------------------------
clk                 0                 0               0             0            0
---------------------------------------------------------------------------------------
Total               0                 0               0             0            0
---------------------------------------------------------------------------------------

Note the above table per clock tree is based on CCOpt clock tree view. The violations are counted across half corners.

Found a total of 0 clock tree pins with max capacitance violations.
Found a total of 0 clock tree nets with max resistance violations.
Found a total of 0 clock tree nets with max length violations.
Found a total of 0 clock tree nets with max fanout violations.
Found a total of 0 clock tree pins with a slew violation.

Report for clock tree: clk:
===========================

Clock Tree Gating Structure (Logical):

# Full cycle clock gates   : 0
Minimum clock gating depth : 0
Maximum clock gating depth : 0
Clock gate area (um^2)     : 0.000

Clock Tree Buffering Structure (Logical):

# Buffers             : 185
# Inverters           :   0
  Total               : 185
Minimum depth         :   7
Maximum depth         :   8
Buffering area (um^2) : 321.480

Clock Tree Level Structure (Logical):

-----------------------------------------------------------------
Level  Full   Posedge  Negedge  Memory  Enable  Non enable  Other
       Cycle  Flops    Flops    Clock   Latch   Latch       Sinks
                                Pins    Sinks   Sinks       
-----------------------------------------------------------------
root     0     2358       0       0       0         0         0
-----------------------------------------------------------------
Total    0     2358       0       0       0         0         0
-----------------------------------------------------------------

Target and measured clock slews (in ns):

--------------------------------------------------------------------------------------------------------------------------------------------
Timing Corner                      Worst Rising  Worst Falling  Worst Rising  Worst Falling  Leaf Slew    Leaf Slew  Trunk Slew   Trunk Slew
                                   Leaf Slew     Leaf Slew      Trunk Slew    Trunk Slew     Target Type  Target     Target Type  Target
--------------------------------------------------------------------------------------------------------------------------------------------
delay_corner_fft_fast:hold.early      0.081          0.082         0.101          0.101      ignored          -      ignored          -
delay_corner_fft_fast:hold.late       0.082          0.083         0.101          0.101      ignored          -      ignored          -
delay_corner_fft_slow:setup.early     0.233          0.281         0.226          0.279      ignored          -      ignored          -
delay_corner_fft_slow:setup.late      0.236          0.279         0.227          0.280      explicit      0.600     explicit      0.600
--------------------------------------------------------------------------------------------------------------------------------------------

* - indicates that target was not met.

auto extracted - target was extracted from SDC.
auto computed - target was computed when balancing trees.

