                          CONFORMAL (R)
                   Version 23.10-s300 (30-Aug-2023) (64 bit executable)
   Copyright (c) Cadence Design Systems, Inc., 1997-2023. All Rights Reserved


This program is proprietary and confidential information belonging to
Cadence Design Systems, Inc., and may be used and disclosed only as authorized
in a license agreement controlling such use and disclosure.

// Warning: This version is 739 days old. You can download the latest version from http://downloads.cadence.com.

CPU time     : 1.50    seconds
Elapse time  : 27      seconds
Memory usage : 83.53   M bytes
// Command: read library /home/vlsitech_01/training_block/Cadence-RTL-to-GDSII-Flow-main/LIB/slow_vdd1v0_basiccells.v -verilog -both; // [verilog functional model used .v]
// Parsing file /home/vlsitech_01/training_block/Cadence-RTL-to-GDSII-Flow-main/LIB/slow_vdd1v0_basiccells.v ...
// Warning: (RTL14.1) Fanout load of the signal is removed (occurrence:56)
// Warning: (VLG5.5) Internal primitive is recognized (occurrence:120)
// Warning: (VLG5.6) Named port association is ignored for primitive gate (occurrence:120)
// Warning: (IGN7.1) trireg net is modeled as a latch to hold value (occurrence:1)
// Warning: (HRC1.4) Module/entity is empty (blackboxed) (occurrence:1)
// Note: (HRC3.5b) Open output port connection is detected (occurrence:80)
// Warning: (HRC3.10b) An input port is declared, but it is not used. Module is empty (occurrence:1)
// Note: Read VERILOG library successfully
CPU time     : 1.72    seconds
Elapse time  : 29      seconds
Memory usage : 106.21  M bytes
// Command: read design  /home/vlsitech_01/training_block/Cadence-RTL-to-GDSII-Flow-main/kasro/RTL/FFT.v -verilog -golden
// Parsing file /home/vlsitech_01/training_block/Cadence-RTL-to-GDSII-Flow-main/kasro/RTL/FFT.v ...
// Parsing file /home/vlsitech_01/training_block/Cadence-RTL-to-GDSII-Flow-main/kasro/RTL/shift_16.v ...
// Parsing file /home/vlsitech_01/training_block/Cadence-RTL-to-GDSII-Flow-main/kasro/RTL/shift_8.v ...
// Parsing file /home/vlsitech_01/training_block/Cadence-RTL-to-GDSII-Flow-main/kasro/RTL/shift_4.v ...
// Parsing file /home/vlsitech_01/training_block/Cadence-RTL-to-GDSII-Flow-main/kasro/RTL/shift_2.v ...
// Parsing file /home/vlsitech_01/training_block/Cadence-RTL-to-GDSII-Flow-main/kasro/RTL/shift_1.v ...
// Parsing file /home/vlsitech_01/training_block/Cadence-RTL-to-GDSII-Flow-main/kasro/RTL/radix2.v ...
// Parsing file /home/vlsitech_01/training_block/Cadence-RTL-to-GDSII-Flow-main/kasro/RTL/ROM_16.v ...
// Parsing file /home/vlsitech_01/training_block/Cadence-RTL-to-GDSII-Flow-main/kasro/RTL/ROM_8.v ...
// Parsing file /home/vlsitech_01/training_block/Cadence-RTL-to-GDSII-Flow-main/kasro/RTL/ROM_4.v ...
// Parsing file /home/vlsitech_01/training_block/Cadence-RTL-to-GDSII-Flow-main/kasro/RTL/ROM_2.v ...
// Golden root module is set to 'FFT'
// Warning: (RTL1.5a) Assignment with RHS bit width is greater than LHS bit width (occurrence:1)
// Warning: (RTL1.5b) Potential loss of RHS msb or carry-out bit (occurrence:24)
// Warning: (RTL2.2) Variable is referenced but never assigned (occurrence:3)
// Note: (RTL5.5a) Default case item with non-X assignment(s) (occurrence:11)
// Note: (RTL5.6) Case statement with no default (occurrence:1)
// Note: (RTL5.7) Default case item with inconsistent assignment(s). (occurrence:1)
// Warning: (RTL7.11) Implicit signed expression is converted to unsigned (occurrence:16)
// Warning: (RTL7.11b) Unsigned reference with index/part selection to a signed variable (occurrence:4)
// Note: (RTL8.1) Multiple multipliers/dividers are in module/entity (occurrence:1)
// Warning: (RTL8.3) Unreachable DFF/DLAT is removed (occurrence:242)
// Warning: (RTL14.1) Fanout load of the signal is removed (occurrence:36)
// Note: (HRC3.5b) Open output port connection is detected (occurrence:1)
// Warning: (HRC3.16) A wire is declared, but not used in the module (occurrence:5)
// Warning: There are 3 undriven nets in Golden
// Note: Read VERILOG design successfully
CPU time     : 2.23    seconds
Elapse time  : 35      seconds
Memory usage : 133.31  M bytes
// Command: read design  /home/vlsitech_01/training_block/Cadence-RTL-to-GDSII-Flow-main/kasro/FFT/SYN/outputs/FFT_netlist.v -verilog -revised
// Parsing file /home/vlsitech_01/training_block/Cadence-RTL-to-GDSII-Flow-main/kasro/FFT/SYN/outputs/FFT_netlist.v ...
// Revised root module is set to 'FFT'
// Warning: (RTL14) Signal has input but it has no output (occurrence:301)
// Note: Read VERILOG design successfully
CPU time     : 3.62    seconds
Elapse time  : 40      seconds
Memory usage : 147.21  M bytes
// Command: add pin constraints 0 SE  -revised
// Warning: 'SE' is not a primary input in module 'FFT' in Revised
// Warning: No pin constraint is added in Revised
// Command: add ignored inputs scan_in -revised
// Warning: 'scan_in' is not a primary input in module 'FFT' in Revised
// Warning: No ignored pin is added in Revised
// Command: add ignored outputs scan_out -revised
// Warning: 'scan_out' is not a primary output in module 'FFT' in Revised
// Warning: No ignored pin is added in Revised
// Command: set system mode lec
// Processing Golden ...
// Modeling Golden ...
// (F32) Created 3 Z gate(s) for floating net(s) and floating pin(s)
// Processing Revised ...
// Modeling Revised ...
CPU time     : 6.75    seconds
Elapse time  : 51      seconds
Memory usage : 204.21  M bytes
// Warning: Golden and Revised have different numbers of key points:
// Golden  key points = 2710
// Revised key points = 2418
// Mapping key points ...
// Warning: Golden has 292 unmapped key points
================================================================================
Mapped points: SYSTEM class
--------------------------------------------------------------------------------
Mapped points     PI     PO     DFF       Total   
--------------------------------------------------------------------------------
Golden            27     33     2358      2418    
--------------------------------------------------------------------------------
Revised           27     33     2358      2418    
================================================================================
Unmapped points:
================================================================================
Golden:
--------------------------------------------------------------------------------
Unmapped points   DFF    Z         Total   
--------------------------------------------------------------------------------
Not-mapped        289    3         292     
================================================================================
// Warning: Key point mapping is incomplete
CPU time     : 7.17    seconds
Elapse time  : 52      seconds
Memory usage : 205.07  M bytes
// Command: add compared point -all
// Warning: Golden has 289 unmapped key points which will not be compared
// 2391 compared points added to compare list
// Command: compare
================================================================================
Compared points      PO     DFF       Total   
--------------------------------------------------------------------------------
Equivalent           33     1047      1080    
--------------------------------------------------------------------------------
Non-equivalent       0      1311      1311    
================================================================================
CPU time     : 20.41   seconds
Elapse time  : 68      seconds
Memory usage : 351.62  M bytes
