###############################################################
#  Generated by:      Cadence Innovus 22.10-p001_1
#  OS:                Linux x86_64(Host ID vlsicad)
#  Generated on:      Wed Oct  8 16:40:46 2025
#  Design:            FFT
#  Command:           checkPinAssignment
###############################################################

Start Checking pins of top cell: [FFT] 
Summary report for top level: [FFT] 
	Total Pins                         : 60
	Legally Assigned Pins              : 60
End of Summary report
End Checking pins of top cell: [FFT] 


===========================================================================================================================
                                                checkPinAssignment Summary
===========================================================================================================================
Partition   | pads  | pins   | legal  | illegal | internal | internal illegal | FT     | FT illegal | constant | unplaced |
===========================================================================================================================
FFT         |     0 |     60 |     60 |       0 |        0 |                0 |      0 |          0 |        0 |        0 |
===========================================================================================================================
TOTAL       |     0 |     60 |     60 |       0 |        0 |                0 |      0 |          0 |        0 |        0 |
===========================================================================================================================
